<?xml version="1.0" encoding="utf-8"?>
<outputLog>
  <ApplicationId>a69e0287-59a0-48ac-a257-010f24d26af3</ApplicationId>
  <FileLogs>
    <FileLog>
      <ProjectId>343420ef-9968-403c-8d7c-ca4e95d2a857</ProjectId>
      <CorrelationId>Intent.VisualStudio.Projects.CoreWeb.AppSettings-Default#343420ef-9968-403c-8d7c-ca4e95d2a857</CorrelationId>
      <OverwriteBehaviour>always</OverwriteBehaviour>
      <ApplicationRelativeFilePath>../../src/eShop.Ordering.Api/appsettings.json</ApplicationRelativeFilePath>
      <ProjectRelativeFilePath>appsettings.json</ProjectRelativeFilePath>
      <IsIgnored>false</IsIgnored>
    </FileLog>
    <FileLog>
      <ProjectId>6c699027-ab76-4d0d-9efa-bc2b2fec4ec0</ProjectId>
      <CorrelationId>Intent.Application.Identity.ApplicationSecurityConfiguration</CorrelationId>
      <OverwriteBehaviour>always</OverwriteBehaviour>
      <ApplicationRelativeFilePath>../../src/eShop.Ordering.Api/Configuration/ApplicationSecurityConfiguration.cs</ApplicationRelativeFilePath>
      <ProjectRelativeFilePath>ApplicationSecurityConfiguration.cs</ProjectRelativeFilePath>
      <IsIgnored>false</IsIgnored>
    </FileLog>
    <FileLog>
      <ProjectId>6c699027-ab76-4d0d-9efa-bc2b2fec4ec0</ProjectId>
      <CorrelationId>Intent.AspNetCore.Cors.CorsConfiguration</CorrelationId>
      <OverwriteBehaviour>always</OverwriteBehaviour>
      <ApplicationRelativeFilePath>../../src/eShop.Ordering.Api/Configuration/CorsConfiguration.cs</ApplicationRelativeFilePath>
      <ProjectRelativeFilePath>CorsConfiguration.cs</ProjectRelativeFilePath>
      <IsIgnored>false</IsIgnored>
    </FileLog>
    <FileLog>
      <ProjectId>6c699027-ab76-4d0d-9efa-bc2b2fec4ec0</ProjectId>
      <CorrelationId>Intent.AspNetCore.ProblemDetailsConfiguration</CorrelationId>
      <OverwriteBehaviour>always</OverwriteBehaviour>
      <ApplicationRelativeFilePath>../../src/eShop.Ordering.Api/Configuration/ProblemDetailsConfiguration.cs</ApplicationRelativeFilePath>
      <ProjectRelativeFilePath>ProblemDetailsConfiguration.cs</ProjectRelativeFilePath>
      <IsIgnored>false</IsIgnored>
    </FileLog>
    <FileLog>
      <ProjectId>6c699027-ab76-4d0d-9efa-bc2b2fec4ec0</ProjectId>
      <CorrelationId>Intent.AspNetCore.Swashbuckle.SwashbuckleConfiguration</CorrelationId>
      <OverwriteBehaviour>always</OverwriteBehaviour>
      <ApplicationRelativeFilePath>../../src/eShop.Ordering.Api/Configuration/SwashbuckleConfiguration.cs</ApplicationRelativeFilePath>
      <ProjectRelativeFilePath>SwashbuckleConfiguration.cs</ProjectRelativeFilePath>
      <IsIgnored>false</IsIgnored>
    </FileLog>
    <FileLog>
      <ProjectId>60fa7ed5-2013-4c60-a363-8e23484b29e8</ProjectId>
      <CorrelationId>Intent.AspNetCore.Controllers.Controller#6ee622fa-aea6-41b9-ab1e-d14792c29bc7</CorrelationId>
      <OverwriteBehaviour>always</OverwriteBehaviour>
      <ApplicationRelativeFilePath>../../src/eShop.Ordering.Api/Controllers/OrdersController.cs</ApplicationRelativeFilePath>
      <ProjectRelativeFilePath>OrdersController.cs</ProjectRelativeFilePath>
      <IsIgnored>false</IsIgnored>
    </FileLog>
    <FileLog>
      <ProjectId>67285fe2-d88c-4aa6-a0ca-8e2f96035b1a</ProjectId>
      <CorrelationId>Intent.AspNetCore.Controllers.JsonResponse</CorrelationId>
      <OverwriteBehaviour>always</OverwriteBehaviour>
      <ApplicationRelativeFilePath>../../src/eShop.Ordering.Api/Controllers/ResponseTypes/JsonResponse.cs</ApplicationRelativeFilePath>
      <ProjectRelativeFilePath>JsonResponse.cs</ProjectRelativeFilePath>
      <IsIgnored>false</IsIgnored>
    </FileLog>
    <FileLog>
      <ProjectId>343420ef-9968-403c-8d7c-ca4e95d2a857</ProjectId>
      <CorrelationId>Intent.VisualStudio.Projects.CSharpProject#343420ef-9968-403c-8d7c-ca4e95d2a857</CorrelationId>
      <OverwriteBehaviour>always</OverwriteBehaviour>
      <ApplicationRelativeFilePath>../../src/eShop.Ordering.Api/eShop.Ordering.Api.csproj</ApplicationRelativeFilePath>
      <ProjectRelativeFilePath>eShop.Ordering.Api.csproj</ProjectRelativeFilePath>
      <IsIgnored>false</IsIgnored>
    </FileLog>
    <FileLog>
      <ProjectId>f08b3ce8-5022-493d-8518-90317dd7ebcc</ProjectId>
      <CorrelationId>Intent.AspNetCore.Swashbuckle.Security.AuthorizeCheckOperationFilter</CorrelationId>
      <OverwriteBehaviour>always</OverwriteBehaviour>
      <ApplicationRelativeFilePath>../../src/eShop.Ordering.Api/Filters/AuthorizeCheckOperationFilter.cs</ApplicationRelativeFilePath>
      <ProjectRelativeFilePath>AuthorizeCheckOperationFilter.cs</ProjectRelativeFilePath>
      <IsIgnored>false</IsIgnored>
    </FileLog>
    <FileLog>
      <ProjectId>f08b3ce8-5022-493d-8518-90317dd7ebcc</ProjectId>
      <CorrelationId>Intent.AspNetCore.Controllers.ExceptionFilter</CorrelationId>
      <OverwriteBehaviour>always</OverwriteBehaviour>
      <ApplicationRelativeFilePath>../../src/eShop.Ordering.Api/Filters/ExceptionFilter.cs</ApplicationRelativeFilePath>
      <ProjectRelativeFilePath>ExceptionFilter.cs</ProjectRelativeFilePath>
      <IsIgnored>false</IsIgnored>
    </FileLog>
    <FileLog>
      <ProjectId>f08b3ce8-5022-493d-8518-90317dd7ebcc</ProjectId>
      <CorrelationId>Intent.AspNetCore.Swashbuckle.TypeSchemaFilter</CorrelationId>
      <OverwriteBehaviour>always</OverwriteBehaviour>
      <ApplicationRelativeFilePath>../../src/eShop.Ordering.Api/Filters/TypeSchemaFilter.cs</ApplicationRelativeFilePath>
      <ProjectRelativeFilePath>TypeSchemaFilter.cs</ProjectRelativeFilePath>
      <IsIgnored>false</IsIgnored>
    </FileLog>
    <FileLog>
      <ProjectId>ad367297-e978-4461-a619-54a5db8ee495</ProjectId>
      <CorrelationId>Intent.Modules.AspNetCore.Logging.Serilog.BoundedLoggingDestructuringPolicyTemplate</CorrelationId>
      <OverwriteBehaviour>always</OverwriteBehaviour>
      <ApplicationRelativeFilePath>../../src/eShop.Ordering.Api/Logging/BoundedLoggingDestructuringPolicy.cs</ApplicationRelativeFilePath>
      <ProjectRelativeFilePath>BoundedLoggingDestructuringPolicy.cs</ProjectRelativeFilePath>
      <IsIgnored>false</IsIgnored>
    </FileLog>
    <FileLog>
      <ProjectId>343420ef-9968-403c-8d7c-ca4e95d2a857</ProjectId>
      <CorrelationId>Intent.AspNetCore.Program</CorrelationId>
      <OverwriteBehaviour>always</OverwriteBehaviour>
      <ApplicationRelativeFilePath>../../src/eShop.Ordering.Api/Program.cs</ApplicationRelativeFilePath>
      <ProjectRelativeFilePath>Program.cs</ProjectRelativeFilePath>
      <IsIgnored>false</IsIgnored>
    </FileLog>
    <FileLog>
      <ProjectId>343420ef-9968-403c-8d7c-ca4e95d2a857</ProjectId>
      <CorrelationId>Intent.VisualStudio.Projects.CoreWeb.LaunchSettings#343420ef-9968-403c-8d7c-ca4e95d2a857</CorrelationId>
      <OverwriteBehaviour>always</OverwriteBehaviour>
      <ApplicationRelativeFilePath>../../src/eShop.Ordering.Api/Properties/launchSettings.json</ApplicationRelativeFilePath>
      <ProjectRelativeFilePath>Properties/launchSettings.json</ProjectRelativeFilePath>
      <IsIgnored>false</IsIgnored>
    </FileLog>
    <FileLog>
      <ProjectId>26a03b87-a201-4228-995a-fefd937c5f78</ProjectId>
      <CorrelationId>Intent.Application.Identity.CurrentUserService</CorrelationId>
      <OverwriteBehaviour>always</OverwriteBehaviour>
      <ApplicationRelativeFilePath>../../src/eShop.Ordering.Api/Services/CurrentUserService.cs</ApplicationRelativeFilePath>
      <ProjectRelativeFilePath>CurrentUserService.cs</ProjectRelativeFilePath>
      <IsIgnored>false</IsIgnored>
    </FileLog>
    <FileLog>
      <ProjectId>343420ef-9968-403c-8d7c-ca4e95d2a857</ProjectId>
      <CorrelationId>Intent.AspNetCore.Startup</CorrelationId>
      <OverwriteBehaviour>always</OverwriteBehaviour>
      <ApplicationRelativeFilePath>../../src/eShop.Ordering.Api/Startup.cs</ApplicationRelativeFilePath>
      <ProjectRelativeFilePath>Startup.cs</ProjectRelativeFilePath>
      <IsIgnored>false</IsIgnored>
    </FileLog>
    <FileLog>
      <ProjectId>ee75cde6-ec54-4da0-9c8e-0f30f503590b</ProjectId>
      <CorrelationId>Intent.Eventing.Contracts.AssemblyAttributes</CorrelationId>
      <OverwriteBehaviour>always</OverwriteBehaviour>
      <ApplicationRelativeFilePath>../../src/eShop.Ordering.Application/AssemblyAttributes.cs</ApplicationRelativeFilePath>
      <ProjectRelativeFilePath>AssemblyAttributes.cs</ProjectRelativeFilePath>
      <IsIgnored>false</IsIgnored>
    </FileLog>
    <FileLog>
      <ProjectId>f5df569f-b7a2-434d-ab2d-b0c75c133439</ProjectId>
      <CorrelationId>Intent.Application.MediatR.Behaviours.AuthorizationBehaviour</CorrelationId>
      <OverwriteBehaviour>always</OverwriteBehaviour>
      <ApplicationRelativeFilePath>../../src/eShop.Ordering.Application/Common/Behaviours/AuthorizationBehaviour.cs</ApplicationRelativeFilePath>
      <ProjectRelativeFilePath>AuthorizationBehaviour.cs</ProjectRelativeFilePath>
      <IsIgnored>false</IsIgnored>
    </FileLog>
    <FileLog>
      <ProjectId>f5df569f-b7a2-434d-ab2d-b0c75c133439</ProjectId>
      <CorrelationId>Intent.Application.MediatR.Behaviours.EventBusPublishBehaviour</CorrelationId>
      <OverwriteBehaviour>always</OverwriteBehaviour>
      <ApplicationRelativeFilePath>../../src/eShop.Ordering.Application/Common/Behaviours/EventBusPublishBehaviour.cs</ApplicationRelativeFilePath>
      <ProjectRelativeFilePath>EventBusPublishBehaviour.cs</ProjectRelativeFilePath>
      <IsIgnored>false</IsIgnored>
    </FileLog>
    <FileLog>
      <ProjectId>f5df569f-b7a2-434d-ab2d-b0c75c133439</ProjectId>
      <CorrelationId>Intent.Application.MediatR.Behaviours.LoggingBehaviour</CorrelationId>
      <OverwriteBehaviour>always</OverwriteBehaviour>
      <ApplicationRelativeFilePath>../../src/eShop.Ordering.Application/Common/Behaviours/LoggingBehaviour.cs</ApplicationRelativeFilePath>
      <ProjectRelativeFilePath>LoggingBehaviour.cs</ProjectRelativeFilePath>
      <IsIgnored>false</IsIgnored>
    </FileLog>
    <FileLog>
      <ProjectId>f5df569f-b7a2-434d-ab2d-b0c75c133439</ProjectId>
      <CorrelationId>Intent.Application.MediatR.Behaviours.PerformanceBehaviour</CorrelationId>
      <OverwriteBehaviour>always</OverwriteBehaviour>
      <ApplicationRelativeFilePath>../../src/eShop.Ordering.Application/Common/Behaviours/PerformanceBehaviour.cs</ApplicationRelativeFilePath>
      <ProjectRelativeFilePath>PerformanceBehaviour.cs</ProjectRelativeFilePath>
      <IsIgnored>false</IsIgnored>
    </FileLog>
    <FileLog>
      <ProjectId>f5df569f-b7a2-434d-ab2d-b0c75c133439</ProjectId>
      <CorrelationId>Intent.Application.MediatR.Behaviours.UnhandledExceptionBehaviour</CorrelationId>
      <OverwriteBehaviour>always</OverwriteBehaviour>
      <ApplicationRelativeFilePath>../../src/eShop.Ordering.Application/Common/Behaviours/UnhandledExceptionBehaviour.cs</ApplicationRelativeFilePath>
      <ProjectRelativeFilePath>UnhandledExceptionBehaviour.cs</ProjectRelativeFilePath>
      <IsIgnored>false</IsIgnored>
    </FileLog>
    <FileLog>
      <ProjectId>f5df569f-b7a2-434d-ab2d-b0c75c133439</ProjectId>
      <CorrelationId>Intent.Application.MediatR.Behaviours.UnitOfWorkBehaviour</CorrelationId>
      <OverwriteBehaviour>always</OverwriteBehaviour>
      <ApplicationRelativeFilePath>../../src/eShop.Ordering.Application/Common/Behaviours/UnitOfWorkBehaviour.cs</ApplicationRelativeFilePath>
      <ProjectRelativeFilePath>UnitOfWorkBehaviour.cs</ProjectRelativeFilePath>
      <IsIgnored>false</IsIgnored>
    </FileLog>
    <FileLog>
      <ProjectId>f5df569f-b7a2-434d-ab2d-b0c75c133439</ProjectId>
      <CorrelationId>Intent.Application.MediatR.FluentValidation.ValidationBehaviour</CorrelationId>
      <OverwriteBehaviour>always</OverwriteBehaviour>
      <ApplicationRelativeFilePath>../../src/eShop.Ordering.Application/Common/Behaviours/ValidationBehaviour.cs</ApplicationRelativeFilePath>
      <ProjectRelativeFilePath>ValidationBehaviour.cs</ProjectRelativeFilePath>
      <IsIgnored>false</IsIgnored>
    </FileLog>
    <FileLog>
      <ProjectId>7a6942e9-165d-4521-ada0-5133aeff29bf</ProjectId>
      <CorrelationId>Intent.Eventing.Contracts.EventBusInterface</CorrelationId>
      <OverwriteBehaviour>always</OverwriteBehaviour>
      <ApplicationRelativeFilePath>../../src/eShop.Ordering.Application/Common/Eventing/IEventBus.cs</ApplicationRelativeFilePath>
      <ProjectRelativeFilePath>IEventBus.cs</ProjectRelativeFilePath>
      <IsIgnored>false</IsIgnored>
    </FileLog>
    <FileLog>
      <ProjectId>7a6942e9-165d-4521-ada0-5133aeff29bf</ProjectId>
      <CorrelationId>Intent.Eventing.Contracts.IntegrationEventHandlerInterface</CorrelationId>
      <OverwriteBehaviour>always</OverwriteBehaviour>
      <ApplicationRelativeFilePath>../../src/eShop.Ordering.Application/Common/Eventing/IIntegrationEventHandler.cs</ApplicationRelativeFilePath>
      <ProjectRelativeFilePath>IIntegrationEventHandler.cs</ProjectRelativeFilePath>
      <IsIgnored>false</IsIgnored>
    </FileLog>
    <FileLog>
      <ProjectId>b1e16bf4-be41-44c8-9d29-bc8a5b3269d2</ProjectId>
      <CorrelationId>Intent.Application.Identity.ForbiddenAccessException</CorrelationId>
      <OverwriteBehaviour>always</OverwriteBehaviour>
      <ApplicationRelativeFilePath>../../src/eShop.Ordering.Application/Common/Exceptions/ForbiddenAccessException.cs</ApplicationRelativeFilePath>
      <ProjectRelativeFilePath>ForbiddenAccessException.cs</ProjectRelativeFilePath>
      <IsIgnored>false</IsIgnored>
    </FileLog>
    <FileLog>
      <ProjectId>08ad81e4-3bdd-4cfa-a74f-d84d45d0b1d1</ProjectId>
      <CorrelationId>Intent.Application.MediatR.CommandInterface</CorrelationId>
      <OverwriteBehaviour>always</OverwriteBehaviour>
      <ApplicationRelativeFilePath>../../src/eShop.Ordering.Application/Common/Interfaces/ICommand.cs</ApplicationRelativeFilePath>
      <ProjectRelativeFilePath>ICommand.cs</ProjectRelativeFilePath>
      <IsIgnored>false</IsIgnored>
    </FileLog>
    <FileLog>
      <ProjectId>08ad81e4-3bdd-4cfa-a74f-d84d45d0b1d1</ProjectId>
      <CorrelationId>Intent.Application.Identity.CurrentUserInterface</CorrelationId>
      <OverwriteBehaviour>always</OverwriteBehaviour>
      <ApplicationRelativeFilePath>../../src/eShop.Ordering.Application/Common/Interfaces/ICurrentUser.cs</ApplicationRelativeFilePath>
      <ProjectRelativeFilePath>ICurrentUser.cs</ProjectRelativeFilePath>
      <IsIgnored>false</IsIgnored>
    </FileLog>
    <FileLog>
      <ProjectId>08ad81e4-3bdd-4cfa-a74f-d84d45d0b1d1</ProjectId>
      <CorrelationId>Intent.Application.Identity.CurrentUserServiceInterface</CorrelationId>
      <OverwriteBehaviour>always</OverwriteBehaviour>
      <ApplicationRelativeFilePath>../../src/eShop.Ordering.Application/Common/Interfaces/ICurrentUserService.cs</ApplicationRelativeFilePath>
      <ProjectRelativeFilePath>ICurrentUserService.cs</ProjectRelativeFilePath>
      <IsIgnored>false</IsIgnored>
    </FileLog>
    <FileLog>
      <ProjectId>08ad81e4-3bdd-4cfa-a74f-d84d45d0b1d1</ProjectId>
      <CorrelationId>Intent.DomainEvents.DomainEventServiceInterface</CorrelationId>
      <OverwriteBehaviour>always</OverwriteBehaviour>
      <ApplicationRelativeFilePath>../../src/eShop.Ordering.Application/Common/Interfaces/IDomainEventService.cs</ApplicationRelativeFilePath>
      <ProjectRelativeFilePath>IDomainEventService.cs</ProjectRelativeFilePath>
      <IsIgnored>false</IsIgnored>
    </FileLog>
    <FileLog>
      <ProjectId>08ad81e4-3bdd-4cfa-a74f-d84d45d0b1d1</ProjectId>
      <CorrelationId>Intent.Application.MediatR.QueryInterface</CorrelationId>
      <OverwriteBehaviour>always</OverwriteBehaviour>
      <ApplicationRelativeFilePath>../../src/eShop.Ordering.Application/Common/Interfaces/IQuery.cs</ApplicationRelativeFilePath>
      <ProjectRelativeFilePath>IQuery.cs</ProjectRelativeFilePath>
      <IsIgnored>false</IsIgnored>
    </FileLog>
    <FileLog>
      <ProjectId>19511d30-5a07-4bb7-8a15-6d6d982874f0</ProjectId>
      <CorrelationId>Intent.Application.AutoMapper.MapFromInterface</CorrelationId>
      <OverwriteBehaviour>always</OverwriteBehaviour>
      <ApplicationRelativeFilePath>../../src/eShop.Ordering.Application/Common/Mappings/IMapFrom.cs</ApplicationRelativeFilePath>
      <ProjectRelativeFilePath>IMapFrom.cs</ProjectRelativeFilePath>
      <IsIgnored>false</IsIgnored>
    </FileLog>
    <FileLog>
      <ProjectId>19511d30-5a07-4bb7-8a15-6d6d982874f0</ProjectId>
      <CorrelationId>Intent.Application.AutoMapper.MappingProfile</CorrelationId>
      <OverwriteBehaviour>always</OverwriteBehaviour>
      <ApplicationRelativeFilePath>../../src/eShop.Ordering.Application/Common/Mappings/MappingProfile.cs</ApplicationRelativeFilePath>
      <ProjectRelativeFilePath>MappingProfile.cs</ProjectRelativeFilePath>
      <IsIgnored>false</IsIgnored>
    </FileLog>
    <FileLog>
      <ProjectId>27dcf878-08ae-4b97-bc3a-2f59fa800af7</ProjectId>
      <CorrelationId>Intent.MediatR.DomainEvents.DomainEventNotification</CorrelationId>
      <OverwriteBehaviour>always</OverwriteBehaviour>
      <ApplicationRelativeFilePath>../../src/eShop.Ordering.Application/Common/Models/DomainEventNotification.cs</ApplicationRelativeFilePath>
      <ProjectRelativeFilePath>DomainEventNotification.cs</ProjectRelativeFilePath>
      <IsIgnored>false</IsIgnored>
    </FileLog>
    <FileLog>
      <ProjectId>27dcf878-08ae-4b97-bc3a-2f59fa800af7</ProjectId>
      <CorrelationId>Intent.Application.Identity.ResultModel</CorrelationId>
      <OverwriteBehaviour>always</OverwriteBehaviour>
      <ApplicationRelativeFilePath>../../src/eShop.Ordering.Application/Common/Models/Result.cs</ApplicationRelativeFilePath>
      <ProjectRelativeFilePath>Result.cs</ProjectRelativeFilePath>
      <IsIgnored>false</IsIgnored>
    </FileLog>
    <FileLog>
      <ProjectId>0ffe08fb-3a3d-44bf-b1cd-94b369ba17b9</ProjectId>
      <CorrelationId>Intent.EntityFrameworkCore.PagedList</CorrelationId>
      <OverwriteBehaviour>always</OverwriteBehaviour>
      <ApplicationRelativeFilePath>../../src/eShop.Ordering.Application/Common/Pagination/PagedList.cs</ApplicationRelativeFilePath>
      <ProjectRelativeFilePath>PagedList.cs</ProjectRelativeFilePath>
      <IsIgnored>false</IsIgnored>
    </FileLog>
    <FileLog>
      <ProjectId>0ffe08fb-3a3d-44bf-b1cd-94b369ba17b9</ProjectId>
      <CorrelationId>Intent.Application.Dtos.Pagination.PagedResult</CorrelationId>
      <OverwriteBehaviour>always</OverwriteBehaviour>
      <ApplicationRelativeFilePath>../../src/eShop.Ordering.Application/Common/Pagination/PagedResult.cs</ApplicationRelativeFilePath>
      <ProjectRelativeFilePath>PagedResult.cs</ProjectRelativeFilePath>
      <IsIgnored>false</IsIgnored>
    </FileLog>
    <FileLog>
      <ProjectId>0ffe08fb-3a3d-44bf-b1cd-94b369ba17b9</ProjectId>
      <CorrelationId>Intent.Application.Dtos.Pagination.PagedResultMappingExtensions</CorrelationId>
      <OverwriteBehaviour>always</OverwriteBehaviour>
      <ApplicationRelativeFilePath>../../src/eShop.Ordering.Application/Common/Pagination/PagedResultMappingExtensions.cs</ApplicationRelativeFilePath>
      <ProjectRelativeFilePath>PagedResultMappingExtensions.cs</ProjectRelativeFilePath>
      <IsIgnored>false</IsIgnored>
    </FileLog>
    <FileLog>
      <ProjectId>7e363378-5eaf-4dcd-a448-d5bf0ade8e78</ProjectId>
      <CorrelationId>Intent.Application.Identity.AuthorizeAttribute</CorrelationId>
      <OverwriteBehaviour>always</OverwriteBehaviour>
      <ApplicationRelativeFilePath>../../src/eShop.Ordering.Application/Common/Security/AuthorizeAttribute.cs</ApplicationRelativeFilePath>
      <ProjectRelativeFilePath>AuthorizeAttribute.cs</ProjectRelativeFilePath>
      <IsIgnored>false</IsIgnored>
    </FileLog>
    <FileLog>
      <ProjectId>6e3481fd-1dc0-417c-a829-22f8c2475da4</ProjectId>
      <CorrelationId>Intent.Application.FluentValidation.Dtos.ValidationServiceInterface</CorrelationId>
      <OverwriteBehaviour>always</OverwriteBehaviour>
      <ApplicationRelativeFilePath>../../src/eShop.Ordering.Application/Common/Validation/IValidationService.cs</ApplicationRelativeFilePath>
      <ProjectRelativeFilePath>IValidationService.cs</ProjectRelativeFilePath>
      <IsIgnored>false</IsIgnored>
    </FileLog>
    <FileLog>
      <ProjectId>6e3481fd-1dc0-417c-a829-22f8c2475da4</ProjectId>
      <CorrelationId>Intent.Application.FluentValidation.Dtos.ValidatorProviderInterface</CorrelationId>
      <OverwriteBehaviour>always</OverwriteBehaviour>
      <ApplicationRelativeFilePath>../../src/eShop.Ordering.Application/Common/Validation/IValidatorProvider.cs</ApplicationRelativeFilePath>
      <ProjectRelativeFilePath>IValidatorProvider.cs</ProjectRelativeFilePath>
      <IsIgnored>false</IsIgnored>
    </FileLog>
    <FileLog>
      <ProjectId>6e3481fd-1dc0-417c-a829-22f8c2475da4</ProjectId>
      <CorrelationId>Intent.Application.FluentValidation.Dtos.ValidationService</CorrelationId>
      <OverwriteBehaviour>always</OverwriteBehaviour>
      <ApplicationRelativeFilePath>../../src/eShop.Ordering.Application/Common/Validation/ValidationService.cs</ApplicationRelativeFilePath>
      <ProjectRelativeFilePath>ValidationService.cs</ProjectRelativeFilePath>
      <IsIgnored>false</IsIgnored>
    </FileLog>
    <FileLog>
      <ProjectId>6e3481fd-1dc0-417c-a829-22f8c2475da4</ProjectId>
      <CorrelationId>Intent.Application.FluentValidation.Dtos.ValidatorProvider</CorrelationId>
      <OverwriteBehaviour>always</OverwriteBehaviour>
      <ApplicationRelativeFilePath>../../src/eShop.Ordering.Application/Common/Validation/ValidatorProvider.cs</ApplicationRelativeFilePath>
      <ProjectRelativeFilePath>ValidatorProvider.cs</ProjectRelativeFilePath>
      <IsIgnored>false</IsIgnored>
    </FileLog>
    <FileLog>
      <ProjectId>ee75cde6-ec54-4da0-9c8e-0f30f503590b</ProjectId>
      <CorrelationId>Intent.Application.DependencyInjection.DependencyInjection</CorrelationId>
      <OverwriteBehaviour>always</OverwriteBehaviour>
      <ApplicationRelativeFilePath>../../src/eShop.Ordering.Application/DependencyInjection.cs</ApplicationRelativeFilePath>
      <ProjectRelativeFilePath>DependencyInjection.cs</ProjectRelativeFilePath>
      <IsIgnored>false</IsIgnored>
    </FileLog>
    <FileLog>
      <ProjectId>ee75cde6-ec54-4da0-9c8e-0f30f503590b</ProjectId>
      <CorrelationId>Intent.VisualStudio.Projects.CSharpProject#ee75cde6-ec54-4da0-9c8e-0f30f503590b</CorrelationId>
      <OverwriteBehaviour>always</OverwriteBehaviour>
      <ApplicationRelativeFilePath>../../src/eShop.Ordering.Application/eShop.Ordering.Application.csproj</ApplicationRelativeFilePath>
      <ProjectRelativeFilePath>eShop.Ordering.Application.csproj</ProjectRelativeFilePath>
      <IsIgnored>false</IsIgnored>
    </FileLog>
    <FileLog>
      <ProjectId>138e4dea-f787-471f-ac03-a12cfc77858b</ProjectId>
      <CorrelationId>Intent.MediatR.DomainEvents.DomainEventHandler#c439bdc1-3aac-4cc1-81f5-6149e9942b85</CorrelationId>
      <OverwriteBehaviour>always</OverwriteBehaviour>
      <ApplicationRelativeFilePath>../../src/eShop.Ordering.Application/EventHandlers/OrderCancelledDomainEventHandler.cs</ApplicationRelativeFilePath>
      <ProjectRelativeFilePath>OrderCancelledDomainEventHandler.cs</ProjectRelativeFilePath>
      <IsIgnored>false</IsIgnored>
    </FileLog>
    <FileLog>
      <ProjectId>138e4dea-f787-471f-ac03-a12cfc77858b</ProjectId>
      <CorrelationId>Intent.MediatR.DomainEvents.DomainEventHandler#52b0978b-ffbd-4946-99c3-880f90c2cbe6</CorrelationId>
      <OverwriteBehaviour>always</OverwriteBehaviour>
      <ApplicationRelativeFilePath>../../src/eShop.Ordering.Application/EventHandlers/OrderShippedDomainEventHandler.cs</ApplicationRelativeFilePath>
      <ProjectRelativeFilePath>OrderShippedDomainEventHandler.cs</ProjectRelativeFilePath>
      <IsIgnored>false</IsIgnored>
    </FileLog>
    <FileLog>
      <ProjectId>138e4dea-f787-471f-ac03-a12cfc77858b</ProjectId>
      <CorrelationId>Intent.MediatR.DomainEvents.DomainEventHandler#81276f45-2593-43ae-9d2c-15e3beca0ee5</CorrelationId>
      <OverwriteBehaviour>always</OverwriteBehaviour>
      <ApplicationRelativeFilePath>../../src/eShop.Ordering.Application/EventHandlers/OrderStatusChangedToAwaitingValidationDomainEventHandler.cs</ApplicationRelativeFilePath>
      <ProjectRelativeFilePath>OrderStatusChangedToAwaitingValidationDomainEventHandler.cs</ProjectRelativeFilePath>
      <IsIgnored>false</IsIgnored>
    </FileLog>
    <FileLog>
      <ProjectId>138e4dea-f787-471f-ac03-a12cfc77858b</ProjectId>
      <CorrelationId>Intent.MediatR.DomainEvents.DomainEventHandler#6e4ec40e-5f66-4a16-9432-3103663c7acd</CorrelationId>
      <OverwriteBehaviour>always</OverwriteBehaviour>
      <ApplicationRelativeFilePath>../../src/eShop.Ordering.Application/EventHandlers/OrderStatusChangedToStockConfirmedDomainEventHandler.cs</ApplicationRelativeFilePath>
      <ProjectRelativeFilePath>OrderStatusChangedToStockConfirmedDomainEventHandler.cs</ProjectRelativeFilePath>
      <IsIgnored>false</IsIgnored>
    </FileLog>
    <FileLog>
      <ProjectId>138e4dea-f787-471f-ac03-a12cfc77858b</ProjectId>
      <CorrelationId>Intent.MediatR.DomainEvents.DomainEventHandler#ee8d8af9-4c19-4b6d-b7a9-6eff718a721d</CorrelationId>
      <OverwriteBehaviour>always</OverwriteBehaviour>
      <ApplicationRelativeFilePath>../../src/eShop.Ordering.Application/EventHandlers/ValidateOrAddBuyerAggregateWhenOrderStartedDomainEventHandler.cs</ApplicationRelativeFilePath>
      <ProjectRelativeFilePath>ValidateOrAddBuyerAggregateWhenOrderStartedDomainEventHandler.cs</ProjectRelativeFilePath>
      <IsIgnored>false</IsIgnored>
    </FileLog>
    <FileLog>
      <ProjectId>870e6272-8156-478f-a32b-2c6256520e2a</ProjectId>
      <CorrelationId>Intent.Eventing.Contracts.IntegrationEventDto#a7b32795-65de-43cb-b5f8-0fd3442780f3</CorrelationId>
      <OverwriteBehaviour>always</OverwriteBehaviour>
      <ApplicationRelativeFilePath>../../src/eShop.Ordering.Application/IntegrationEvents/BasketItem.cs</ApplicationRelativeFilePath>
      <ProjectRelativeFilePath>BasketItem.cs</ProjectRelativeFilePath>
      <IsIgnored>false</IsIgnored>
    </FileLog>
    <FileLog>
      <ProjectId>870e6272-8156-478f-a32b-2c6256520e2a</ProjectId>
      <CorrelationId>Intent.Eventing.Contracts.IntegrationEventDto#4cf7bf10-021e-479a-a55d-3c301dcb585e</CorrelationId>
      <OverwriteBehaviour>always</OverwriteBehaviour>
      <ApplicationRelativeFilePath>../../src/eShop.Ordering.Application/IntegrationEvents/ConfirmedOrderStockItem.cs</ApplicationRelativeFilePath>
      <ProjectRelativeFilePath>ConfirmedOrderStockItem.cs</ProjectRelativeFilePath>
      <IsIgnored>false</IsIgnored>
    </FileLog>
    <FileLog>
      <ProjectId>870e6272-8156-478f-a32b-2c6256520e2a</ProjectId>
      <CorrelationId>Intent.Eventing.Contracts.IntegrationEventDto#ff0e06a3-bce8-4ae7-95bd-87651a5e3ad6</CorrelationId>
      <OverwriteBehaviour>always</OverwriteBehaviour>
      <ApplicationRelativeFilePath>../../src/eShop.Ordering.Application/IntegrationEvents/CustomerBasket.cs</ApplicationRelativeFilePath>
      <ProjectRelativeFilePath>CustomerBasket.cs</ProjectRelativeFilePath>
      <IsIgnored>false</IsIgnored>
    </FileLog>
    <FileLog>
      <ProjectId>e1e9ad9e-c246-42b4-a748-63ac5903e213</ProjectId>
      <CorrelationId>Intent.Eventing.MassTransit.IntegrationEventHandler#49a3e417-a005-4ec5-a952-906d8f762224</CorrelationId>
      <OverwriteBehaviour>always</OverwriteBehaviour>
      <ApplicationRelativeFilePath>../../src/eShop.Ordering.Application/IntegrationEvents/EventHandlers/GracePeriodConfirmedIntegrationEventHandler.cs</ApplicationRelativeFilePath>
      <ProjectRelativeFilePath>GracePeriodConfirmedIntegrationEventHandler.cs</ProjectRelativeFilePath>
      <IsIgnored>false</IsIgnored>
    </FileLog>
    <FileLog>
      <ProjectId>e1e9ad9e-c246-42b4-a748-63ac5903e213</ProjectId>
      <CorrelationId>Intent.Eventing.MassTransit.IntegrationEventHandler#c1b6e20a-85de-49a5-a07d-8b147eec7edc</CorrelationId>
      <OverwriteBehaviour>always</OverwriteBehaviour>
      <ApplicationRelativeFilePath>../../src/eShop.Ordering.Application/IntegrationEvents/EventHandlers/OrderStockConfirmedIntegrationEventHandler.cs</ApplicationRelativeFilePath>
      <ProjectRelativeFilePath>OrderStockConfirmedIntegrationEventHandler.cs</ProjectRelativeFilePath>
      <IsIgnored>false</IsIgnored>
    </FileLog>
    <FileLog>
      <ProjectId>e1e9ad9e-c246-42b4-a748-63ac5903e213</ProjectId>
      <CorrelationId>Intent.Eventing.MassTransit.IntegrationEventHandler#c47ffc5b-7f52-4f08-a051-773c5acea3ea</CorrelationId>
      <OverwriteBehaviour>always</OverwriteBehaviour>
      <ApplicationRelativeFilePath>../../src/eShop.Ordering.Application/IntegrationEvents/EventHandlers/OrderStockRejectedIntegrationEventHandler.cs</ApplicationRelativeFilePath>
      <ProjectRelativeFilePath>OrderStockRejectedIntegrationEventHandler.cs</ProjectRelativeFilePath>
      <IsIgnored>false</IsIgnored>
    </FileLog>
    <FileLog>
      <ProjectId>e1e9ad9e-c246-42b4-a748-63ac5903e213</ProjectId>
      <CorrelationId>Intent.Eventing.MassTransit.IntegrationEventHandler#d74c7f81-0779-46bf-98a4-ee76c7ae0172</CorrelationId>
      <OverwriteBehaviour>always</OverwriteBehaviour>
      <ApplicationRelativeFilePath>../../src/eShop.Ordering.Application/IntegrationEvents/EventHandlers/UserCheckoutAcceptedIntegrationEventHandler.cs</ApplicationRelativeFilePath>
      <ProjectRelativeFilePath>UserCheckoutAcceptedIntegrationEventHandler.cs</ProjectRelativeFilePath>
      <IsIgnored>false</IsIgnored>
    </FileLog>
    <FileLog>
      <ProjectId>870e6272-8156-478f-a32b-2c6256520e2a</ProjectId>
      <CorrelationId>Intent.Eventing.Contracts.IntegrationEventMessage#26121a0b-3aef-416f-8a8b-50070ee78b39</CorrelationId>
      <OverwriteBehaviour>always</OverwriteBehaviour>
      <ApplicationRelativeFilePath>../../src/eShop.Ordering.Application/IntegrationEvents/GracePeriodConfirmedIntegrationEvent.cs</ApplicationRelativeFilePath>
      <ProjectRelativeFilePath>GracePeriodConfirmedIntegrationEvent.cs</ProjectRelativeFilePath>
      <IsIgnored>false</IsIgnored>
    </FileLog>
    <FileLog>
      <ProjectId>870e6272-8156-478f-a32b-2c6256520e2a</ProjectId>
      <CorrelationId>Intent.Eventing.Contracts.IntegrationEventDto#787b658a-bab3-4ffd-97e7-07c78709d191</CorrelationId>
      <OverwriteBehaviour>always</OverwriteBehaviour>
      <ApplicationRelativeFilePath>../../src/eShop.Ordering.Application/IntegrationEvents/OrderItemDto.cs</ApplicationRelativeFilePath>
      <ProjectRelativeFilePath>OrderItemDto.cs</ProjectRelativeFilePath>
      <IsIgnored>false</IsIgnored>
    </FileLog>
    <FileLog>
      <ProjectId>870e6272-8156-478f-a32b-2c6256520e2a</ProjectId>
      <CorrelationId>Intent.Eventing.Contracts.IntegrationEventMessage#038ac4a1-40f7-43d8-8880-5c3977fae015</CorrelationId>
      <OverwriteBehaviour>always</OverwriteBehaviour>
      <ApplicationRelativeFilePath>../../src/eShop.Ordering.Application/IntegrationEvents/OrderStartedIntegrationEvent.cs</ApplicationRelativeFilePath>
      <ProjectRelativeFilePath>OrderStartedIntegrationEvent.cs</ProjectRelativeFilePath>
      <IsIgnored>false</IsIgnored>
    </FileLog>
    <FileLog>
      <ProjectId>870e6272-8156-478f-a32b-2c6256520e2a</ProjectId>
      <CorrelationId>Intent.Eventing.Contracts.IntegrationEventMessage#9f7d8979-e48c-4c89-9454-fbb800e79160</CorrelationId>
      <OverwriteBehaviour>always</OverwriteBehaviour>
      <ApplicationRelativeFilePath>../../src/eShop.Ordering.Application/IntegrationEvents/OrderStatusChangedToAwaitingValidationIntegrationEvent.cs</ApplicationRelativeFilePath>
      <ProjectRelativeFilePath>OrderStatusChangedToAwaitingValidationIntegrationEvent.cs</ProjectRelativeFilePath>
      <IsIgnored>false</IsIgnored>
    </FileLog>
    <FileLog>
      <ProjectId>870e6272-8156-478f-a32b-2c6256520e2a</ProjectId>
      <CorrelationId>Intent.Eventing.Contracts.IntegrationEventMessage#3a51c3d9-604c-4797-a9f6-50edccf7d3ae</CorrelationId>
      <OverwriteBehaviour>always</OverwriteBehaviour>
      <ApplicationRelativeFilePath>../../src/eShop.Ordering.Application/IntegrationEvents/OrderStatusChangedToCancelledIntegrationEvent.cs</ApplicationRelativeFilePath>
      <ProjectRelativeFilePath>OrderStatusChangedToCancelledIntegrationEvent.cs</ProjectRelativeFilePath>
      <IsIgnored>false</IsIgnored>
    </FileLog>
    <FileLog>
      <ProjectId>870e6272-8156-478f-a32b-2c6256520e2a</ProjectId>
      <CorrelationId>Intent.Eventing.Contracts.IntegrationEventMessage#ec82e883-69ab-4b91-aace-fffae9b12c01</CorrelationId>
      <OverwriteBehaviour>always</OverwriteBehaviour>
      <ApplicationRelativeFilePath>../../src/eShop.Ordering.Application/IntegrationEvents/OrderStatusChangedToShippedIntegrationEvent.cs</ApplicationRelativeFilePath>
      <ProjectRelativeFilePath>OrderStatusChangedToShippedIntegrationEvent.cs</ProjectRelativeFilePath>
      <IsIgnored>false</IsIgnored>
    </FileLog>
    <FileLog>
      <ProjectId>870e6272-8156-478f-a32b-2c6256520e2a</ProjectId>
      <CorrelationId>Intent.Eventing.Contracts.IntegrationEventMessage#42e8173d-8897-4ac7-b7ff-9ba00f703ee4</CorrelationId>
      <OverwriteBehaviour>always</OverwriteBehaviour>
      <ApplicationRelativeFilePath>../../src/eShop.Ordering.Application/IntegrationEvents/OrderStatusChangedToStockConfirmedIntegrationEvent.cs</ApplicationRelativeFilePath>
      <ProjectRelativeFilePath>OrderStatusChangedToStockConfirmedIntegrationEvent.cs</ProjectRelativeFilePath>
      <IsIgnored>false</IsIgnored>
    </FileLog>
    <FileLog>
      <ProjectId>870e6272-8156-478f-a32b-2c6256520e2a</ProjectId>
      <CorrelationId>Intent.Eventing.Contracts.IntegrationEventMessage#d97bfbfc-2241-4dd0-82de-fb85d92697b5</CorrelationId>
      <OverwriteBehaviour>always</OverwriteBehaviour>
      <ApplicationRelativeFilePath>../../src/eShop.Ordering.Application/IntegrationEvents/OrderStatusChangedToSubmittedIntegrationEvent.cs</ApplicationRelativeFilePath>
      <ProjectRelativeFilePath>OrderStatusChangedToSubmittedIntegrationEvent.cs</ProjectRelativeFilePath>
      <IsIgnored>false</IsIgnored>
    </FileLog>
    <FileLog>
      <ProjectId>870e6272-8156-478f-a32b-2c6256520e2a</ProjectId>
      <CorrelationId>Intent.Eventing.Contracts.IntegrationEventMessage#8eba012d-f636-42a5-9cdb-a28d76885f7f</CorrelationId>
      <OverwriteBehaviour>always</OverwriteBehaviour>
      <ApplicationRelativeFilePath>../../src/eShop.Ordering.Application/IntegrationEvents/OrderStockConfirmedIntegrationEvent.cs</ApplicationRelativeFilePath>
      <ProjectRelativeFilePath>OrderStockConfirmedIntegrationEvent.cs</ProjectRelativeFilePath>
      <IsIgnored>false</IsIgnored>
    </FileLog>
    <FileLog>
      <ProjectId>870e6272-8156-478f-a32b-2c6256520e2a</ProjectId>
      <CorrelationId>Intent.Eventing.Contracts.IntegrationEventMessage#1d3c3372-8b8e-4be1-a5fe-8cb52903cb14</CorrelationId>
      <OverwriteBehaviour>always</OverwriteBehaviour>
      <ApplicationRelativeFilePath>../../src/eShop.Ordering.Application/IntegrationEvents/OrderStockRejectedIntegrationEvent.cs</ApplicationRelativeFilePath>
      <ProjectRelativeFilePath>OrderStockRejectedIntegrationEvent.cs</ProjectRelativeFilePath>
      <IsIgnored>false</IsIgnored>
    </FileLog>
    <FileLog>
      <ProjectId>870e6272-8156-478f-a32b-2c6256520e2a</ProjectId>
      <CorrelationId>Intent.Eventing.Contracts.IntegrationEventMessage#fd737b53-48a3-4f40-bd71-add404369a46</CorrelationId>
      <OverwriteBehaviour>always</OverwriteBehaviour>
      <ApplicationRelativeFilePath>../../src/eShop.Ordering.Application/IntegrationEvents/UserCheckoutAcceptedIntegrationEvent.cs</ApplicationRelativeFilePath>
      <ProjectRelativeFilePath>UserCheckoutAcceptedIntegrationEvent.cs</ProjectRelativeFilePath>
      <IsIgnored>false</IsIgnored>
    </FileLog>
    <FileLog>
      <ProjectId>ee75cde6-ec54-4da0-9c8e-0f30f503590b</ProjectId>
      <CorrelationId>Intent.Application.MediatR.CommandModels#c33ec8a6-7573-4366-871b-07ff6c039a45</CorrelationId>
      <OverwriteBehaviour>always</OverwriteBehaviour>
      <ApplicationRelativeFilePath>../../src/eShop.Ordering.Application/Orders/CancelOrder/CancelOrderCommand.cs</ApplicationRelativeFilePath>
      <ProjectRelativeFilePath>Orders/CancelOrder/CancelOrderCommand.cs</ProjectRelativeFilePath>
      <IsIgnored>false</IsIgnored>
    </FileLog>
    <FileLog>
      <ProjectId>ee75cde6-ec54-4da0-9c8e-0f30f503590b</ProjectId>
      <CorrelationId>Intent.Application.MediatR.CommandHandler#c33ec8a6-7573-4366-871b-07ff6c039a45</CorrelationId>
      <OverwriteBehaviour>always</OverwriteBehaviour>
      <ApplicationRelativeFilePath>../../src/eShop.Ordering.Application/Orders/CancelOrder/CancelOrderCommandHandler.cs</ApplicationRelativeFilePath>
      <ProjectRelativeFilePath>Orders/CancelOrder/CancelOrderCommandHandler.cs</ProjectRelativeFilePath>
      <IsIgnored>false</IsIgnored>
    </FileLog>
    <FileLog>
      <ProjectId>ee75cde6-ec54-4da0-9c8e-0f30f503590b</ProjectId>
      <CorrelationId>Intent.Application.MediatR.FluentValidation.CommandValidator#c33ec8a6-7573-4366-871b-07ff6c039a45</CorrelationId>
      <OverwriteBehaviour>always</OverwriteBehaviour>
      <ApplicationRelativeFilePath>../../src/eShop.Ordering.Application/Orders/CancelOrder/CancelOrderCommandValidator.cs</ApplicationRelativeFilePath>
      <ProjectRelativeFilePath>Orders/CancelOrder/CancelOrderCommandValidator.cs</ProjectRelativeFilePath>
      <IsIgnored>false</IsIgnored>
    </FileLog>
    <FileLog>
      <ProjectId>ee75cde6-ec54-4da0-9c8e-0f30f503590b</ProjectId>
      <CorrelationId>Intent.Application.Dtos.DtoModel#e6349d9f-467a-4676-bd6b-bdc67566a3c4</CorrelationId>
      <OverwriteBehaviour>always</OverwriteBehaviour>
      <ApplicationRelativeFilePath>../../src/eShop.Ordering.Application/Orders/CardTypeDto.cs</ApplicationRelativeFilePath>
      <ProjectRelativeFilePath>Orders/CardTypeDto.cs</ProjectRelativeFilePath>
      <IsIgnored>false</IsIgnored>
    </FileLog>
    <FileLog>
      <ProjectId>ee75cde6-ec54-4da0-9c8e-0f30f503590b</ProjectId>
      <CorrelationId>Intent.Application.MediatR.CommandModels#fc5d4a28-b660-4f94-9f5f-93aad1e373e2</CorrelationId>
      <OverwriteBehaviour>always</OverwriteBehaviour>
      <ApplicationRelativeFilePath>../../src/eShop.Ordering.Application/Orders/CreateOrder/CreateOrderCommand.cs</ApplicationRelativeFilePath>
      <ProjectRelativeFilePath>Orders/CreateOrder/CreateOrderCommand.cs</ProjectRelativeFilePath>
      <IsIgnored>false</IsIgnored>
    </FileLog>
    <FileLog>
      <ProjectId>ee75cde6-ec54-4da0-9c8e-0f30f503590b</ProjectId>
      <CorrelationId>Intent.Application.MediatR.CommandHandler#fc5d4a28-b660-4f94-9f5f-93aad1e373e2</CorrelationId>
      <OverwriteBehaviour>always</OverwriteBehaviour>
      <ApplicationRelativeFilePath>../../src/eShop.Ordering.Application/Orders/CreateOrder/CreateOrderCommandHandler.cs</ApplicationRelativeFilePath>
      <ProjectRelativeFilePath>Orders/CreateOrder/CreateOrderCommandHandler.cs</ProjectRelativeFilePath>
      <IsIgnored>false</IsIgnored>
    </FileLog>
    <FileLog>
      <ProjectId>ee75cde6-ec54-4da0-9c8e-0f30f503590b</ProjectId>
      <CorrelationId>Intent.Application.MediatR.FluentValidation.CommandValidator#fc5d4a28-b660-4f94-9f5f-93aad1e373e2</CorrelationId>
      <OverwriteBehaviour>always</OverwriteBehaviour>
      <ApplicationRelativeFilePath>../../src/eShop.Ordering.Application/Orders/CreateOrder/CreateOrderCommandValidator.cs</ApplicationRelativeFilePath>
      <ProjectRelativeFilePath>Orders/CreateOrder/CreateOrderCommandValidator.cs</ProjectRelativeFilePath>
      <IsIgnored>false</IsIgnored>
    </FileLog>
    <FileLog>
      <ProjectId>ee75cde6-ec54-4da0-9c8e-0f30f503590b</ProjectId>
      <CorrelationId>Intent.Application.MediatR.QueryModels#a3095c7c-29a6-4c77-bf68-da9e7cefec07</CorrelationId>
      <OverwriteBehaviour>always</OverwriteBehaviour>
      <ApplicationRelativeFilePath>../../src/eShop.Ordering.Application/Orders/GetOrderById/GetOrderByIdQuery.cs</ApplicationRelativeFilePath>
      <ProjectRelativeFilePath>Orders/GetOrderById/GetOrderByIdQuery.cs</ProjectRelativeFilePath>
      <IsIgnored>false</IsIgnored>
    </FileLog>
    <FileLog>
      <ProjectId>ee75cde6-ec54-4da0-9c8e-0f30f503590b</ProjectId>
      <CorrelationId>Intent.Application.MediatR.QueryHandler#a3095c7c-29a6-4c77-bf68-da9e7cefec07</CorrelationId>
      <OverwriteBehaviour>always</OverwriteBehaviour>
      <ApplicationRelativeFilePath>../../src/eShop.Ordering.Application/Orders/GetOrderById/GetOrderByIdQueryHandler.cs</ApplicationRelativeFilePath>
      <ProjectRelativeFilePath>Orders/GetOrderById/GetOrderByIdQueryHandler.cs</ProjectRelativeFilePath>
      <IsIgnored>false</IsIgnored>
    </FileLog>
    <FileLog>
      <ProjectId>ee75cde6-ec54-4da0-9c8e-0f30f503590b</ProjectId>
      <CorrelationId>Intent.Application.MediatR.FluentValidation.QueryValidator#a3095c7c-29a6-4c77-bf68-da9e7cefec07</CorrelationId>
      <OverwriteBehaviour>always</OverwriteBehaviour>
      <ApplicationRelativeFilePath>../../src/eShop.Ordering.Application/Orders/GetOrderById/GetOrderByIdQueryValidator.cs</ApplicationRelativeFilePath>
      <ProjectRelativeFilePath>Orders/GetOrderById/GetOrderByIdQueryValidator.cs</ProjectRelativeFilePath>
      <IsIgnored>false</IsIgnored>
    </FileLog>
    <FileLog>
      <ProjectId>ee75cde6-ec54-4da0-9c8e-0f30f503590b</ProjectId>
      <CorrelationId>Intent.Application.MediatR.QueryModels#940c4983-df6f-4d0d-9261-77c31e2a4e9b</CorrelationId>
      <OverwriteBehaviour>always</OverwriteBehaviour>
      <ApplicationRelativeFilePath>../../src/eShop.Ordering.Application/Orders/GetOrders/GetOrdersQuery.cs</ApplicationRelativeFilePath>
      <ProjectRelativeFilePath>Orders/GetOrders/GetOrdersQuery.cs</ProjectRelativeFilePath>
      <IsIgnored>false</IsIgnored>
    </FileLog>
    <FileLog>
      <ProjectId>ee75cde6-ec54-4da0-9c8e-0f30f503590b</ProjectId>
      <CorrelationId>Intent.Application.MediatR.QueryHandler#940c4983-df6f-4d0d-9261-77c31e2a4e9b</CorrelationId>
      <OverwriteBehaviour>always</OverwriteBehaviour>
      <ApplicationRelativeFilePath>../../src/eShop.Ordering.Application/Orders/GetOrders/GetOrdersQueryHandler.cs</ApplicationRelativeFilePath>
      <ProjectRelativeFilePath>Orders/GetOrders/GetOrdersQueryHandler.cs</ProjectRelativeFilePath>
      <IsIgnored>false</IsIgnored>
    </FileLog>
    <FileLog>
      <ProjectId>ee75cde6-ec54-4da0-9c8e-0f30f503590b</ProjectId>
      <CorrelationId>Intent.Application.MediatR.FluentValidation.QueryValidator#940c4983-df6f-4d0d-9261-77c31e2a4e9b</CorrelationId>
      <OverwriteBehaviour>always</OverwriteBehaviour>
      <ApplicationRelativeFilePath>../../src/eShop.Ordering.Application/Orders/GetOrders/GetOrdersQueryValidator.cs</ApplicationRelativeFilePath>
      <ProjectRelativeFilePath>Orders/GetOrders/GetOrdersQueryValidator.cs</ProjectRelativeFilePath>
      <IsIgnored>false</IsIgnored>
    </FileLog>
    <FileLog>
      <ProjectId>ee75cde6-ec54-4da0-9c8e-0f30f503590b</ProjectId>
      <CorrelationId>Intent.Application.Dtos.DtoModel#759efd9e-785f-4ac6-b2cb-b1143282bf8a</CorrelationId>
      <OverwriteBehaviour>always</OverwriteBehaviour>
      <ApplicationRelativeFilePath>../../src/eShop.Ordering.Application/Orders/OrderDto.cs</ApplicationRelativeFilePath>
      <ProjectRelativeFilePath>Orders/OrderDto.cs</ProjectRelativeFilePath>
      <IsIgnored>false</IsIgnored>
    </FileLog>
    <FileLog>
      <ProjectId>ee75cde6-ec54-4da0-9c8e-0f30f503590b</ProjectId>
      <CorrelationId>Intent.Application.Dtos.AutoMapper.MappingExtensions#759efd9e-785f-4ac6-b2cb-b1143282bf8a</CorrelationId>
      <OverwriteBehaviour>always</OverwriteBehaviour>
      <ApplicationRelativeFilePath>../../src/eShop.Ordering.Application/Orders/OrderDtoMappingExtensions.cs</ApplicationRelativeFilePath>
      <ProjectRelativeFilePath>Orders/OrderDtoMappingExtensions.cs</ProjectRelativeFilePath>
      <IsIgnored>false</IsIgnored>
    </FileLog>
    <FileLog>
      <ProjectId>ee75cde6-ec54-4da0-9c8e-0f30f503590b</ProjectId>
      <CorrelationId>Intent.Application.Dtos.DtoModel#57a813f3-89ae-4d3f-a6dd-53c8c494dc10</CorrelationId>
      <OverwriteBehaviour>always</OverwriteBehaviour>
      <ApplicationRelativeFilePath>../../src/eShop.Ordering.Application/Orders/OrderItemDto.cs</ApplicationRelativeFilePath>
      <ProjectRelativeFilePath>Orders/OrderItemDto.cs</ProjectRelativeFilePath>
      <IsIgnored>false</IsIgnored>
    </FileLog>
    <FileLog>
      <ProjectId>ee75cde6-ec54-4da0-9c8e-0f30f503590b</ProjectId>
      <CorrelationId>Intent.Application.FluentValidation.Dtos.DTOValidator#57a813f3-89ae-4d3f-a6dd-53c8c494dc10</CorrelationId>
      <OverwriteBehaviour>always</OverwriteBehaviour>
      <ApplicationRelativeFilePath>../../src/eShop.Ordering.Application/Orders/OrderItemDtoValidator.cs</ApplicationRelativeFilePath>
      <ProjectRelativeFilePath>Orders/OrderItemDtoValidator.cs</ProjectRelativeFilePath>
      <IsIgnored>false</IsIgnored>
    </FileLog>
    <FileLog>
      <ProjectId>ee75cde6-ec54-4da0-9c8e-0f30f503590b</ProjectId>
      <CorrelationId>Intent.Application.Dtos.DtoModel#1b80ac13-63d8-4638-aa81-3735e9db437f</CorrelationId>
      <OverwriteBehaviour>always</OverwriteBehaviour>
      <ApplicationRelativeFilePath>../../src/eShop.Ordering.Application/Orders/OrderItemReturnDto.cs</ApplicationRelativeFilePath>
      <ProjectRelativeFilePath>Orders/OrderItemReturnDto.cs</ProjectRelativeFilePath>
      <IsIgnored>false</IsIgnored>
    </FileLog>
    <FileLog>
      <ProjectId>ee75cde6-ec54-4da0-9c8e-0f30f503590b</ProjectId>
      <CorrelationId>Intent.Application.Dtos.AutoMapper.MappingExtensions#1b80ac13-63d8-4638-aa81-3735e9db437f</CorrelationId>
      <OverwriteBehaviour>always</OverwriteBehaviour>
      <ApplicationRelativeFilePath>../../src/eShop.Ordering.Application/Orders/OrderItemReturnDtoMappingExtensions.cs</ApplicationRelativeFilePath>
      <ProjectRelativeFilePath>Orders/OrderItemReturnDtoMappingExtensions.cs</ProjectRelativeFilePath>
      <IsIgnored>false</IsIgnored>
    </FileLog>
    <FileLog>
      <ProjectId>ee75cde6-ec54-4da0-9c8e-0f30f503590b</ProjectId>
      <CorrelationId>Intent.Application.Dtos.DtoModel#efed376f-7c88-4e0b-bf94-b69a0edddb29</CorrelationId>
      <OverwriteBehaviour>always</OverwriteBehaviour>
      <ApplicationRelativeFilePath>../../src/eShop.Ordering.Application/Orders/OrderSummaryDto.cs</ApplicationRelativeFilePath>
      <ProjectRelativeFilePath>Orders/OrderSummaryDto.cs</ProjectRelativeFilePath>
      <IsIgnored>false</IsIgnored>
    </FileLog>
    <FileLog>
      <ProjectId>ee75cde6-ec54-4da0-9c8e-0f30f503590b</ProjectId>
      <CorrelationId>Intent.Application.Dtos.AutoMapper.MappingExtensions#efed376f-7c88-4e0b-bf94-b69a0edddb29</CorrelationId>
      <OverwriteBehaviour>always</OverwriteBehaviour>
      <ApplicationRelativeFilePath>../../src/eShop.Ordering.Application/Orders/OrderSummaryDtoMappingExtensions.cs</ApplicationRelativeFilePath>
      <ProjectRelativeFilePath>Orders/OrderSummaryDtoMappingExtensions.cs</ProjectRelativeFilePath>
      <IsIgnored>false</IsIgnored>
    </FileLog>
    <FileLog>
      <ProjectId>ee75cde6-ec54-4da0-9c8e-0f30f503590b</ProjectId>
      <CorrelationId>Intent.Application.MediatR.CommandModels#ea2d331f-c2e8-4c4b-b9f8-b8f710fdf35d</CorrelationId>
      <OverwriteBehaviour>always</OverwriteBehaviour>
      <ApplicationRelativeFilePath>../../src/eShop.Ordering.Application/Orders/SetAwaitingValidationOrderStatus/SetAwaitingValidationOrderStatusCommand.cs</ApplicationRelativeFilePath>
      <ProjectRelativeFilePath>Orders/SetAwaitingValidationOrderStatus/SetAwaitingValidationOrderStatusCommand.cs</ProjectRelativeFilePath>
      <IsIgnored>false</IsIgnored>
    </FileLog>
    <FileLog>
      <ProjectId>ee75cde6-ec54-4da0-9c8e-0f30f503590b</ProjectId>
      <CorrelationId>Intent.Application.MediatR.CommandHandler#ea2d331f-c2e8-4c4b-b9f8-b8f710fdf35d</CorrelationId>
      <OverwriteBehaviour>always</OverwriteBehaviour>
      <ApplicationRelativeFilePath>../../src/eShop.Ordering.Application/Orders/SetAwaitingValidationOrderStatus/SetAwaitingValidationOrderStatusCommandHandler.cs</ApplicationRelativeFilePath>
      <ProjectRelativeFilePath>Orders/SetAwaitingValidationOrderStatus/SetAwaitingValidationOrderStatusCommandHandler.cs</ProjectRelativeFilePath>
      <IsIgnored>false</IsIgnored>
    </FileLog>
    <FileLog>
      <ProjectId>ee75cde6-ec54-4da0-9c8e-0f30f503590b</ProjectId>
      <CorrelationId>Intent.Application.MediatR.FluentValidation.CommandValidator#ea2d331f-c2e8-4c4b-b9f8-b8f710fdf35d</CorrelationId>
      <OverwriteBehaviour>always</OverwriteBehaviour>
      <ApplicationRelativeFilePath>../../src/eShop.Ordering.Application/Orders/SetAwaitingValidationOrderStatus/SetAwaitingValidationOrderStatusCommandValidator.cs</ApplicationRelativeFilePath>
      <ProjectRelativeFilePath>Orders/SetAwaitingValidationOrderStatus/SetAwaitingValidationOrderStatusCommandValidator.cs</ProjectRelativeFilePath>
      <IsIgnored>false</IsIgnored>
    </FileLog>
    <FileLog>
      <ProjectId>ee75cde6-ec54-4da0-9c8e-0f30f503590b</ProjectId>
      <CorrelationId>Intent.Application.MediatR.CommandModels#788bdb98-7163-4c3e-bd54-e632ccbffff6</CorrelationId>
      <OverwriteBehaviour>always</OverwriteBehaviour>
      <ApplicationRelativeFilePath>../../src/eShop.Ordering.Application/Orders/SetStockConfirmedOrderStatus/SetStockConfirmedOrderStatusCommand.cs</ApplicationRelativeFilePath>
      <ProjectRelativeFilePath>Orders/SetStockConfirmedOrderStatus/SetStockConfirmedOrderStatusCommand.cs</ProjectRelativeFilePath>
      <IsIgnored>false</IsIgnored>
    </FileLog>
    <FileLog>
      <ProjectId>ee75cde6-ec54-4da0-9c8e-0f30f503590b</ProjectId>
      <CorrelationId>Intent.Application.MediatR.CommandHandler#788bdb98-7163-4c3e-bd54-e632ccbffff6</CorrelationId>
      <OverwriteBehaviour>always</OverwriteBehaviour>
      <ApplicationRelativeFilePath>../../src/eShop.Ordering.Application/Orders/SetStockConfirmedOrderStatus/SetStockConfirmedOrderStatusCommandHandler.cs</ApplicationRelativeFilePath>
      <ProjectRelativeFilePath>Orders/SetStockConfirmedOrderStatus/SetStockConfirmedOrderStatusCommandHandler.cs</ProjectRelativeFilePath>
      <IsIgnored>false</IsIgnored>
    </FileLog>
    <FileLog>
      <ProjectId>ee75cde6-ec54-4da0-9c8e-0f30f503590b</ProjectId>
      <CorrelationId>Intent.Application.MediatR.FluentValidation.CommandValidator#788bdb98-7163-4c3e-bd54-e632ccbffff6</CorrelationId>
      <OverwriteBehaviour>always</OverwriteBehaviour>
      <ApplicationRelativeFilePath>../../src/eShop.Ordering.Application/Orders/SetStockConfirmedOrderStatus/SetStockConfirmedOrderStatusCommandValidator.cs</ApplicationRelativeFilePath>
      <ProjectRelativeFilePath>Orders/SetStockConfirmedOrderStatus/SetStockConfirmedOrderStatusCommandValidator.cs</ProjectRelativeFilePath>
      <IsIgnored>false</IsIgnored>
    </FileLog>
    <FileLog>
      <ProjectId>ee75cde6-ec54-4da0-9c8e-0f30f503590b</ProjectId>
      <CorrelationId>Intent.Application.MediatR.CommandModels#940c9281-d7dd-4949-ab51-ae6c48558168</CorrelationId>
      <OverwriteBehaviour>always</OverwriteBehaviour>
      <ApplicationRelativeFilePath>../../src/eShop.Ordering.Application/Orders/SetStockRejectedOrderStatus/SetStockRejectedOrderStatusCommand.cs</ApplicationRelativeFilePath>
      <ProjectRelativeFilePath>Orders/SetStockRejectedOrderStatus/SetStockRejectedOrderStatusCommand.cs</ProjectRelativeFilePath>
      <IsIgnored>false</IsIgnored>
    </FileLog>
    <FileLog>
      <ProjectId>ee75cde6-ec54-4da0-9c8e-0f30f503590b</ProjectId>
      <CorrelationId>Intent.Application.MediatR.CommandHandler#940c9281-d7dd-4949-ab51-ae6c48558168</CorrelationId>
      <OverwriteBehaviour>always</OverwriteBehaviour>
      <ApplicationRelativeFilePath>../../src/eShop.Ordering.Application/Orders/SetStockRejectedOrderStatus/SetStockRejectedOrderStatusCommandHandler.cs</ApplicationRelativeFilePath>
      <ProjectRelativeFilePath>Orders/SetStockRejectedOrderStatus/SetStockRejectedOrderStatusCommandHandler.cs</ProjectRelativeFilePath>
      <IsIgnored>false</IsIgnored>
    </FileLog>
    <FileLog>
      <ProjectId>ee75cde6-ec54-4da0-9c8e-0f30f503590b</ProjectId>
      <CorrelationId>Intent.Application.MediatR.FluentValidation.CommandValidator#940c9281-d7dd-4949-ab51-ae6c48558168</CorrelationId>
      <OverwriteBehaviour>always</OverwriteBehaviour>
      <ApplicationRelativeFilePath>../../src/eShop.Ordering.Application/Orders/SetStockRejectedOrderStatus/SetStockRejectedOrderStatusCommandValidator.cs</ApplicationRelativeFilePath>
      <ProjectRelativeFilePath>Orders/SetStockRejectedOrderStatus/SetStockRejectedOrderStatusCommandValidator.cs</ProjectRelativeFilePath>
      <IsIgnored>false</IsIgnored>
    </FileLog>
    <FileLog>
      <ProjectId>ee75cde6-ec54-4da0-9c8e-0f30f503590b</ProjectId>
      <CorrelationId>Intent.Application.MediatR.CommandModels#535ea32c-ef25-434f-a72e-9c8384f6b3dc</CorrelationId>
      <OverwriteBehaviour>always</OverwriteBehaviour>
      <ApplicationRelativeFilePath>../../src/eShop.Ordering.Application/Orders/ShipOrder/ShipOrderCommand.cs</ApplicationRelativeFilePath>
      <ProjectRelativeFilePath>Orders/ShipOrder/ShipOrderCommand.cs</ProjectRelativeFilePath>
      <IsIgnored>false</IsIgnored>
    </FileLog>
    <FileLog>
      <ProjectId>ee75cde6-ec54-4da0-9c8e-0f30f503590b</ProjectId>
      <CorrelationId>Intent.Application.MediatR.CommandHandler#535ea32c-ef25-434f-a72e-9c8384f6b3dc</CorrelationId>
      <OverwriteBehaviour>always</OverwriteBehaviour>
      <ApplicationRelativeFilePath>../../src/eShop.Ordering.Application/Orders/ShipOrder/ShipOrderCommandHandler.cs</ApplicationRelativeFilePath>
      <ProjectRelativeFilePath>Orders/ShipOrder/ShipOrderCommandHandler.cs</ProjectRelativeFilePath>
      <IsIgnored>false</IsIgnored>
    </FileLog>
    <FileLog>
      <ProjectId>ee75cde6-ec54-4da0-9c8e-0f30f503590b</ProjectId>
      <CorrelationId>Intent.Application.MediatR.FluentValidation.CommandValidator#535ea32c-ef25-434f-a72e-9c8384f6b3dc</CorrelationId>
      <OverwriteBehaviour>always</OverwriteBehaviour>
      <ApplicationRelativeFilePath>../../src/eShop.Ordering.Application/Orders/ShipOrder/ShipOrderCommandValidator.cs</ApplicationRelativeFilePath>
      <ProjectRelativeFilePath>Orders/ShipOrder/ShipOrderCommandValidator.cs</ProjectRelativeFilePath>
      <IsIgnored>false</IsIgnored>
    </FileLog>
    <FileLog>
      <ProjectId>c68c3452-9faf-428c-8efc-05468d14c7fb</ProjectId>
      <CorrelationId>Intent.Entities.DomainEntity#c9580049-c86e-4c8b-a10f-38c7cff1b98f</CorrelationId>
      <OverwriteBehaviour>always</OverwriteBehaviour>
      <ApplicationRelativeFilePath>../../src/eShop.Ordering.Domain/BuyerAggregate/Buyer.cs</ApplicationRelativeFilePath>
      <ProjectRelativeFilePath>BuyerAggregate/Buyer.cs</ProjectRelativeFilePath>
      <IsIgnored>false</IsIgnored>
    </FileLog>
    <FileLog>
      <ProjectId>4c96e198-d5d5-49bb-aa72-5ecd2dc627a0</ProjectId>
      <CorrelationId>Intent.Entities.CollectionExtensions</CorrelationId>
      <OverwriteBehaviour>always</OverwriteBehaviour>
      <ApplicationRelativeFilePath>../../src/eShop.Ordering.Domain/Common/CollectionExtensions.cs</ApplicationRelativeFilePath>
      <ProjectRelativeFilePath>CollectionExtensions.cs</ProjectRelativeFilePath>
      <IsIgnored>false</IsIgnored>
    </FileLog>
    <FileLog>
      <ProjectId>4c96e198-d5d5-49bb-aa72-5ecd2dc627a0</ProjectId>
      <CorrelationId>Intent.DomainEvents.DomainEventBase</CorrelationId>
      <OverwriteBehaviour>always</OverwriteBehaviour>
      <ApplicationRelativeFilePath>../../src/eShop.Ordering.Domain/Common/DomainEvent.cs</ApplicationRelativeFilePath>
      <ProjectRelativeFilePath>DomainEvent.cs</ProjectRelativeFilePath>
      <IsIgnored>false</IsIgnored>
    </FileLog>
    <FileLog>
      <ProjectId>d8ca2bb9-8c1f-4346-a53a-5a7e52ae916b</ProjectId>
      <CorrelationId>Intent.Entities.NotFoundException</CorrelationId>
      <OverwriteBehaviour>always</OverwriteBehaviour>
      <ApplicationRelativeFilePath>../../src/eShop.Ordering.Domain/Common/Exceptions/NotFoundException.cs</ApplicationRelativeFilePath>
      <ProjectRelativeFilePath>NotFoundException.cs</ProjectRelativeFilePath>
      <IsIgnored>false</IsIgnored>
    </FileLog>
    <FileLog>
      <ProjectId>4c96e198-d5d5-49bb-aa72-5ecd2dc627a0</ProjectId>
      <CorrelationId>Intent.DomainEvents.HasDomainEventInterface</CorrelationId>
      <OverwriteBehaviour>always</OverwriteBehaviour>
      <ApplicationRelativeFilePath>../../src/eShop.Ordering.Domain/Common/IHasDomainEvent.cs</ApplicationRelativeFilePath>
      <ProjectRelativeFilePath>IHasDomainEvent.cs</ProjectRelativeFilePath>
      <IsIgnored>false</IsIgnored>
    </FileLog>
    <FileLog>
      <ProjectId>adae39da-b5b0-4f9d-a615-4ea42a23d04d</ProjectId>
      <CorrelationId>Intent.Entities.Repositories.Api.UnitOfWorkInterface</CorrelationId>
      <OverwriteBehaviour>always</OverwriteBehaviour>
      <ApplicationRelativeFilePath>../../src/eShop.Ordering.Domain/Common/Interfaces/IUnitOfWork.cs</ApplicationRelativeFilePath>
      <ProjectRelativeFilePath>IUnitOfWork.cs</ProjectRelativeFilePath>
      <IsIgnored>false</IsIgnored>
    </FileLog>
    <FileLog>
      <ProjectId>4c96e198-d5d5-49bb-aa72-5ecd2dc627a0</ProjectId>
      <CorrelationId>Intent.Entities.UpdateHelper</CorrelationId>
      <OverwriteBehaviour>always</OverwriteBehaviour>
      <ApplicationRelativeFilePath>../../src/eShop.Ordering.Domain/Common/UpdateHelper.cs</ApplicationRelativeFilePath>
      <ProjectRelativeFilePath>UpdateHelper.cs</ProjectRelativeFilePath>
      <IsIgnored>false</IsIgnored>
    </FileLog>
    <FileLog>
      <ProjectId>c68c3452-9faf-428c-8efc-05468d14c7fb</ProjectId>
      <CorrelationId>Intent.VisualStudio.Projects.CSharpProject#c68c3452-9faf-428c-8efc-05468d14c7fb</CorrelationId>
      <OverwriteBehaviour>always</OverwriteBehaviour>
      <ApplicationRelativeFilePath>../../src/eShop.Ordering.Domain/eShop.Ordering.Domain.csproj</ApplicationRelativeFilePath>
      <ProjectRelativeFilePath>eShop.Ordering.Domain.csproj</ProjectRelativeFilePath>
      <IsIgnored>false</IsIgnored>
    </FileLog>
    <FileLog>
      <ProjectId>89574884-1ddb-44ff-8d5b-e82fdfdf0c05</ProjectId>
      <CorrelationId>Intent.DomainEvents.DomainEvent#b464fef0-82b7-4b22-bdf8-a9fd837daa3c</CorrelationId>
      <OverwriteBehaviour>always</OverwriteBehaviour>
      <ApplicationRelativeFilePath>../../src/eShop.Ordering.Domain/Events/OrderCancelledDomainEvent.cs</ApplicationRelativeFilePath>
      <ProjectRelativeFilePath>OrderCancelledDomainEvent.cs</ProjectRelativeFilePath>
      <IsIgnored>false</IsIgnored>
    </FileLog>
    <FileLog>
      <ProjectId>89574884-1ddb-44ff-8d5b-e82fdfdf0c05</ProjectId>
      <CorrelationId>Intent.DomainEvents.DomainEvent#91e15882-8c20-4b83-be22-fb498e87aada</CorrelationId>
      <OverwriteBehaviour>always</OverwriteBehaviour>
      <ApplicationRelativeFilePath>../../src/eShop.Ordering.Domain/Events/OrderShippedDomainEvent.cs</ApplicationRelativeFilePath>
      <ProjectRelativeFilePath>OrderShippedDomainEvent.cs</ProjectRelativeFilePath>
      <IsIgnored>false</IsIgnored>
    </FileLog>
    <FileLog>
      <ProjectId>89574884-1ddb-44ff-8d5b-e82fdfdf0c05</ProjectId>
      <CorrelationId>Intent.DomainEvents.DomainEvent#29fc9cd3-6308-43e5-b5f6-b0809426153c</CorrelationId>
      <OverwriteBehaviour>always</OverwriteBehaviour>
      <ApplicationRelativeFilePath>../../src/eShop.Ordering.Domain/Events/OrderStartedDomainEvent.cs</ApplicationRelativeFilePath>
      <ProjectRelativeFilePath>OrderStartedDomainEvent.cs</ProjectRelativeFilePath>
      <IsIgnored>false</IsIgnored>
    </FileLog>
    <FileLog>
      <ProjectId>89574884-1ddb-44ff-8d5b-e82fdfdf0c05</ProjectId>
      <CorrelationId>Intent.DomainEvents.DomainEvent#f7b76178-78d8-4c39-a2f3-cb2aad95b34f</CorrelationId>
      <OverwriteBehaviour>always</OverwriteBehaviour>
      <ApplicationRelativeFilePath>../../src/eShop.Ordering.Domain/Events/OrderStatusChangedToAwaitingValidationDomainEvent.cs</ApplicationRelativeFilePath>
      <ProjectRelativeFilePath>OrderStatusChangedToAwaitingValidationDomainEvent.cs</ProjectRelativeFilePath>
      <IsIgnored>false</IsIgnored>
    </FileLog>
    <FileLog>
      <ProjectId>89574884-1ddb-44ff-8d5b-e82fdfdf0c05</ProjectId>
      <CorrelationId>Intent.DomainEvents.DomainEvent#2bd1303b-19ba-4a15-8098-c1eb351592d6</CorrelationId>
      <OverwriteBehaviour>always</OverwriteBehaviour>
      <ApplicationRelativeFilePath>../../src/eShop.Ordering.Domain/Events/OrderStatusChangedToStockConfirmedDomainEvent.cs</ApplicationRelativeFilePath>
      <ProjectRelativeFilePath>OrderStatusChangedToStockConfirmedDomainEvent.cs</ProjectRelativeFilePath>
      <IsIgnored>false</IsIgnored>
    </FileLog>
    <FileLog>
      <ProjectId>c68c3452-9faf-428c-8efc-05468d14c7fb</ProjectId>
      <CorrelationId>Intent.ValueObjects.ValueObject#c3e30f86-8a57-4e45-aa64-00d318bea3c1</CorrelationId>
      <OverwriteBehaviour>always</OverwriteBehaviour>
      <ApplicationRelativeFilePath>../../src/eShop.Ordering.Domain/OrderAggregate/Address.cs</ApplicationRelativeFilePath>
      <ProjectRelativeFilePath>OrderAggregate/Address.cs</ProjectRelativeFilePath>
      <IsIgnored>false</IsIgnored>
    </FileLog>
    <FileLog>
      <ProjectId>c68c3452-9faf-428c-8efc-05468d14c7fb</ProjectId>
      <CorrelationId>Intent.Entities.DomainEntity#11551992-2fa3-4a1c-8c55-c02fe7cfc361</CorrelationId>
      <OverwriteBehaviour>always</OverwriteBehaviour>
      <ApplicationRelativeFilePath>../../src/eShop.Ordering.Domain/OrderAggregate/Order.cs</ApplicationRelativeFilePath>
      <ProjectRelativeFilePath>OrderAggregate/Order.cs</ProjectRelativeFilePath>
      <IsIgnored>false</IsIgnored>
    </FileLog>
    <FileLog>
      <ProjectId>c68c3452-9faf-428c-8efc-05468d14c7fb</ProjectId>
      <CorrelationId>Intent.Entities.DomainEntity#f216a27e-9b16-4837-9bf6-54b5bad5b7f7</CorrelationId>
      <OverwriteBehaviour>always</OverwriteBehaviour>
      <ApplicationRelativeFilePath>../../src/eShop.Ordering.Domain/OrderAggregate/OrderItem.cs</ApplicationRelativeFilePath>
      <ProjectRelativeFilePath>OrderAggregate/OrderItem.cs</ProjectRelativeFilePath>
      <IsIgnored>false</IsIgnored>
    </FileLog>
    <FileLog>
      <ProjectId>c68c3452-9faf-428c-8efc-05468d14c7fb</ProjectId>
      <CorrelationId>Intent.Entities.DomainEnum#1c1fa896-ac29-4e99-8a38-bf3d8f96d279</CorrelationId>
      <OverwriteBehaviour>always</OverwriteBehaviour>
      <ApplicationRelativeFilePath>../../src/eShop.Ordering.Domain/OrderAggregate/OrderStatus.cs</ApplicationRelativeFilePath>
      <ProjectRelativeFilePath>OrderAggregate/OrderStatus.cs</ProjectRelativeFilePath>
      <IsIgnored>false</IsIgnored>
    </FileLog>
    <FileLog>
      <ProjectId>0f7b7cc8-5abd-4f14-a219-416313f192bc</ProjectId>
      <CorrelationId>Intent.Entities.Repositories.Api.EntityRepositoryInterface#c9580049-c86e-4c8b-a10f-38c7cff1b98f</CorrelationId>
      <OverwriteBehaviour>always</OverwriteBehaviour>
      <ApplicationRelativeFilePath>../../src/eShop.Ordering.Domain/Repositories/BuyerAggregate/IBuyerRepository.cs</ApplicationRelativeFilePath>
      <ProjectRelativeFilePath>BuyerAggregate/IBuyerRepository.cs</ProjectRelativeFilePath>
      <IsIgnored>false</IsIgnored>
    </FileLog>
    <FileLog>
      <ProjectId>0f7b7cc8-5abd-4f14-a219-416313f192bc</ProjectId>
      <CorrelationId>Intent.EntityFrameworkCore.Repositories.EFRepositoryInterface</CorrelationId>
      <OverwriteBehaviour>always</OverwriteBehaviour>
      <ApplicationRelativeFilePath>../../src/eShop.Ordering.Domain/Repositories/IEFRepository.cs</ApplicationRelativeFilePath>
      <ProjectRelativeFilePath>IEFRepository.cs</ProjectRelativeFilePath>
      <IsIgnored>false</IsIgnored>
    </FileLog>
    <FileLog>
      <ProjectId>0f7b7cc8-5abd-4f14-a219-416313f192bc</ProjectId>
      <CorrelationId>Intent.Entities.Repositories.Api.PagedListInterface</CorrelationId>
      <OverwriteBehaviour>always</OverwriteBehaviour>
      <ApplicationRelativeFilePath>../../src/eShop.Ordering.Domain/Repositories/IPagedList.cs</ApplicationRelativeFilePath>
      <ProjectRelativeFilePath>IPagedList.cs</ProjectRelativeFilePath>
      <IsIgnored>false</IsIgnored>
    </FileLog>
    <FileLog>
      <ProjectId>0f7b7cc8-5abd-4f14-a219-416313f192bc</ProjectId>
      <CorrelationId>Intent.Entities.Repositories.Api.RepositoryInterface</CorrelationId>
      <OverwriteBehaviour>always</OverwriteBehaviour>
      <ApplicationRelativeFilePath>../../src/eShop.Ordering.Domain/Repositories/IRepository.cs</ApplicationRelativeFilePath>
      <ProjectRelativeFilePath>IRepository.cs</ProjectRelativeFilePath>
      <IsIgnored>false</IsIgnored>
    </FileLog>
    <FileLog>
      <ProjectId>0f7b7cc8-5abd-4f14-a219-416313f192bc</ProjectId>
      <CorrelationId>Intent.Entities.Repositories.Api.EntityRepositoryInterface#11551992-2fa3-4a1c-8c55-c02fe7cfc361</CorrelationId>
      <OverwriteBehaviour>always</OverwriteBehaviour>
      <ApplicationRelativeFilePath>../../src/eShop.Ordering.Domain/Repositories/OrderAggregate/IOrderRepository.cs</ApplicationRelativeFilePath>
      <ProjectRelativeFilePath>OrderAggregate/IOrderRepository.cs</ProjectRelativeFilePath>
      <IsIgnored>false</IsIgnored>
    </FileLog>
    <FileLog>
      <ProjectId>c68c3452-9faf-428c-8efc-05468d14c7fb</ProjectId>
      <CorrelationId>Intent.ValueObjects.ValueObjectBase</CorrelationId>
      <OverwriteBehaviour>always</OverwriteBehaviour>
      <ApplicationRelativeFilePath>../../src/eShop.Ordering.Domain/ValueObject.cs</ApplicationRelativeFilePath>
      <ProjectRelativeFilePath>ValueObject.cs</ProjectRelativeFilePath>
      <IsIgnored>false</IsIgnored>
    </FileLog>
    <FileLog>
      <ProjectId>af67bcc0-d3b7-43de-a451-e5ffedf5b756</ProjectId>
      <CorrelationId>Intent.Eventing.MassTransit.MassTransitConfiguration</CorrelationId>
      <OverwriteBehaviour>always</OverwriteBehaviour>
      <ApplicationRelativeFilePath>../../src/eShop.Ordering.Infrastructure/Configuration/MassTransitConfiguration.cs</ApplicationRelativeFilePath>
      <ProjectRelativeFilePath>MassTransitConfiguration.cs</ProjectRelativeFilePath>
      <IsIgnored>false</IsIgnored>
    </FileLog>
    <FileLog>
      <ProjectId>f28d7d0d-6bd5-48e5-b6be-fda071e0f56a</ProjectId>
      <CorrelationId>Intent.Infrastructure.DependencyInjection.DependencyInjection</CorrelationId>
      <OverwriteBehaviour>always</OverwriteBehaviour>
      <ApplicationRelativeFilePath>../../src/eShop.Ordering.Infrastructure/DependencyInjection.cs</ApplicationRelativeFilePath>
      <ProjectRelativeFilePath>DependencyInjection.cs</ProjectRelativeFilePath>
      <IsIgnored>false</IsIgnored>
    </FileLog>
    <FileLog>
      <ProjectId>f28d7d0d-6bd5-48e5-b6be-fda071e0f56a</ProjectId>
      <CorrelationId>Intent.VisualStudio.Projects.CSharpProject#f28d7d0d-6bd5-48e5-b6be-fda071e0f56a</CorrelationId>
      <OverwriteBehaviour>always</OverwriteBehaviour>
      <ApplicationRelativeFilePath>../../src/eShop.Ordering.Infrastructure/eShop.Ordering.Infrastructure.csproj</ApplicationRelativeFilePath>
      <ProjectRelativeFilePath>eShop.Ordering.Infrastructure.csproj</ProjectRelativeFilePath>
      <IsIgnored>false</IsIgnored>
    </FileLog>
    <FileLog>
      <ProjectId>bcd7b645-8e02-4929-8de1-7a757bf35d25</ProjectId>
      <CorrelationId>Intent.Eventing.MassTransit.IntegrationEventConsumer</CorrelationId>
      <OverwriteBehaviour>always</OverwriteBehaviour>
      <ApplicationRelativeFilePath>../../src/eShop.Ordering.Infrastructure/Eventing/IntegrationEventConsumer.cs</ApplicationRelativeFilePath>
      <ProjectRelativeFilePath>IntegrationEventConsumer.cs</ProjectRelativeFilePath>
      <IsIgnored>false</IsIgnored>
    </FileLog>
    <FileLog>
      <ProjectId>bcd7b645-8e02-4929-8de1-7a757bf35d25</ProjectId>
      <CorrelationId>Intent.Eventing.MassTransit.MassTransitEventBus</CorrelationId>
      <OverwriteBehaviour>always</OverwriteBehaviour>
      <ApplicationRelativeFilePath>../../src/eShop.Ordering.Infrastructure/Eventing/MassTransitEventBus.cs</ApplicationRelativeFilePath>
      <ProjectRelativeFilePath>MassTransitEventBus.cs</ProjectRelativeFilePath>
      <IsIgnored>false</IsIgnored>
    </FileLog>
    <FileLog>
      <ProjectId>f3bd400b-80a8-4cca-9e1b-d12dd61dd3d5</ProjectId>
      <CorrelationId>Intent.EntityFrameworkCore.DbMigrationsReadMe</CorrelationId>
      <OverwriteBehaviour>always</OverwriteBehaviour>
      <ApplicationRelativeFilePath>../../src/eShop.Ordering.Infrastructure/Migrations/README.md</ApplicationRelativeFilePath>
      <ProjectRelativeFilePath>README.md</ProjectRelativeFilePath>
      <IsIgnored>false</IsIgnored>
    </FileLog>
    <FileLog>
      <ProjectId>49b0b349-441a-44f3-8831-0e57e889ab5a</ProjectId>
      <CorrelationId>Intent.EntityFrameworkCore.DbContext#DefaultConnection</CorrelationId>
      <OverwriteBehaviour>always</OverwriteBehaviour>
      <ApplicationRelativeFilePath>../../src/eShop.Ordering.Infrastructure/Persistence/ApplicationDbContext.cs</ApplicationRelativeFilePath>
      <ProjectRelativeFilePath>ApplicationDbContext.cs</ProjectRelativeFilePath>
      <IsIgnored>false</IsIgnored>
    </FileLog>
    <FileLog>
      <ProjectId>317efcc3-007e-422b-aa2b-cc4f8e4e40e3</ProjectId>
      <CorrelationId>Intent.EntityFrameworkCore.EntityTypeConfiguration#c9580049-c86e-4c8b-a10f-38c7cff1b98f</CorrelationId>
      <OverwriteBehaviour>always</OverwriteBehaviour>
      <ApplicationRelativeFilePath>../../src/eShop.Ordering.Infrastructure/Persistence/Configurations/BuyerAggregate/BuyerConfiguration.cs</ApplicationRelativeFilePath>
      <ProjectRelativeFilePath>BuyerAggregate/BuyerConfiguration.cs</ProjectRelativeFilePath>
      <IsIgnored>false</IsIgnored>
    </FileLog>
    <FileLog>
      <ProjectId>317efcc3-007e-422b-aa2b-cc4f8e4e40e3</ProjectId>
      <CorrelationId>Intent.EntityFrameworkCore.EntityTypeConfiguration#11551992-2fa3-4a1c-8c55-c02fe7cfc361</CorrelationId>
      <OverwriteBehaviour>always</OverwriteBehaviour>
      <ApplicationRelativeFilePath>../../src/eShop.Ordering.Infrastructure/Persistence/Configurations/OrderAggregate/OrderConfiguration.cs</ApplicationRelativeFilePath>
      <ProjectRelativeFilePath>OrderAggregate/OrderConfiguration.cs</ProjectRelativeFilePath>
      <IsIgnored>false</IsIgnored>
    </FileLog>
    <FileLog>
      <ProjectId>0b00dd4f-d9c8-4712-8b52-4ea6c95f51e8</ProjectId>
      <CorrelationId>Intent.EntityFrameworkCore.Repositories.Repository#c9580049-c86e-4c8b-a10f-38c7cff1b98f</CorrelationId>
      <OverwriteBehaviour>always</OverwriteBehaviour>
      <ApplicationRelativeFilePath>../../src/eShop.Ordering.Infrastructure/Repositories/BuyerAggregate/BuyerRepository.cs</ApplicationRelativeFilePath>
      <ProjectRelativeFilePath>BuyerAggregate/BuyerRepository.cs</ProjectRelativeFilePath>
      <IsIgnored>false</IsIgnored>
    </FileLog>
    <FileLog>
      <ProjectId>0b00dd4f-d9c8-4712-8b52-4ea6c95f51e8</ProjectId>
      <CorrelationId>Intent.EntityFrameworkCore.Repositories.Repository#11551992-2fa3-4a1c-8c55-c02fe7cfc361</CorrelationId>
      <OverwriteBehaviour>always</OverwriteBehaviour>
      <ApplicationRelativeFilePath>../../src/eShop.Ordering.Infrastructure/Repositories/OrderAggregate/OrderRepository.cs</ApplicationRelativeFilePath>
      <ProjectRelativeFilePath>OrderAggregate/OrderRepository.cs</ProjectRelativeFilePath>
      <IsIgnored>false</IsIgnored>
    </FileLog>
    <FileLog>
      <ProjectId>0b00dd4f-d9c8-4712-8b52-4ea6c95f51e8</ProjectId>
      <CorrelationId>Intent.EntityFrameworkCore.Repositories.RepositoryBase</CorrelationId>
      <OverwriteBehaviour>always</OverwriteBehaviour>
      <ApplicationRelativeFilePath>../../src/eShop.Ordering.Infrastructure/Repositories/RepositoryBase.cs</ApplicationRelativeFilePath>
      <ProjectRelativeFilePath>RepositoryBase.cs</ProjectRelativeFilePath>
      <IsIgnored>false</IsIgnored>
    </FileLog>
    <FileLog>
      <ProjectId>7340a344-ba67-4348-befd-0d26a990ceaf</ProjectId>
      <CorrelationId>Intent.MediatR.DomainEvents.DomainEventService</CorrelationId>
      <OverwriteBehaviour>always</OverwriteBehaviour>
      <ApplicationRelativeFilePath>../../src/eShop.Ordering.Infrastructure/Services/DomainEventService.cs</ApplicationRelativeFilePath>
      <ProjectRelativeFilePath>DomainEventService.cs</ProjectRelativeFilePath>
      <IsIgnored>false</IsIgnored>
    </FileLog>
    <FileLog>
      <CorrelationId>Intent.VisualStudio.Projects.VisualStudioSolution#431fcae9-9939-4773-a801-8625bbc50909</CorrelationId>
      <OverwriteBehaviour>always</OverwriteBehaviour>
      <ApplicationRelativeFilePath>../../src/eShop.Sample.sln</ApplicationRelativeFilePath>
      <IsIgnored>false</IsIgnored>
    </FileLog>
  </FileLogs>
</outputLog>