<?xml version="1.0" encoding="utf-8"?>
<outputLog>
  <ApplicationId>6b7965d9-865e-4d2b-bd06-f7c0dd8cc9db</ApplicationId>
  <FileLogs>
    <FileLog>
      <CorrelationId>Intent.VisualStudio.Projects.GitIgnore#dd40f215-4bf6-4101-b9a2-ef5ca6380c59</CorrelationId>
      <OverwriteBehaviour>overwrite-disabled</OverwriteBehaviour>
      <ApplicationRelativeFilePath>../../src/.gitignore</ApplicationRelativeFilePath>
      <IsIgnored>false</IsIgnored>
    </FileLog>
    <FileLog>
      <CorrelationId>Intent.VisualStudio.Projects.VisualStudioSolution#dd40f215-4bf6-4101-b9a2-ef5ca6380c59</CorrelationId>
      <OverwriteBehaviour>always</OverwriteBehaviour>
      <ApplicationRelativeFilePath>../../src/eShop.Sample.sln</ApplicationRelativeFilePath>
      <IsIgnored>false</IsIgnored>
    </FileLog>
    <FileLog>
      <ProjectId>c22615e1-65f9-4ad0-b557-2a53bd3db71c</ProjectId>
      <CorrelationId>Intent.Blazor.Templates.Client.ClientImportsRazorTemplate</CorrelationId>
      <OverwriteBehaviour>always</OverwriteBehaviour>
      <ApplicationRelativeFilePath>../../src/eShop.Web.Client/_Imports.razor</ApplicationRelativeFilePath>
      <ProjectRelativeFilePath>_Imports.razor</ProjectRelativeFilePath>
      <IsIgnored>false</IsIgnored>
    </FileLog>
    <FileLog>
      <ProjectId>294ff99d-5626-4344-b6ea-4f695db305f0</ProjectId>
      <CorrelationId>Intent.Blazor.HttpClients.HttpClientRequestException</CorrelationId>
      <OverwriteBehaviour>always</OverwriteBehaviour>
      <ApplicationRelativeFilePath>../../src/eShop.Web.Client/Common/HttpClientRequestException.cs</ApplicationRelativeFilePath>
      <ProjectRelativeFilePath>HttpClientRequestException.cs</ProjectRelativeFilePath>
      <IsIgnored>false</IsIgnored>
    </FileLog>
    <FileLog>
      <ProjectId>294ff99d-5626-4344-b6ea-4f695db305f0</ProjectId>
      <CorrelationId>Intent.Blazor.HttpClients.JsonResponse</CorrelationId>
      <OverwriteBehaviour>always</OverwriteBehaviour>
      <ApplicationRelativeFilePath>../../src/eShop.Web.Client/Common/JsonResponse.cs</ApplicationRelativeFilePath>
      <ProjectRelativeFilePath>JsonResponse.cs</ProjectRelativeFilePath>
      <IsIgnored>false</IsIgnored>
    </FileLog>
    <FileLog>
      <ProjectId>294ff99d-5626-4344-b6ea-4f695db305f0</ProjectId>
      <CorrelationId>Intent.Blazor.HttpClients.PagedResult#9204e067-bdc8-45e7-8970-8a833fdc5253</CorrelationId>
      <OverwriteBehaviour>always</OverwriteBehaviour>
      <ApplicationRelativeFilePath>../../src/eShop.Web.Client/Common/PagedResult.cs</ApplicationRelativeFilePath>
      <ProjectRelativeFilePath>PagedResult.cs</ProjectRelativeFilePath>
      <IsIgnored>false</IsIgnored>
    </FileLog>
    <FileLog>
      <ProjectId>294ff99d-5626-4344-b6ea-4f695db305f0</ProjectId>
      <CorrelationId>Intent.Blazor.Authentication.Templates.Client.PersistentAuthenticationStateProviderTemplate</CorrelationId>
      <OverwriteBehaviour>always</OverwriteBehaviour>
      <ApplicationRelativeFilePath>../../src/eShop.Web.Client/Common/PersistentAuthenticationStateProvider.cs</ApplicationRelativeFilePath>
      <ProjectRelativeFilePath>PersistentAuthenticationStateProvider.cs</ProjectRelativeFilePath>
      <IsIgnored>false</IsIgnored>
    </FileLog>
    <FileLog>
      <ProjectId>294ff99d-5626-4344-b6ea-4f695db305f0</ProjectId>
      <CorrelationId>Intent.Blazor.HttpClients.ProblemDetailsWithErrors</CorrelationId>
      <OverwriteBehaviour>always</OverwriteBehaviour>
      <ApplicationRelativeFilePath>../../src/eShop.Web.Client/Common/ProblemDetailsWithErrors.cs</ApplicationRelativeFilePath>
      <ProjectRelativeFilePath>ProblemDetailsWithErrors.cs</ProjectRelativeFilePath>
      <IsIgnored>false</IsIgnored>
    </FileLog>
    <FileLog>
      <ProjectId>448b99e5-0f7b-496d-a9c3-df8db3e50c6c</ProjectId>
      <CorrelationId>Intent.Blazor.FluentValidation.ValidatorProviderInterface</CorrelationId>
      <OverwriteBehaviour>always</OverwriteBehaviour>
      <ApplicationRelativeFilePath>../../src/eShop.Web.Client/Common/Validation/IValidatorProvider.cs</ApplicationRelativeFilePath>
      <ProjectRelativeFilePath>IValidatorProvider.cs</ProjectRelativeFilePath>
      <IsIgnored>false</IsIgnored>
    </FileLog>
    <FileLog>
      <ProjectId>448b99e5-0f7b-496d-a9c3-df8db3e50c6c</ProjectId>
      <CorrelationId>Intent.Blazor.FluentValidation.ValidatorProvider</CorrelationId>
      <OverwriteBehaviour>always</OverwriteBehaviour>
      <ApplicationRelativeFilePath>../../src/eShop.Web.Client/Common/Validation/ValidatorProvider.cs</ApplicationRelativeFilePath>
      <ProjectRelativeFilePath>ValidatorProvider.cs</ProjectRelativeFilePath>
      <IsIgnored>false</IsIgnored>
    </FileLog>
    <FileLog>
      <ProjectId>448b99e5-0f7b-496d-a9c3-df8db3e50c6c</ProjectId>
      <CorrelationId>Intent.Blazor.Components.MudBlazor.FluentValidationProviderExtensions</CorrelationId>
      <OverwriteBehaviour>always</OverwriteBehaviour>
      <ApplicationRelativeFilePath>../../src/eShop.Web.Client/Common/Validation/ValidatorProviderExtensions.cs</ApplicationRelativeFilePath>
      <ProjectRelativeFilePath>ValidatorProviderExtensions.cs</ProjectRelativeFilePath>
      <IsIgnored>false</IsIgnored>
    </FileLog>
    <FileLog>
      <ProjectId>5abafa8d-205a-4fee-968a-b4f7d5f362fd</ProjectId>
      <CorrelationId>Intent.Blazor.Authentication.Templates.Client.RedirectToLoginTemplate</CorrelationId>
      <OverwriteBehaviour>always</OverwriteBehaviour>
      <ApplicationRelativeFilePath>../../src/eShop.Web.Client/Components/Account/Shared/RedirectToLogin.razor</ApplicationRelativeFilePath>
      <ProjectRelativeFilePath>RedirectToLogin.razor</ProjectRelativeFilePath>
      <IsIgnored>false</IsIgnored>
    </FileLog>
    <FileLog>
      <ProjectId>5abafa8d-205a-4fee-968a-b4f7d5f362fd</ProjectId>
      <CorrelationId>Intent.Blazor.Authentication.Templates.Client.UserInfoTemplate</CorrelationId>
      <OverwriteBehaviour>always</OverwriteBehaviour>
      <ApplicationRelativeFilePath>../../src/eShop.Web.Client/Components/Account/Shared/UserInfo.cs</ApplicationRelativeFilePath>
      <ProjectRelativeFilePath>UserInfo.cs</ProjectRelativeFilePath>
      <IsIgnored>false</IsIgnored>
    </FileLog>
    <FileLog>
      <ProjectId>c22615e1-65f9-4ad0-b557-2a53bd3db71c</ProjectId>
      <CorrelationId>Intent.Blazor.Templates.Client.RazorComponentTemplate#def0353c-21e1-416f-8cce-4479d3f4ca50</CorrelationId>
      <OverwriteBehaviour>always</OverwriteBehaviour>
      <ApplicationRelativeFilePath>../../src/eShop.Web.Client/Components/CatalogSearch.razor</ApplicationRelativeFilePath>
      <ProjectRelativeFilePath>Components/CatalogSearch.razor</ProjectRelativeFilePath>
      <IsIgnored>false</IsIgnored>
    </FileLog>
    <FileLog>
      <ProjectId>c22615e1-65f9-4ad0-b557-2a53bd3db71c</ProjectId>
      <CorrelationId>Intent.Blazor.Templates.Client.RazorComponentCodeBehindTemplate#def0353c-21e1-416f-8cce-4479d3f4ca50</CorrelationId>
      <OverwriteBehaviour>always</OverwriteBehaviour>
      <ApplicationRelativeFilePath>../../src/eShop.Web.Client/Components/CatalogSearch.razor.cs</ApplicationRelativeFilePath>
      <ProjectRelativeFilePath>Components/CatalogSearch.razor.cs</ProjectRelativeFilePath>
      <IsIgnored>false</IsIgnored>
    </FileLog>
    <FileLog>
      <ProjectId>c22615e1-65f9-4ad0-b557-2a53bd3db71c</ProjectId>
      <CorrelationId>Intent.Blazor.Templates.Client.RazorComponentTemplate#eed80c96-b210-49d5-bb09-6a93c528d81b</CorrelationId>
      <OverwriteBehaviour>always</OverwriteBehaviour>
      <ApplicationRelativeFilePath>../../src/eShop.Web.Client/Components/FooterBar.razor</ApplicationRelativeFilePath>
      <ProjectRelativeFilePath>Components/FooterBar.razor</ProjectRelativeFilePath>
      <IsIgnored>false</IsIgnored>
    </FileLog>
    <FileLog>
      <ProjectId>c22615e1-65f9-4ad0-b557-2a53bd3db71c</ProjectId>
      <CorrelationId>Intent.Blazor.Templates.Client.RazorComponentCodeBehindTemplate#eed80c96-b210-49d5-bb09-6a93c528d81b</CorrelationId>
      <OverwriteBehaviour>always</OverwriteBehaviour>
      <ApplicationRelativeFilePath>../../src/eShop.Web.Client/Components/FooterBar.razor.cs</ApplicationRelativeFilePath>
      <ProjectRelativeFilePath>Components/FooterBar.razor.cs</ProjectRelativeFilePath>
      <IsIgnored>false</IsIgnored>
    </FileLog>
    <FileLog>
      <ProjectId>c22615e1-65f9-4ad0-b557-2a53bd3db71c</ProjectId>
      <CorrelationId>Intent.Blazor.Templates.Client.RazorComponentTemplate#3d0e14f0-dd6e-4e99-8386-dfa16919ceb3</CorrelationId>
      <OverwriteBehaviour>always</OverwriteBehaviour>
      <ApplicationRelativeFilePath>../../src/eShop.Web.Client/Components/HeaderBar.razor</ApplicationRelativeFilePath>
      <ProjectRelativeFilePath>Components/HeaderBar.razor</ProjectRelativeFilePath>
      <IsIgnored>false</IsIgnored>
    </FileLog>
    <FileLog>
      <ProjectId>c22615e1-65f9-4ad0-b557-2a53bd3db71c</ProjectId>
      <CorrelationId>Intent.Blazor.Templates.Client.RazorComponentCodeBehindTemplate#3d0e14f0-dd6e-4e99-8386-dfa16919ceb3</CorrelationId>
      <OverwriteBehaviour>always</OverwriteBehaviour>
      <ApplicationRelativeFilePath>../../src/eShop.Web.Client/Components/HeaderBar.razor.cs</ApplicationRelativeFilePath>
      <ProjectRelativeFilePath>Components/HeaderBar.razor.cs</ProjectRelativeFilePath>
      <IsIgnored>false</IsIgnored>
    </FileLog>
    <FileLog>
      <ProjectId>88562161-5bbf-4af8-94fb-0cb13c37f2af</ProjectId>
      <CorrelationId>Intent.Blazor.HttpClients.DtoContract#cd639556-6b4e-4e8e-acb7-5468c696af3c</CorrelationId>
      <OverwriteBehaviour>always</OverwriteBehaviour>
      <ApplicationRelativeFilePath>../../src/eShop.Web.Client/Contracts/Basket/Services/CustomerBaskets/BasketDto.cs</ApplicationRelativeFilePath>
      <ProjectRelativeFilePath>Basket/Services/CustomerBaskets/BasketDto.cs</ProjectRelativeFilePath>
      <IsIgnored>false</IsIgnored>
    </FileLog>
    <FileLog>
      <ProjectId>88562161-5bbf-4af8-94fb-0cb13c37f2af</ProjectId>
      <CorrelationId>Intent.Blazor.HttpClients.Dtos.FluentValidation.DtoValidator#cd639556-6b4e-4e8e-acb7-5468c696af3c</CorrelationId>
      <OverwriteBehaviour>always</OverwriteBehaviour>
      <ApplicationRelativeFilePath>../../src/eShop.Web.Client/Contracts/Basket/Services/CustomerBaskets/BasketDtoValidator.cs</ApplicationRelativeFilePath>
      <ProjectRelativeFilePath>Basket/Services/CustomerBaskets/BasketDtoValidator.cs</ProjectRelativeFilePath>
      <IsIgnored>false</IsIgnored>
    </FileLog>
    <FileLog>
      <ProjectId>88562161-5bbf-4af8-94fb-0cb13c37f2af</ProjectId>
      <CorrelationId>Intent.Blazor.HttpClients.DtoContract#bfdddf1f-8e11-4bb9-93e8-aa5589c160b3</CorrelationId>
      <OverwriteBehaviour>always</OverwriteBehaviour>
      <ApplicationRelativeFilePath>../../src/eShop.Web.Client/Contracts/Basket/Services/CustomerBaskets/BasketItemDto.cs</ApplicationRelativeFilePath>
      <ProjectRelativeFilePath>Basket/Services/CustomerBaskets/BasketItemDto.cs</ProjectRelativeFilePath>
      <IsIgnored>false</IsIgnored>
    </FileLog>
    <FileLog>
      <ProjectId>88562161-5bbf-4af8-94fb-0cb13c37f2af</ProjectId>
      <CorrelationId>Intent.Blazor.HttpClients.Dtos.FluentValidation.DtoValidator#bfdddf1f-8e11-4bb9-93e8-aa5589c160b3</CorrelationId>
      <OverwriteBehaviour>always</OverwriteBehaviour>
      <ApplicationRelativeFilePath>../../src/eShop.Web.Client/Contracts/Basket/Services/CustomerBaskets/BasketItemDtoValidator.cs</ApplicationRelativeFilePath>
      <ProjectRelativeFilePath>Basket/Services/CustomerBaskets/BasketItemDtoValidator.cs</ProjectRelativeFilePath>
      <IsIgnored>false</IsIgnored>
    </FileLog>
    <FileLog>
      <ProjectId>88562161-5bbf-4af8-94fb-0cb13c37f2af</ProjectId>
      <CorrelationId>Intent.Blazor.HttpClients.DtoContract#5f5fcecd-4655-44e5-9d30-23a5604b0481</CorrelationId>
      <OverwriteBehaviour>always</OverwriteBehaviour>
      <ApplicationRelativeFilePath>../../src/eShop.Web.Client/Contracts/Catalog/Services/CatalogItems/CatalogBrandDto.cs</ApplicationRelativeFilePath>
      <ProjectRelativeFilePath>Catalog/Services/CatalogItems/CatalogBrandDto.cs</ProjectRelativeFilePath>
      <IsIgnored>false</IsIgnored>
    </FileLog>
    <FileLog>
      <ProjectId>88562161-5bbf-4af8-94fb-0cb13c37f2af</ProjectId>
      <CorrelationId>Intent.Blazor.HttpClients.Dtos.FluentValidation.DtoValidator#5f5fcecd-4655-44e5-9d30-23a5604b0481</CorrelationId>
      <OverwriteBehaviour>always</OverwriteBehaviour>
      <ApplicationRelativeFilePath>../../src/eShop.Web.Client/Contracts/Catalog/Services/CatalogItems/CatalogBrandDtoValidator.cs</ApplicationRelativeFilePath>
      <ProjectRelativeFilePath>Catalog/Services/CatalogItems/CatalogBrandDtoValidator.cs</ProjectRelativeFilePath>
      <IsIgnored>false</IsIgnored>
    </FileLog>
    <FileLog>
      <ProjectId>88562161-5bbf-4af8-94fb-0cb13c37f2af</ProjectId>
      <CorrelationId>Intent.Blazor.HttpClients.DtoContract#9a1c6bba-29d9-4062-ba02-26215f1abb20</CorrelationId>
      <OverwriteBehaviour>always</OverwriteBehaviour>
      <ApplicationRelativeFilePath>../../src/eShop.Web.Client/Contracts/Catalog/Services/CatalogItems/CatalogItemDto.cs</ApplicationRelativeFilePath>
      <ProjectRelativeFilePath>Catalog/Services/CatalogItems/CatalogItemDto.cs</ProjectRelativeFilePath>
      <IsIgnored>false</IsIgnored>
    </FileLog>
    <FileLog>
      <ProjectId>88562161-5bbf-4af8-94fb-0cb13c37f2af</ProjectId>
      <CorrelationId>Intent.Blazor.HttpClients.Dtos.FluentValidation.DtoValidator#9a1c6bba-29d9-4062-ba02-26215f1abb20</CorrelationId>
      <OverwriteBehaviour>always</OverwriteBehaviour>
      <ApplicationRelativeFilePath>../../src/eShop.Web.Client/Contracts/Catalog/Services/CatalogItems/CatalogItemDtoValidator.cs</ApplicationRelativeFilePath>
      <ProjectRelativeFilePath>Catalog/Services/CatalogItems/CatalogItemDtoValidator.cs</ProjectRelativeFilePath>
      <IsIgnored>false</IsIgnored>
    </FileLog>
    <FileLog>
      <ProjectId>88562161-5bbf-4af8-94fb-0cb13c37f2af</ProjectId>
      <CorrelationId>Intent.Blazor.HttpClients.DtoContract#657743a4-bcd0-4ba1-8f09-4e55868fd4df</CorrelationId>
      <OverwriteBehaviour>always</OverwriteBehaviour>
      <ApplicationRelativeFilePath>../../src/eShop.Web.Client/Contracts/Catalog/Services/CatalogItems/CatalogTypeDto.cs</ApplicationRelativeFilePath>
      <ProjectRelativeFilePath>Catalog/Services/CatalogItems/CatalogTypeDto.cs</ProjectRelativeFilePath>
      <IsIgnored>false</IsIgnored>
    </FileLog>
    <FileLog>
      <ProjectId>88562161-5bbf-4af8-94fb-0cb13c37f2af</ProjectId>
      <CorrelationId>Intent.Blazor.HttpClients.Dtos.FluentValidation.DtoValidator#657743a4-bcd0-4ba1-8f09-4e55868fd4df</CorrelationId>
      <OverwriteBehaviour>always</OverwriteBehaviour>
      <ApplicationRelativeFilePath>../../src/eShop.Web.Client/Contracts/Catalog/Services/CatalogItems/CatalogTypeDtoValidator.cs</ApplicationRelativeFilePath>
      <ProjectRelativeFilePath>Catalog/Services/CatalogItems/CatalogTypeDtoValidator.cs</ProjectRelativeFilePath>
      <IsIgnored>false</IsIgnored>
    </FileLog>
    <FileLog>
      <ProjectId>88562161-5bbf-4af8-94fb-0cb13c37f2af</ProjectId>
      <CorrelationId>Intent.Blazor.HttpClients.DtoContract#fc5d4a28-b660-4f94-9f5f-93aad1e373e2</CorrelationId>
      <OverwriteBehaviour>always</OverwriteBehaviour>
      <ApplicationRelativeFilePath>../../src/eShop.Web.Client/Contracts/Ordering/Services/Orders/CreateOrderCommand.cs</ApplicationRelativeFilePath>
      <ProjectRelativeFilePath>Ordering/Services/Orders/CreateOrderCommand.cs</ProjectRelativeFilePath>
      <IsIgnored>false</IsIgnored>
    </FileLog>
    <FileLog>
      <ProjectId>88562161-5bbf-4af8-94fb-0cb13c37f2af</ProjectId>
      <CorrelationId>Intent.Blazor.HttpClients.Dtos.FluentValidation.DtoValidator#fc5d4a28-b660-4f94-9f5f-93aad1e373e2</CorrelationId>
      <OverwriteBehaviour>always</OverwriteBehaviour>
      <ApplicationRelativeFilePath>../../src/eShop.Web.Client/Contracts/Ordering/Services/Orders/CreateOrderCommandValidator.cs</ApplicationRelativeFilePath>
      <ProjectRelativeFilePath>Ordering/Services/Orders/CreateOrderCommandValidator.cs</ProjectRelativeFilePath>
      <IsIgnored>false</IsIgnored>
    </FileLog>
    <FileLog>
      <ProjectId>88562161-5bbf-4af8-94fb-0cb13c37f2af</ProjectId>
      <CorrelationId>Intent.Blazor.HttpClients.DtoContract#57a813f3-89ae-4d3f-a6dd-53c8c494dc10</CorrelationId>
      <OverwriteBehaviour>always</OverwriteBehaviour>
      <ApplicationRelativeFilePath>../../src/eShop.Web.Client/Contracts/Ordering/Services/Orders/OrderItemDto.cs</ApplicationRelativeFilePath>
      <ProjectRelativeFilePath>Ordering/Services/Orders/OrderItemDto.cs</ProjectRelativeFilePath>
      <IsIgnored>false</IsIgnored>
    </FileLog>
    <FileLog>
      <ProjectId>88562161-5bbf-4af8-94fb-0cb13c37f2af</ProjectId>
      <CorrelationId>Intent.Blazor.HttpClients.Dtos.FluentValidation.DtoValidator#57a813f3-89ae-4d3f-a6dd-53c8c494dc10</CorrelationId>
      <OverwriteBehaviour>always</OverwriteBehaviour>
      <ApplicationRelativeFilePath>../../src/eShop.Web.Client/Contracts/Ordering/Services/Orders/OrderItemDtoValidator.cs</ApplicationRelativeFilePath>
      <ProjectRelativeFilePath>Ordering/Services/Orders/OrderItemDtoValidator.cs</ProjectRelativeFilePath>
      <IsIgnored>false</IsIgnored>
    </FileLog>
    <FileLog>
      <ProjectId>88562161-5bbf-4af8-94fb-0cb13c37f2af</ProjectId>
      <CorrelationId>Intent.Blazor.HttpClients.DtoContract#efed376f-7c88-4e0b-bf94-b69a0edddb29</CorrelationId>
      <OverwriteBehaviour>always</OverwriteBehaviour>
      <ApplicationRelativeFilePath>../../src/eShop.Web.Client/Contracts/Ordering/Services/Orders/OrderSummaryDto.cs</ApplicationRelativeFilePath>
      <ProjectRelativeFilePath>Ordering/Services/Orders/OrderSummaryDto.cs</ProjectRelativeFilePath>
      <IsIgnored>false</IsIgnored>
    </FileLog>
    <FileLog>
      <ProjectId>c22615e1-65f9-4ad0-b557-2a53bd3db71c</ProjectId>
      <CorrelationId>Intent.Blazor.Templates.Client.DependencyInjection</CorrelationId>
      <OverwriteBehaviour>always</OverwriteBehaviour>
      <ApplicationRelativeFilePath>../../src/eShop.Web.Client/DependencyInjection.cs</ApplicationRelativeFilePath>
      <ProjectRelativeFilePath>DependencyInjection.cs</ProjectRelativeFilePath>
      <IsIgnored>false</IsIgnored>
    </FileLog>
    <FileLog>
      <ProjectId>c22615e1-65f9-4ad0-b557-2a53bd3db71c</ProjectId>
      <CorrelationId>Intent.VisualStudio.Projects.CSharpProject#c22615e1-65f9-4ad0-b557-2a53bd3db71c</CorrelationId>
      <OverwriteBehaviour>always</OverwriteBehaviour>
      <ApplicationRelativeFilePath>../../src/eShop.Web.Client/eShop.Web.Client.csproj</ApplicationRelativeFilePath>
      <ProjectRelativeFilePath>eShop.Web.Client.csproj</ProjectRelativeFilePath>
      <IsIgnored>false</IsIgnored>
    </FileLog>
    <FileLog>
      <ProjectId>c22615e1-65f9-4ad0-b557-2a53bd3db71c</ProjectId>
      <CorrelationId>Intent.Blazor.HttpClients.HttpClientConfiguration</CorrelationId>
      <OverwriteBehaviour>always</OverwriteBehaviour>
      <ApplicationRelativeFilePath>../../src/eShop.Web.Client/HttpClientConfiguration.cs</ApplicationRelativeFilePath>
      <ProjectRelativeFilePath>HttpClientConfiguration.cs</ProjectRelativeFilePath>
      <IsIgnored>false</IsIgnored>
    </FileLog>
    <FileLog>
      <ProjectId>c22615e1-65f9-4ad0-b557-2a53bd3db71c</ProjectId>
      <CorrelationId>Intent.Blazor.HttpClients.ServiceContract#aee6e6e6-4433-482a-8b51-3d83c4526244</CorrelationId>
      <OverwriteBehaviour>always</OverwriteBehaviour>
      <ApplicationRelativeFilePath>../../src/eShop.Web.Client/IBasketService.cs</ApplicationRelativeFilePath>
      <ProjectRelativeFilePath>IBasketService.cs</ProjectRelativeFilePath>
      <IsIgnored>false</IsIgnored>
    </FileLog>
    <FileLog>
      <ProjectId>c22615e1-65f9-4ad0-b557-2a53bd3db71c</ProjectId>
      <CorrelationId>Intent.Blazor.HttpClients.ServiceContract#99909f93-8c4c-4295-a480-242169cc6914</CorrelationId>
      <OverwriteBehaviour>always</OverwriteBehaviour>
      <ApplicationRelativeFilePath>../../src/eShop.Web.Client/ICatalogService.cs</ApplicationRelativeFilePath>
      <ProjectRelativeFilePath>ICatalogService.cs</ProjectRelativeFilePath>
      <IsIgnored>false</IsIgnored>
    </FileLog>
    <FileLog>
      <ProjectId>bc0c1df7-0f40-4fcf-9de6-03cf583b5652</ProjectId>
      <CorrelationId>Intent.Blazor.HttpClients.HttpClient#aee6e6e6-4433-482a-8b51-3d83c4526244</CorrelationId>
      <OverwriteBehaviour>always</OverwriteBehaviour>
      <ApplicationRelativeFilePath>../../src/eShop.Web.Client/Implementations/BasketServiceHttpClient.cs</ApplicationRelativeFilePath>
      <ProjectRelativeFilePath>BasketServiceHttpClient.cs</ProjectRelativeFilePath>
      <IsIgnored>false</IsIgnored>
    </FileLog>
    <FileLog>
      <ProjectId>bc0c1df7-0f40-4fcf-9de6-03cf583b5652</ProjectId>
      <CorrelationId>Intent.Blazor.HttpClients.HttpClient#99909f93-8c4c-4295-a480-242169cc6914</CorrelationId>
      <OverwriteBehaviour>always</OverwriteBehaviour>
      <ApplicationRelativeFilePath>../../src/eShop.Web.Client/Implementations/CatalogServiceHttpClient.cs</ApplicationRelativeFilePath>
      <ProjectRelativeFilePath>CatalogServiceHttpClient.cs</ProjectRelativeFilePath>
      <IsIgnored>false</IsIgnored>
    </FileLog>
    <FileLog>
      <ProjectId>bc0c1df7-0f40-4fcf-9de6-03cf583b5652</ProjectId>
      <CorrelationId>Intent.Blazor.HttpClients.HttpClient#6ee622fa-aea6-41b9-ab1e-d14792c29bc7</CorrelationId>
      <OverwriteBehaviour>always</OverwriteBehaviour>
      <ApplicationRelativeFilePath>../../src/eShop.Web.Client/Implementations/Orders/OrdersServiceHttpClient.cs</ApplicationRelativeFilePath>
      <ProjectRelativeFilePath>Orders/OrdersServiceHttpClient.cs</ProjectRelativeFilePath>
      <IsIgnored>false</IsIgnored>
    </FileLog>
    <FileLog>
      <ProjectId>c22615e1-65f9-4ad0-b557-2a53bd3db71c</ProjectId>
      <CorrelationId>Intent.Blazor.HttpClients.ServiceContract#6ee622fa-aea6-41b9-ab1e-d14792c29bc7</CorrelationId>
      <OverwriteBehaviour>always</OverwriteBehaviour>
      <ApplicationRelativeFilePath>../../src/eShop.Web.Client/IOrdersService.cs</ApplicationRelativeFilePath>
      <ProjectRelativeFilePath>IOrdersService.cs</ProjectRelativeFilePath>
      <IsIgnored>false</IsIgnored>
    </FileLog>
    <FileLog>
      <ProjectId>c22615e1-65f9-4ad0-b557-2a53bd3db71c</ProjectId>
      <CorrelationId>Intent.Blazor.Templates.Client.RazorLayoutTemplate#6c5218ce-43e5-4ab0-acea-d0f3743e2b69</CorrelationId>
      <OverwriteBehaviour>always</OverwriteBehaviour>
      <ApplicationRelativeFilePath>../../src/eShop.Web.Client/Layout/MainLayout.razor</ApplicationRelativeFilePath>
      <ProjectRelativeFilePath>Layout/MainLayout.razor</ProjectRelativeFilePath>
      <IsIgnored>true</IsIgnored>
    </FileLog>
    <FileLog>
      <ProjectId>c22615e1-65f9-4ad0-b557-2a53bd3db71c</ProjectId>
      <CorrelationId>Intent.Blazor.Templates.Client.RazorLayoutCodeBehindTemplate#6c5218ce-43e5-4ab0-acea-d0f3743e2b69</CorrelationId>
      <OverwriteBehaviour>always</OverwriteBehaviour>
      <ApplicationRelativeFilePath>../../src/eShop.Web.Client/Layout/MainLayout.razor.cs</ApplicationRelativeFilePath>
      <ProjectRelativeFilePath>Layout/MainLayout.razor.cs</ProjectRelativeFilePath>
      <IsIgnored>false</IsIgnored>
    </FileLog>
    <FileLog>
      <ProjectId>c22615e1-65f9-4ad0-b557-2a53bd3db71c</ProjectId>
      <CorrelationId>Intent.Blazor.Templates.Client.RazorComponentTemplate#94f109cb-d93f-4599-8262-98be7fb3d3b3</CorrelationId>
      <OverwriteBehaviour>always</OverwriteBehaviour>
      <ApplicationRelativeFilePath>../../src/eShop.Web.Client/Pages/Cart/Cart.razor</ApplicationRelativeFilePath>
      <ProjectRelativeFilePath>Pages/Cart/Cart.razor</ProjectRelativeFilePath>
      <IsIgnored>true</IsIgnored>
    </FileLog>
    <FileLog>
      <ProjectId>c22615e1-65f9-4ad0-b557-2a53bd3db71c</ProjectId>
      <CorrelationId>Intent.Blazor.Templates.Client.RazorComponentCodeBehindTemplate#94f109cb-d93f-4599-8262-98be7fb3d3b3</CorrelationId>
      <OverwriteBehaviour>always</OverwriteBehaviour>
      <ApplicationRelativeFilePath>../../src/eShop.Web.Client/Pages/Cart/Cart.razor.cs</ApplicationRelativeFilePath>
      <ProjectRelativeFilePath>Pages/Cart/Cart.razor.cs</ProjectRelativeFilePath>
      <IsIgnored>true</IsIgnored>
    </FileLog>
    <FileLog>
      <ProjectId>c22615e1-65f9-4ad0-b557-2a53bd3db71c</ProjectId>
      <CorrelationId>Intent.Blazor.Templates.Client.RazorComponentTemplate#91998985-b788-4232-ab8e-19eb2c8b5355</CorrelationId>
      <OverwriteBehaviour>always</OverwriteBehaviour>
      <ApplicationRelativeFilePath>../../src/eShop.Web.Client/Pages/Cart/Components/ProductImagePrice.razor</ApplicationRelativeFilePath>
      <ProjectRelativeFilePath>Pages/Cart/Components/ProductImagePrice.razor</ProjectRelativeFilePath>
      <IsIgnored>true</IsIgnored>
    </FileLog>
    <FileLog>
      <ProjectId>c22615e1-65f9-4ad0-b557-2a53bd3db71c</ProjectId>
      <CorrelationId>Intent.Blazor.Templates.Client.RazorComponentCodeBehindTemplate#91998985-b788-4232-ab8e-19eb2c8b5355</CorrelationId>
      <OverwriteBehaviour>always</OverwriteBehaviour>
      <ApplicationRelativeFilePath>../../src/eShop.Web.Client/Pages/Cart/Components/ProductImagePrice.razor.cs</ApplicationRelativeFilePath>
      <ProjectRelativeFilePath>Pages/Cart/Components/ProductImagePrice.razor.cs</ProjectRelativeFilePath>
      <IsIgnored>false</IsIgnored>
    </FileLog>
    <FileLog>
      <ProjectId>c22615e1-65f9-4ad0-b557-2a53bd3db71c</ProjectId>
      <CorrelationId>Intent.Blazor.Templates.Client.RazorComponentTemplate#b6dc06ec-0fe4-4f81-8818-9558017ab263</CorrelationId>
      <OverwriteBehaviour>always</OverwriteBehaviour>
      <ApplicationRelativeFilePath>../../src/eShop.Web.Client/Pages/Catalog/Catalog.razor</ApplicationRelativeFilePath>
      <ProjectRelativeFilePath>Pages/Catalog/Catalog.razor</ProjectRelativeFilePath>
      <IsIgnored>false</IsIgnored>
    </FileLog>
    <FileLog>
      <ProjectId>c22615e1-65f9-4ad0-b557-2a53bd3db71c</ProjectId>
      <CorrelationId>Intent.Blazor.Templates.Client.RazorComponentCodeBehindTemplate#b6dc06ec-0fe4-4f81-8818-9558017ab263</CorrelationId>
      <OverwriteBehaviour>always</OverwriteBehaviour>
      <ApplicationRelativeFilePath>../../src/eShop.Web.Client/Pages/Catalog/Catalog.razor.cs</ApplicationRelativeFilePath>
      <ProjectRelativeFilePath>Pages/Catalog/Catalog.razor.cs</ProjectRelativeFilePath>
      <IsIgnored>false</IsIgnored>
    </FileLog>
    <FileLog>
      <ProjectId>c22615e1-65f9-4ad0-b557-2a53bd3db71c</ProjectId>
      <CorrelationId>Intent.Blazor.Templates.Client.RazorComponentTemplate#0bd4cfc3-4db5-4c6a-bab0-5326c6a1c9b7</CorrelationId>
      <OverwriteBehaviour>always</OverwriteBehaviour>
      <ApplicationRelativeFilePath>../../src/eShop.Web.Client/Pages/Catalog/Components/CatalogItemCard.razor</ApplicationRelativeFilePath>
      <ProjectRelativeFilePath>Pages/Catalog/Components/CatalogItemCard.razor</ProjectRelativeFilePath>
      <IsIgnored>false</IsIgnored>
    </FileLog>
    <FileLog>
      <ProjectId>c22615e1-65f9-4ad0-b557-2a53bd3db71c</ProjectId>
      <CorrelationId>Intent.Blazor.Templates.Client.RazorComponentCodeBehindTemplate#0bd4cfc3-4db5-4c6a-bab0-5326c6a1c9b7</CorrelationId>
      <OverwriteBehaviour>always</OverwriteBehaviour>
      <ApplicationRelativeFilePath>../../src/eShop.Web.Client/Pages/Catalog/Components/CatalogItemCard.razor.cs</ApplicationRelativeFilePath>
      <ProjectRelativeFilePath>Pages/Catalog/Components/CatalogItemCard.razor.cs</ProjectRelativeFilePath>
      <IsIgnored>false</IsIgnored>
    </FileLog>
    <FileLog>
      <ProjectId>c22615e1-65f9-4ad0-b557-2a53bd3db71c</ProjectId>
      <CorrelationId>Intent.Blazor.Templates.Client.RazorComponentTemplate#2287fc13-3047-4489-92bb-e83f28c7b1f7</CorrelationId>
      <OverwriteBehaviour>always</OverwriteBehaviour>
      <ApplicationRelativeFilePath>../../src/eShop.Web.Client/Pages/Checkout/Checkout.razor</ApplicationRelativeFilePath>
      <ProjectRelativeFilePath>Pages/Checkout/Checkout.razor</ProjectRelativeFilePath>
      <IsIgnored>true</IsIgnored>
    </FileLog>
    <FileLog>
      <ProjectId>c22615e1-65f9-4ad0-b557-2a53bd3db71c</ProjectId>
      <CorrelationId>Intent.Blazor.Templates.Client.RazorComponentCodeBehindTemplate#2287fc13-3047-4489-92bb-e83f28c7b1f7</CorrelationId>
      <OverwriteBehaviour>always</OverwriteBehaviour>
      <ApplicationRelativeFilePath>../../src/eShop.Web.Client/Pages/Checkout/Checkout.razor.cs</ApplicationRelativeFilePath>
      <ProjectRelativeFilePath>Pages/Checkout/Checkout.razor.cs</ProjectRelativeFilePath>
      <IsIgnored>false</IsIgnored>
    </FileLog>
    <FileLog>
      <ProjectId>c22615e1-65f9-4ad0-b557-2a53bd3db71c</ProjectId>
      <CorrelationId>Intent.Blazor.FluentValidation.ModelDefinitionValidator#fc30f867-dca5-4aca-a370-6785a59a5161</CorrelationId>
      <OverwriteBehaviour>always</OverwriteBehaviour>
      <ApplicationRelativeFilePath>../../src/eShop.Web.Client/Pages/Checkout/ShippingInfoValidator.cs</ApplicationRelativeFilePath>
      <ProjectRelativeFilePath>Pages/Checkout/ShippingInfoValidator.cs</ProjectRelativeFilePath>
      <IsIgnored>false</IsIgnored>
    </FileLog>
    <FileLog>
      <ProjectId>c22615e1-65f9-4ad0-b557-2a53bd3db71c</ProjectId>
      <CorrelationId>Intent.Blazor.Templates.Client.RazorComponentTemplate#0092d8cd-a9de-426d-a5d8-b02a69a05a59</CorrelationId>
      <OverwriteBehaviour>always</OverwriteBehaviour>
      <ApplicationRelativeFilePath>../../src/eShop.Web.Client/Pages/Item.razor</ApplicationRelativeFilePath>
      <ProjectRelativeFilePath>Pages/Item.razor</ProjectRelativeFilePath>
      <IsIgnored>true</IsIgnored>
    </FileLog>
    <FileLog>
      <ProjectId>c22615e1-65f9-4ad0-b557-2a53bd3db71c</ProjectId>
      <CorrelationId>Intent.Blazor.Templates.Client.RazorComponentCodeBehindTemplate#0092d8cd-a9de-426d-a5d8-b02a69a05a59</CorrelationId>
      <OverwriteBehaviour>always</OverwriteBehaviour>
      <ApplicationRelativeFilePath>../../src/eShop.Web.Client/Pages/Item.razor.cs</ApplicationRelativeFilePath>
      <ProjectRelativeFilePath>Pages/Item.razor.cs</ProjectRelativeFilePath>
      <IsIgnored>true</IsIgnored>
    </FileLog>
    <FileLog>
      <ProjectId>c22615e1-65f9-4ad0-b557-2a53bd3db71c</ProjectId>
      <CorrelationId>Intent.Blazor.Templates.Client.RazorComponentTemplate#3175ee62-b835-4ae8-a74d-4272aab8b67f</CorrelationId>
      <OverwriteBehaviour>always</OverwriteBehaviour>
      <ApplicationRelativeFilePath>../../src/eShop.Web.Client/Pages/User/Orders.razor</ApplicationRelativeFilePath>
      <ProjectRelativeFilePath>Pages/User/Orders.razor</ProjectRelativeFilePath>
      <IsIgnored>true</IsIgnored>
    </FileLog>
    <FileLog>
      <ProjectId>c22615e1-65f9-4ad0-b557-2a53bd3db71c</ProjectId>
      <CorrelationId>Intent.Blazor.Templates.Client.RazorComponentCodeBehindTemplate#3175ee62-b835-4ae8-a74d-4272aab8b67f</CorrelationId>
      <OverwriteBehaviour>always</OverwriteBehaviour>
      <ApplicationRelativeFilePath>../../src/eShop.Web.Client/Pages/User/Orders.razor.cs</ApplicationRelativeFilePath>
      <ProjectRelativeFilePath>Pages/User/Orders.razor.cs</ProjectRelativeFilePath>
      <IsIgnored>false</IsIgnored>
    </FileLog>
    <FileLog>
      <ProjectId>c22615e1-65f9-4ad0-b557-2a53bd3db71c</ProjectId>
      <CorrelationId>Intent.Blazor.Templates.Client.ProgramTemplate</CorrelationId>
      <OverwriteBehaviour>always</OverwriteBehaviour>
      <ApplicationRelativeFilePath>../../src/eShop.Web.Client/Program.cs</ApplicationRelativeFilePath>
      <ProjectRelativeFilePath>Program.cs</ProjectRelativeFilePath>
      <IsIgnored>false</IsIgnored>
    </FileLog>
    <FileLog>
      <ProjectId>c22615e1-65f9-4ad0-b557-2a53bd3db71c</ProjectId>
      <CorrelationId>Intent.Blazor.Templates.Client.RoutesRazorTemplate</CorrelationId>
      <OverwriteBehaviour>always</OverwriteBehaviour>
      <ApplicationRelativeFilePath>../../src/eShop.Web.Client/Routes.razor</ApplicationRelativeFilePath>
      <ProjectRelativeFilePath>Routes.razor</ProjectRelativeFilePath>
      <IsIgnored>true</IsIgnored>
    </FileLog>
    <FileLog>
      <ProjectId>c22615e1-65f9-4ad0-b557-2a53bd3db71c</ProjectId>
      <CorrelationId>Intent.Blazor.Templates.Client.ModelDefinitionTemplate#eaedbe4d-20c2-4d73-9677-388fe46e64a6</CorrelationId>
      <OverwriteBehaviour>always</OverwriteBehaviour>
      <ApplicationRelativeFilePath>../../src/eShop.Web.Client/Services/BasketState.cs</ApplicationRelativeFilePath>
      <ProjectRelativeFilePath>Services/BasketState.cs</ProjectRelativeFilePath>
      <IsIgnored>false</IsIgnored>
    </FileLog>
    <FileLog>
      <ProjectId>c22615e1-65f9-4ad0-b557-2a53bd3db71c</ProjectId>
      <CorrelationId>Intent.Blazor.FluentValidation.ModelDefinitionValidator#eaedbe4d-20c2-4d73-9677-388fe46e64a6</CorrelationId>
      <OverwriteBehaviour>always</OverwriteBehaviour>
      <ApplicationRelativeFilePath>../../src/eShop.Web.Client/Services/BasketStateValidator.cs</ApplicationRelativeFilePath>
      <ProjectRelativeFilePath>Services/BasketStateValidator.cs</ProjectRelativeFilePath>
      <IsIgnored>false</IsIgnored>
    </FileLog>
    <FileLog>
      <ProjectId>c22615e1-65f9-4ad0-b557-2a53bd3db71c</ProjectId>
      <CorrelationId>Intent.VisualStudio.Projects.CoreWeb.AppSettings-Default#c22615e1-65f9-4ad0-b557-2a53bd3db71c</CorrelationId>
      <OverwriteBehaviour>always</OverwriteBehaviour>
      <ApplicationRelativeFilePath>../../src/eShop.Web.Client/wwwroot/appsettings.json</ApplicationRelativeFilePath>
      <ProjectRelativeFilePath>wwwroot/appsettings.json</ProjectRelativeFilePath>
      <IsIgnored>false</IsIgnored>
    </FileLog>
    <FileLog>
      <ProjectId>ae40a885-fdd6-493b-bf3b-1e6dce686888</ProjectId>
      <CorrelationId>Intent.VisualStudio.Projects.CoreWeb.AppSettings-Default#ae40a885-fdd6-493b-bf3b-1e6dce686888</CorrelationId>
      <OverwriteBehaviour>always</OverwriteBehaviour>
      <ApplicationRelativeFilePath>../../src/eShop.Web/appsettings.json</ApplicationRelativeFilePath>
      <ProjectRelativeFilePath>appsettings.json</ProjectRelativeFilePath>
      <IsIgnored>false</IsIgnored>
    </FileLog>
    <FileLog>
      <ProjectId>f0164d65-7e53-4658-bda8-c81c2b3a1c43</ProjectId>
      <CorrelationId>Intent.Blazor.Authentication.Templates.Server.AuthServiceInterfaceTemplate</CorrelationId>
      <OverwriteBehaviour>always</OverwriteBehaviour>
      <ApplicationRelativeFilePath>../../src/eShop.Web/Common/IAuthService.cs</ApplicationRelativeFilePath>
      <ProjectRelativeFilePath>IAuthService.cs</ProjectRelativeFilePath>
      <IsIgnored>false</IsIgnored>
    </FileLog>
    <FileLog>
      <ProjectId>f0164d65-7e53-4658-bda8-c81c2b3a1c43</ProjectId>
      <CorrelationId>Intent.Blazor.Authentication.Templates.Server.JwtAuthServiceConcreteTemplate</CorrelationId>
      <OverwriteBehaviour>always</OverwriteBehaviour>
      <ApplicationRelativeFilePath>../../src/eShop.Web/Common/JwtAuthService.cs</ApplicationRelativeFilePath>
      <ProjectRelativeFilePath>JwtAuthService.cs</ProjectRelativeFilePath>
      <IsIgnored>false</IsIgnored>
    </FileLog>
    <FileLog>
      <ProjectId>f064fbef-fe7f-4277-90ed-75b2ce1401ed</ProjectId>
      <CorrelationId>Intent.Blazor.Templates.Server.ServerImportsRazorTemplate</CorrelationId>
      <OverwriteBehaviour>always</OverwriteBehaviour>
      <ApplicationRelativeFilePath>../../src/eShop.Web/Components/_Imports.razor</ApplicationRelativeFilePath>
      <ProjectRelativeFilePath>_Imports.razor</ProjectRelativeFilePath>
      <IsIgnored>false</IsIgnored>
    </FileLog>
    <FileLog>
      <ProjectId>0ca55ee2-e08c-4f09-b0bb-a64c035ab910</ProjectId>
      <CorrelationId>Intent.Blazor.Authentication.Templates.Server.IdentityRedirectManagerTemplate</CorrelationId>
      <OverwriteBehaviour>always</OverwriteBehaviour>
      <ApplicationRelativeFilePath>../../src/eShop.Web/Components/Account/IdentityRedirectManager.cs</ApplicationRelativeFilePath>
      <ProjectRelativeFilePath>IdentityRedirectManager.cs</ProjectRelativeFilePath>
      <IsIgnored>false</IsIgnored>
    </FileLog>
    <FileLog>
      <ProjectId>e21838b2-9cac-4c8f-9df1-0f683262efd6</ProjectId>
      <CorrelationId>Intent.Blazor.Authentication.Templates.Server.ConfirmEmailTemplate</CorrelationId>
      <OverwriteBehaviour>always</OverwriteBehaviour>
      <ApplicationRelativeFilePath>../../src/eShop.Web/Components/Account/Pages/ConfirmEmail.razor</ApplicationRelativeFilePath>
      <ProjectRelativeFilePath>ConfirmEmail.razor</ProjectRelativeFilePath>
      <IsIgnored>true</IsIgnored>
    </FileLog>
    <FileLog>
      <ProjectId>e21838b2-9cac-4c8f-9df1-0f683262efd6</ProjectId>
      <CorrelationId>Intent.Blazor.Authentication.Templates.Server.ForgotPasswordTemplate</CorrelationId>
      <OverwriteBehaviour>always</OverwriteBehaviour>
      <ApplicationRelativeFilePath>../../src/eShop.Web/Components/Account/Pages/ForgotPassword.razor</ApplicationRelativeFilePath>
      <ProjectRelativeFilePath>ForgotPassword.razor</ProjectRelativeFilePath>
      <IsIgnored>false</IsIgnored>
    </FileLog>
    <FileLog>
      <ProjectId>e21838b2-9cac-4c8f-9df1-0f683262efd6</ProjectId>
      <CorrelationId>Intent.Blazor.Authentication.Templates.Server.LoginTemplate</CorrelationId>
      <OverwriteBehaviour>always</OverwriteBehaviour>
      <ApplicationRelativeFilePath>../../src/eShop.Web/Components/Account/Pages/Login.razor</ApplicationRelativeFilePath>
      <ProjectRelativeFilePath>Login.razor</ProjectRelativeFilePath>
      <IsIgnored>false</IsIgnored>
    </FileLog>
    <FileLog>
      <ProjectId>e21838b2-9cac-4c8f-9df1-0f683262efd6</ProjectId>
      <CorrelationId>Intent.Blazor.Authentication.Templates.Server.RegisterTemplate</CorrelationId>
      <OverwriteBehaviour>always</OverwriteBehaviour>
      <ApplicationRelativeFilePath>../../src/eShop.Web/Components/Account/Pages/Register.razor</ApplicationRelativeFilePath>
      <ProjectRelativeFilePath>Register.razor</ProjectRelativeFilePath>
      <IsIgnored>false</IsIgnored>
    </FileLog>
    <FileLog>
      <ProjectId>e21838b2-9cac-4c8f-9df1-0f683262efd6</ProjectId>
      <CorrelationId>Intent.Blazor.Authentication.Templates.Server.ResendEmailConfirmationTemplate</CorrelationId>
      <OverwriteBehaviour>always</OverwriteBehaviour>
      <ApplicationRelativeFilePath>../../src/eShop.Web/Components/Account/Pages/ResendEmailConfirmation.razor</ApplicationRelativeFilePath>
      <ProjectRelativeFilePath>ResendEmailConfirmation.razor</ProjectRelativeFilePath>
      <IsIgnored>false</IsIgnored>
    </FileLog>
    <FileLog>
      <ProjectId>e21838b2-9cac-4c8f-9df1-0f683262efd6</ProjectId>
      <CorrelationId>Intent.Blazor.Authentication.Templates.Server.ResetPasswordTemplate</CorrelationId>
      <OverwriteBehaviour>always</OverwriteBehaviour>
      <ApplicationRelativeFilePath>../../src/eShop.Web/Components/Account/Pages/ResetPassword.razor</ApplicationRelativeFilePath>
      <ProjectRelativeFilePath>ResetPassword.razor</ProjectRelativeFilePath>
      <IsIgnored>false</IsIgnored>
    </FileLog>
    <FileLog>
      <ProjectId>0ca55ee2-e08c-4f09-b0bb-a64c035ab910</ProjectId>
      <CorrelationId>Intent.Blazor.Authentication.Templates.Server.PersistingServerAuthenticationStateProviderTemplate</CorrelationId>
      <OverwriteBehaviour>always</OverwriteBehaviour>
      <ApplicationRelativeFilePath>../../src/eShop.Web/Components/Account/PersistingServerAuthenticationStateProvider.cs</ApplicationRelativeFilePath>
      <ProjectRelativeFilePath>PersistingServerAuthenticationStateProvider.cs</ProjectRelativeFilePath>
      <IsIgnored>false</IsIgnored>
    </FileLog>
    <FileLog>
      <ProjectId>8469370e-98c5-43bc-9976-e149c449b725</ProjectId>
      <CorrelationId>Intent.Blazor.Authentication.Templates.Server.AccountLayoutTemplate</CorrelationId>
      <OverwriteBehaviour>always</OverwriteBehaviour>
      <ApplicationRelativeFilePath>../../src/eShop.Web/Components/Account/Shared/AccountLayout.razor</ApplicationRelativeFilePath>
      <ProjectRelativeFilePath>AccountLayout.razor</ProjectRelativeFilePath>
      <IsIgnored>false</IsIgnored>
    </FileLog>
    <FileLog>
      <ProjectId>f064fbef-fe7f-4277-90ed-75b2ce1401ed</ProjectId>
      <CorrelationId>Intent.Blazor.Templates.Server.AppRazorTemplate</CorrelationId>
      <OverwriteBehaviour>always</OverwriteBehaviour>
      <ApplicationRelativeFilePath>../../src/eShop.Web/Components/App.razor</ApplicationRelativeFilePath>
      <ProjectRelativeFilePath>App.razor</ProjectRelativeFilePath>
      <IsIgnored>false</IsIgnored>
    </FileLog>
    <FileLog>
      <ProjectId>d47afa79-95c6-4d7f-a280-ba1390f20ec9</ProjectId>
      <CorrelationId>Intent.AspNetCore.ProblemDetailsConfiguration</CorrelationId>
      <OverwriteBehaviour>always</OverwriteBehaviour>
      <ApplicationRelativeFilePath>../../src/eShop.Web/Configuration/ProblemDetailsConfiguration.cs</ApplicationRelativeFilePath>
      <ProjectRelativeFilePath>ProblemDetailsConfiguration.cs</ProjectRelativeFilePath>
      <IsIgnored>false</IsIgnored>
    </FileLog>
    <FileLog>
      <ProjectId>ae40a885-fdd6-493b-bf3b-1e6dce686888</ProjectId>
      <CorrelationId>Intent.VisualStudio.Projects.CSharpProject#ae40a885-fdd6-493b-bf3b-1e6dce686888</CorrelationId>
      <OverwriteBehaviour>always</OverwriteBehaviour>
      <ApplicationRelativeFilePath>../../src/eShop.Web/eShop.Web.csproj</ApplicationRelativeFilePath>
      <ProjectRelativeFilePath>eShop.Web.csproj</ProjectRelativeFilePath>
      <IsIgnored>false</IsIgnored>
    </FileLog>
    <FileLog>
      <ProjectId>ae40a885-fdd6-493b-bf3b-1e6dce686888</ProjectId>
      <CorrelationId>Intent.AspNetCore.Program</CorrelationId>
      <OverwriteBehaviour>always</OverwriteBehaviour>
      <ApplicationRelativeFilePath>../../src/eShop.Web/Program.cs</ApplicationRelativeFilePath>
      <ProjectRelativeFilePath>Program.cs</ProjectRelativeFilePath>
      <IsIgnored>false</IsIgnored>
    </FileLog>
    <FileLog>
      <ProjectId>ae40a885-fdd6-493b-bf3b-1e6dce686888</ProjectId>
      <CorrelationId>Intent.VisualStudio.Projects.CoreWeb.LaunchSettings#ae40a885-fdd6-493b-bf3b-1e6dce686888</CorrelationId>
      <OverwriteBehaviour>always</OverwriteBehaviour>
      <ApplicationRelativeFilePath>../../src/eShop.Web/Properties/launchSettings.json</ApplicationRelativeFilePath>
      <ProjectRelativeFilePath>Properties/launchSettings.json</ProjectRelativeFilePath>
      <IsIgnored>false</IsIgnored>
    </FileLog>
    <FileLog>
      <ProjectId>200b9989-cc23-4d00-a402-4cfa5f37b016</ProjectId>
      <CorrelationId>Intent.Modules.Blazor.Authentication.Templates.Templates.Server.StaticContentTemplateRegistrations.WwwRootCssFilesStaticContentTemplateRegistration#AccountForms.css</CorrelationId>
      <OverwriteBehaviour>always</OverwriteBehaviour>
      <ApplicationRelativeFilePath>../../src/eShop.Web/wwwroot/AccountForms.css</ApplicationRelativeFilePath>
      <ProjectRelativeFilePath>AccountForms.css</ProjectRelativeFilePath>
      <IsIgnored>false</IsIgnored>
    </FileLog>
  </FileLogs>
</outputLog>