<?xml version="1.0" encoding="utf-8"?>
<outputLog>
  <ApplicationId>0e37fbe9-4abb-4e8d-a0cd-9139b2947d89</ApplicationId>
  <FileLogs>
    <FileLog>
      <ProjectId>4dec57d2-2358-491a-b931-da1af9a1cfe0</ProjectId>
      <CorrelationId>Intent.VisualStudio.Projects.CoreWeb.AppSettings-Default#4dec57d2-2358-491a-b931-da1af9a1cfe0</CorrelationId>
      <OverwriteBehaviour>always</OverwriteBehaviour>
      <ApplicationRelativeFilePath>../../ApiGateways/Web.Bff.Shopping/eShop.Web.Bff.Shopping.Api/appsettings.json</ApplicationRelativeFilePath>
      <ProjectRelativeFilePath>appsettings.json</ProjectRelativeFilePath>
      <IsIgnored>false</IsIgnored>
    </FileLog>
    <FileLog>
      <ProjectId>95d3e758-8079-4e2e-8b0e-3fe271590e5f</ProjectId>
      <CorrelationId>Intent.AspNetCore.DistributedCaching.DistributedCacheWithUnitOfWork</CorrelationId>
      <OverwriteBehaviour>always</OverwriteBehaviour>
      <ApplicationRelativeFilePath>../../ApiGateways/Web.Bff.Shopping/eShop.Web.Bff.Shopping.Api/Caching/DistributedCacheWithUnitOfWork.cs</ApplicationRelativeFilePath>
      <ProjectRelativeFilePath>DistributedCacheWithUnitOfWork.cs</ProjectRelativeFilePath>
      <IsIgnored>false</IsIgnored>
    </FileLog>
    <FileLog>
      <ProjectId>a548f8ea-54c4-4173-ba3d-2b546eac36c3</ProjectId>
      <CorrelationId>Intent.Application.Identity.ApplicationSecurityConfiguration</CorrelationId>
      <OverwriteBehaviour>always</OverwriteBehaviour>
      <ApplicationRelativeFilePath>../../ApiGateways/Web.Bff.Shopping/eShop.Web.Bff.Shopping.Api/Configuration/ApplicationSecurityConfiguration.cs</ApplicationRelativeFilePath>
      <ProjectRelativeFilePath>ApplicationSecurityConfiguration.cs</ProjectRelativeFilePath>
      <IsIgnored>false</IsIgnored>
    </FileLog>
    <FileLog>
      <ProjectId>a548f8ea-54c4-4173-ba3d-2b546eac36c3</ProjectId>
      <CorrelationId>Intent.AspNetCore.ProblemDetailsConfiguration</CorrelationId>
      <OverwriteBehaviour>always</OverwriteBehaviour>
      <ApplicationRelativeFilePath>../../ApiGateways/Web.Bff.Shopping/eShop.Web.Bff.Shopping.Api/Configuration/ProblemDetailsConfiguration.cs</ApplicationRelativeFilePath>
      <ProjectRelativeFilePath>ProblemDetailsConfiguration.cs</ProjectRelativeFilePath>
      <IsIgnored>false</IsIgnored>
    </FileLog>
    <FileLog>
      <ProjectId>a548f8ea-54c4-4173-ba3d-2b546eac36c3</ProjectId>
      <CorrelationId>Intent.AspNetCore.Swashbuckle.SwashbuckleConfiguration</CorrelationId>
      <OverwriteBehaviour>always</OverwriteBehaviour>
      <ApplicationRelativeFilePath>../../ApiGateways/Web.Bff.Shopping/eShop.Web.Bff.Shopping.Api/Configuration/SwashbuckleConfiguration.cs</ApplicationRelativeFilePath>
      <ProjectRelativeFilePath>SwashbuckleConfiguration.cs</ProjectRelativeFilePath>
      <IsIgnored>false</IsIgnored>
    </FileLog>
    <FileLog>
      <ProjectId>27da4978-e8f4-409f-bfe5-48179d358eed</ProjectId>
      <CorrelationId>Intent.AspNetCore.Controllers.Controller#b0b1037b-004a-4395-8774-9a93b7f77d64</CorrelationId>
      <OverwriteBehaviour>always</OverwriteBehaviour>
      <ApplicationRelativeFilePath>../../ApiGateways/Web.Bff.Shopping/eShop.Web.Bff.Shopping.Api/Controllers/BasketController.cs</ApplicationRelativeFilePath>
      <ProjectRelativeFilePath>BasketController.cs</ProjectRelativeFilePath>
      <IsIgnored>false</IsIgnored>
    </FileLog>
    <FileLog>
      <ProjectId>4dec57d2-2358-491a-b931-da1af9a1cfe0</ProjectId>
      <CorrelationId>Intent.VisualStudio.Projects.CSharpProject#4dec57d2-2358-491a-b931-da1af9a1cfe0</CorrelationId>
      <OverwriteBehaviour>always</OverwriteBehaviour>
      <ApplicationRelativeFilePath>../../ApiGateways/Web.Bff.Shopping/eShop.Web.Bff.Shopping.Api/eShop.Web.Bff.Shopping.Api.csproj</ApplicationRelativeFilePath>
      <ProjectRelativeFilePath>eShop.Web.Bff.Shopping.Api.csproj</ProjectRelativeFilePath>
      <IsIgnored>false</IsIgnored>
    </FileLog>
    <FileLog>
      <ProjectId>4836b0dd-aa18-4b05-8e3c-c13e0472be01</ProjectId>
      <CorrelationId>Intent.AspNetCore.Swashbuckle.Security.AuthorizeCheckOperationFilter</CorrelationId>
      <OverwriteBehaviour>always</OverwriteBehaviour>
      <ApplicationRelativeFilePath>../../ApiGateways/Web.Bff.Shopping/eShop.Web.Bff.Shopping.Api/Filters/AuthorizeCheckOperationFilter.cs</ApplicationRelativeFilePath>
      <ProjectRelativeFilePath>AuthorizeCheckOperationFilter.cs</ProjectRelativeFilePath>
      <IsIgnored>false</IsIgnored>
    </FileLog>
    <FileLog>
      <ProjectId>4836b0dd-aa18-4b05-8e3c-c13e0472be01</ProjectId>
      <CorrelationId>Intent.AspNetCore.Controllers.ExceptionFilter</CorrelationId>
      <OverwriteBehaviour>always</OverwriteBehaviour>
      <ApplicationRelativeFilePath>../../ApiGateways/Web.Bff.Shopping/eShop.Web.Bff.Shopping.Api/Filters/ExceptionFilter.cs</ApplicationRelativeFilePath>
      <ProjectRelativeFilePath>ExceptionFilter.cs</ProjectRelativeFilePath>
      <IsIgnored>false</IsIgnored>
    </FileLog>
    <FileLog>
      <ProjectId>4836b0dd-aa18-4b05-8e3c-c13e0472be01</ProjectId>
      <CorrelationId>Intent.AspNetCore.Swashbuckle.TypeSchemaFilter</CorrelationId>
      <OverwriteBehaviour>always</OverwriteBehaviour>
      <ApplicationRelativeFilePath>../../ApiGateways/Web.Bff.Shopping/eShop.Web.Bff.Shopping.Api/Filters/TypeSchemaFilter.cs</ApplicationRelativeFilePath>
      <ProjectRelativeFilePath>TypeSchemaFilter.cs</ProjectRelativeFilePath>
      <IsIgnored>false</IsIgnored>
    </FileLog>
    <FileLog>
      <ProjectId>0f999184-3b1c-4e4c-be52-9d404a67338b</ProjectId>
      <CorrelationId>Intent.Modules.AspNetCore.Logging.Serilog.BoundedLoggingDestructuringPolicyTemplate</CorrelationId>
      <OverwriteBehaviour>always</OverwriteBehaviour>
      <ApplicationRelativeFilePath>../../ApiGateways/Web.Bff.Shopping/eShop.Web.Bff.Shopping.Api/Logging/BoundedLoggingDestructuringPolicy.cs</ApplicationRelativeFilePath>
      <ProjectRelativeFilePath>BoundedLoggingDestructuringPolicy.cs</ProjectRelativeFilePath>
      <IsIgnored>false</IsIgnored>
    </FileLog>
    <FileLog>
      <ProjectId>4dec57d2-2358-491a-b931-da1af9a1cfe0</ProjectId>
      <CorrelationId>Intent.AspNetCore.Program</CorrelationId>
      <OverwriteBehaviour>always</OverwriteBehaviour>
      <ApplicationRelativeFilePath>../../ApiGateways/Web.Bff.Shopping/eShop.Web.Bff.Shopping.Api/Program.cs</ApplicationRelativeFilePath>
      <ProjectRelativeFilePath>Program.cs</ProjectRelativeFilePath>
      <IsIgnored>false</IsIgnored>
    </FileLog>
    <FileLog>
      <ProjectId>4dec57d2-2358-491a-b931-da1af9a1cfe0</ProjectId>
      <CorrelationId>Intent.VisualStudio.Projects.CoreWeb.LaunchSettings#4dec57d2-2358-491a-b931-da1af9a1cfe0</CorrelationId>
      <OverwriteBehaviour>always</OverwriteBehaviour>
      <ApplicationRelativeFilePath>../../ApiGateways/Web.Bff.Shopping/eShop.Web.Bff.Shopping.Api/Properties/launchSettings.json</ApplicationRelativeFilePath>
      <ProjectRelativeFilePath>Properties/launchSettings.json</ProjectRelativeFilePath>
      <IsIgnored>false</IsIgnored>
    </FileLog>
    <FileLog>
      <ProjectId>a2e0617e-a2a0-471a-aa09-07c1e357e64b</ProjectId>
      <CorrelationId>Intent.Application.Identity.CurrentUserService</CorrelationId>
      <OverwriteBehaviour>always</OverwriteBehaviour>
      <ApplicationRelativeFilePath>../../ApiGateways/Web.Bff.Shopping/eShop.Web.Bff.Shopping.Api/Services/CurrentUserService.cs</ApplicationRelativeFilePath>
      <ProjectRelativeFilePath>CurrentUserService.cs</ProjectRelativeFilePath>
      <IsIgnored>false</IsIgnored>
    </FileLog>
    <FileLog>
      <ProjectId>4dec57d2-2358-491a-b931-da1af9a1cfe0</ProjectId>
      <CorrelationId>Intent.AspNetCore.Startup</CorrelationId>
      <OverwriteBehaviour>always</OverwriteBehaviour>
      <ApplicationRelativeFilePath>../../ApiGateways/Web.Bff.Shopping/eShop.Web.Bff.Shopping.Api/Startup.cs</ApplicationRelativeFilePath>
      <ProjectRelativeFilePath>Startup.cs</ProjectRelativeFilePath>
      <IsIgnored>false</IsIgnored>
    </FileLog>
    <FileLog>
      <ProjectId>ea47be6e-f067-4bed-91a1-40a8df68eb64</ProjectId>
      <CorrelationId>Intent.Application.Identity.ForbiddenAccessException</CorrelationId>
      <OverwriteBehaviour>always</OverwriteBehaviour>
      <ApplicationRelativeFilePath>../../ApiGateways/Web.Bff.Shopping/eShop.Web.Bff.Shopping.Application/Common/Exceptions/ForbiddenAccessException.cs</ApplicationRelativeFilePath>
      <ProjectRelativeFilePath>ForbiddenAccessException.cs</ProjectRelativeFilePath>
      <IsIgnored>false</IsIgnored>
    </FileLog>
    <FileLog>
      <ProjectId>ea47be6e-f067-4bed-91a1-40a8df68eb64</ProjectId>
      <CorrelationId>Intent.Integration.HttpClients.HttpClientRequestException</CorrelationId>
      <OverwriteBehaviour>always</OverwriteBehaviour>
      <ApplicationRelativeFilePath>../../ApiGateways/Web.Bff.Shopping/eShop.Web.Bff.Shopping.Application/Common/Exceptions/HttpClientRequestException.cs</ApplicationRelativeFilePath>
      <ProjectRelativeFilePath>HttpClientRequestException.cs</ProjectRelativeFilePath>
      <IsIgnored>false</IsIgnored>
    </FileLog>
    <FileLog>
      <ProjectId>ea47be6e-f067-4bed-91a1-40a8df68eb64</ProjectId>
      <CorrelationId>Intent.Integration.HttpClients.ProblemDetailsWithErrors</CorrelationId>
      <OverwriteBehaviour>always</OverwriteBehaviour>
      <ApplicationRelativeFilePath>../../ApiGateways/Web.Bff.Shopping/eShop.Web.Bff.Shopping.Application/Common/Exceptions/ProblemDetailsWithErrors.cs</ApplicationRelativeFilePath>
      <ProjectRelativeFilePath>ProblemDetailsWithErrors.cs</ProjectRelativeFilePath>
      <IsIgnored>false</IsIgnored>
    </FileLog>
    <FileLog>
      <ProjectId>93f97f48-babe-4a16-8ad7-b6d6ed61e93a</ProjectId>
      <CorrelationId>Intent.Integration.HttpClients.HttpClient#086bc91a-085b-4664-b690-460f1ad8c8ab</CorrelationId>
      <OverwriteBehaviour>always</OverwriteBehaviour>
      <ApplicationRelativeFilePath>../../ApiGateways/Web.Bff.Shopping/eShop.Web.Bff.Shopping.Application/Common/HttpClient/BasketServiceHttpClient.cs</ApplicationRelativeFilePath>
      <ProjectRelativeFilePath>BasketServiceHttpClient.cs</ProjectRelativeFilePath>
      <IsIgnored>false</IsIgnored>
    </FileLog>
    <FileLog>
      <ProjectId>93f97f48-babe-4a16-8ad7-b6d6ed61e93a</ProjectId>
      <CorrelationId>Intent.Integration.HttpClients.HttpClientConfiguration</CorrelationId>
      <OverwriteBehaviour>always</OverwriteBehaviour>
      <ApplicationRelativeFilePath>../../ApiGateways/Web.Bff.Shopping/eShop.Web.Bff.Shopping.Application/Common/HttpClient/HttpClientConfiguration.cs</ApplicationRelativeFilePath>
      <ProjectRelativeFilePath>HttpClientConfiguration.cs</ProjectRelativeFilePath>
      <IsIgnored>false</IsIgnored>
    </FileLog>
    <FileLog>
      <ProjectId>e2624a57-79a1-4dda-b510-107bfde99209</ProjectId>
      <CorrelationId>Intent.AspNetCore.DistributedCaching.IDistributedCacheExtensions</CorrelationId>
      <OverwriteBehaviour>always</OverwriteBehaviour>
      <ApplicationRelativeFilePath>../../ApiGateways/Web.Bff.Shopping/eShop.Web.Bff.Shopping.Application/Common/Interfaces/DistributedCacheExtensions.cs</ApplicationRelativeFilePath>
      <ProjectRelativeFilePath>DistributedCacheExtensions.cs</ProjectRelativeFilePath>
      <IsIgnored>false</IsIgnored>
    </FileLog>
    <FileLog>
      <ProjectId>e2624a57-79a1-4dda-b510-107bfde99209</ProjectId>
      <CorrelationId>Intent.Application.Identity.CurrentUserServiceInterface</CorrelationId>
      <OverwriteBehaviour>always</OverwriteBehaviour>
      <ApplicationRelativeFilePath>../../ApiGateways/Web.Bff.Shopping/eShop.Web.Bff.Shopping.Application/Common/Interfaces/ICurrentUserService.cs</ApplicationRelativeFilePath>
      <ProjectRelativeFilePath>ICurrentUserService.cs</ProjectRelativeFilePath>
      <IsIgnored>false</IsIgnored>
    </FileLog>
    <FileLog>
      <ProjectId>e2624a57-79a1-4dda-b510-107bfde99209</ProjectId>
      <CorrelationId>Intent.AspNetCore.DistributedCaching.DistributedCacheWithUnitOfWorkInterface</CorrelationId>
      <OverwriteBehaviour>always</OverwriteBehaviour>
      <ApplicationRelativeFilePath>../../ApiGateways/Web.Bff.Shopping/eShop.Web.Bff.Shopping.Application/Common/Interfaces/IDistributedCacheWithUnitOfWork.cs</ApplicationRelativeFilePath>
      <ProjectRelativeFilePath>IDistributedCacheWithUnitOfWork.cs</ProjectRelativeFilePath>
      <IsIgnored>false</IsIgnored>
    </FileLog>
    <FileLog>
      <ProjectId>7271d468-42bc-4084-b1cf-b220af7f50b5</ProjectId>
      <CorrelationId>Intent.Application.Identity.ResultModel</CorrelationId>
      <OverwriteBehaviour>always</OverwriteBehaviour>
      <ApplicationRelativeFilePath>../../ApiGateways/Web.Bff.Shopping/eShop.Web.Bff.Shopping.Application/Common/Models/Result.cs</ApplicationRelativeFilePath>
      <ProjectRelativeFilePath>Result.cs</ProjectRelativeFilePath>
      <IsIgnored>false</IsIgnored>
    </FileLog>
    <FileLog>
      <ProjectId>b8816eb8-e901-4030-a414-2b5453e60707</ProjectId>
      <CorrelationId>Intent.Application.Identity.AuthorizeAttribute</CorrelationId>
      <OverwriteBehaviour>always</OverwriteBehaviour>
      <ApplicationRelativeFilePath>../../ApiGateways/Web.Bff.Shopping/eShop.Web.Bff.Shopping.Application/Common/Security/AuthorizeAttribute.cs</ApplicationRelativeFilePath>
      <ProjectRelativeFilePath>AuthorizeAttribute.cs</ProjectRelativeFilePath>
      <IsIgnored>false</IsIgnored>
    </FileLog>
    <FileLog>
      <ProjectId>4440be2e-34a3-4c08-97a2-e5baadbf130f</ProjectId>
      <CorrelationId>Intent.Application.DependencyInjection.DependencyInjection</CorrelationId>
      <OverwriteBehaviour>always</OverwriteBehaviour>
      <ApplicationRelativeFilePath>../../ApiGateways/Web.Bff.Shopping/eShop.Web.Bff.Shopping.Application/DependencyInjection.cs</ApplicationRelativeFilePath>
      <ProjectRelativeFilePath>DependencyInjection.cs</ProjectRelativeFilePath>
      <IsIgnored>false</IsIgnored>
    </FileLog>
    <FileLog>
      <ProjectId>4440be2e-34a3-4c08-97a2-e5baadbf130f</ProjectId>
      <CorrelationId>Intent.VisualStudio.Projects.CSharpProject#4440be2e-34a3-4c08-97a2-e5baadbf130f</CorrelationId>
      <OverwriteBehaviour>always</OverwriteBehaviour>
      <ApplicationRelativeFilePath>../../ApiGateways/Web.Bff.Shopping/eShop.Web.Bff.Shopping.Application/eShop.Web.Bff.Shopping.Application.csproj</ApplicationRelativeFilePath>
      <ProjectRelativeFilePath>eShop.Web.Bff.Shopping.Application.csproj</ProjectRelativeFilePath>
      <IsIgnored>false</IsIgnored>
    </FileLog>
    <FileLog>
      <ProjectId>ee8bfb5a-f856-4760-90a2-18540557383f</ProjectId>
      <CorrelationId>Intent.Application.ServiceImplementations.ServiceImplementation#b0b1037b-004a-4395-8774-9a93b7f77d64</CorrelationId>
      <OverwriteBehaviour>always</OverwriteBehaviour>
      <ApplicationRelativeFilePath>../../ApiGateways/Web.Bff.Shopping/eShop.Web.Bff.Shopping.Application/Implementation/BasketService.cs</ApplicationRelativeFilePath>
      <ProjectRelativeFilePath>BasketService.cs</ProjectRelativeFilePath>
      <IsIgnored>false</IsIgnored>
    </FileLog>
    <FileLog>
      <ProjectId>c00c2e6b-2476-4485-9eab-7e5d69103e05</ProjectId>
      <CorrelationId>Intent.Application.Contracts.Clients.DtoContract#2a66de24-ad38-4b97-899f-db1c3c9910b9</CorrelationId>
      <OverwriteBehaviour>always</OverwriteBehaviour>
      <ApplicationRelativeFilePath>../../ApiGateways/Web.Bff.Shopping/eShop.Web.Bff.Shopping.Application/IntegrationServices/Basket/Services/CustomerBaskets/BasketCheckoutDto.cs</ApplicationRelativeFilePath>
      <ProjectRelativeFilePath>Basket/Services/CustomerBaskets/BasketCheckoutDto.cs</ProjectRelativeFilePath>
      <IsIgnored>false</IsIgnored>
    </FileLog>
    <FileLog>
      <ProjectId>c00c2e6b-2476-4485-9eab-7e5d69103e05</ProjectId>
      <CorrelationId>Intent.Application.Contracts.Clients.DtoContract#cd639556-6b4e-4e8e-acb7-5468c696af3c</CorrelationId>
      <OverwriteBehaviour>always</OverwriteBehaviour>
      <ApplicationRelativeFilePath>../../ApiGateways/Web.Bff.Shopping/eShop.Web.Bff.Shopping.Application/IntegrationServices/Basket/Services/CustomerBaskets/BasketDto.cs</ApplicationRelativeFilePath>
      <ProjectRelativeFilePath>Basket/Services/CustomerBaskets/BasketDto.cs</ProjectRelativeFilePath>
      <IsIgnored>false</IsIgnored>
    </FileLog>
    <FileLog>
      <ProjectId>c00c2e6b-2476-4485-9eab-7e5d69103e05</ProjectId>
      <CorrelationId>Intent.Application.Contracts.Clients.DtoContract#bfdddf1f-8e11-4bb9-93e8-aa5589c160b3</CorrelationId>
      <OverwriteBehaviour>always</OverwriteBehaviour>
      <ApplicationRelativeFilePath>../../ApiGateways/Web.Bff.Shopping/eShop.Web.Bff.Shopping.Application/IntegrationServices/Basket/Services/CustomerBaskets/BasketItemDto.cs</ApplicationRelativeFilePath>
      <ProjectRelativeFilePath>Basket/Services/CustomerBaskets/BasketItemDto.cs</ProjectRelativeFilePath>
      <IsIgnored>false</IsIgnored>
    </FileLog>
    <FileLog>
      <ProjectId>c00c2e6b-2476-4485-9eab-7e5d69103e05</ProjectId>
      <CorrelationId>Intent.Application.Contracts.Clients.ServiceContract#086bc91a-085b-4664-b690-460f1ad8c8ab</CorrelationId>
      <OverwriteBehaviour>always</OverwriteBehaviour>
      <ApplicationRelativeFilePath>../../ApiGateways/Web.Bff.Shopping/eShop.Web.Bff.Shopping.Application/IntegrationServices/IBasketService.cs</ApplicationRelativeFilePath>
      <ProjectRelativeFilePath>IBasketService.cs</ProjectRelativeFilePath>
      <IsIgnored>false</IsIgnored>
    </FileLog>
    <FileLog>
      <ProjectId>4c3792b4-b872-4fa2-a8cf-e85612479c7e</ProjectId>
      <CorrelationId>Intent.Application.Contracts.ServiceContract#b0b1037b-004a-4395-8774-9a93b7f77d64</CorrelationId>
      <OverwriteBehaviour>always</OverwriteBehaviour>
      <ApplicationRelativeFilePath>../../ApiGateways/Web.Bff.Shopping/eShop.Web.Bff.Shopping.Application/Interfaces/IBasketService.cs</ApplicationRelativeFilePath>
      <ProjectRelativeFilePath>IBasketService.cs</ProjectRelativeFilePath>
      <IsIgnored>false</IsIgnored>
    </FileLog>
    <FileLog>
      <CorrelationId>Intent.VisualStudio.Projects.VisualStudioSolution#92b05d33-2688-4ecc-a9af-d143881b3291</CorrelationId>
      <OverwriteBehaviour>always</OverwriteBehaviour>
      <ApplicationRelativeFilePath>../../ApiGateways/Web.Bff.Shopping/eShop.Web.Bff.Shopping.sln</ApplicationRelativeFilePath>
      <IsIgnored>false</IsIgnored>
    </FileLog>
  </FileLogs>
</outputLog>