<?xml version="1.0" encoding="utf-8"?>
<outputLog>
  <ApplicationId>44d380ae-948c-4862-b683-aa6e53a25264</ApplicationId>
  <FileLogs>
    <FileLog>
      <ProjectId>5edba3d9-438f-46a6-a207-829bef0f02c5</ProjectId>
      <CorrelationId>Intent.VisualStudio.Projects.CoreWeb.AppSettings-Default#5edba3d9-438f-46a6-a207-829bef0f02c5</CorrelationId>
      <OverwriteBehaviour>always</OverwriteBehaviour>
      <ApplicationRelativeFilePath>../../src/eShop.Catalog.Api/appsettings.json</ApplicationRelativeFilePath>
      <ProjectRelativeFilePath>appsettings.json</ProjectRelativeFilePath>
      <IsIgnored>false</IsIgnored>
    </FileLog>
    <FileLog>
      <ProjectId>7b15ba85-b4b7-4935-924d-83311dea1095</ProjectId>
      <CorrelationId>Intent.AspNetCore.Cors.CorsConfiguration#9bdf1444-bc04-41b2-8a36-16d7c4d885c7</CorrelationId>
      <OverwriteBehaviour>always</OverwriteBehaviour>
      <ApplicationRelativeFilePath>../../src/eShop.Catalog.Api/Configuration/CorsConfiguration.cs</ApplicationRelativeFilePath>
      <ProjectRelativeFilePath>CorsConfiguration.cs</ProjectRelativeFilePath>
      <IsIgnored>false</IsIgnored>
    </FileLog>
    <FileLog>
      <ProjectId>7b15ba85-b4b7-4935-924d-83311dea1095</ProjectId>
      <CorrelationId>Intent.AspNetCore.ProblemDetailsConfiguration#76e1cdb3-23ed-4ea3-ae91-8084ab073f76</CorrelationId>
      <OverwriteBehaviour>always</OverwriteBehaviour>
      <ApplicationRelativeFilePath>../../src/eShop.Catalog.Api/Configuration/ProblemDetailsConfiguration.cs</ApplicationRelativeFilePath>
      <ProjectRelativeFilePath>ProblemDetailsConfiguration.cs</ProjectRelativeFilePath>
      <IsIgnored>false</IsIgnored>
    </FileLog>
    <FileLog>
      <ProjectId>7b15ba85-b4b7-4935-924d-83311dea1095</ProjectId>
      <CorrelationId>Intent.AspNetCore.Swashbuckle.SwashbuckleConfiguration#26a6239a-87e8-4b8b-9272-ca99c4b20df6</CorrelationId>
      <OverwriteBehaviour>always</OverwriteBehaviour>
      <ApplicationRelativeFilePath>../../src/eShop.Catalog.Api/Configuration/SwashbuckleConfiguration.cs</ApplicationRelativeFilePath>
      <ProjectRelativeFilePath>SwashbuckleConfiguration.cs</ProjectRelativeFilePath>
      <IsIgnored>false</IsIgnored>
    </FileLog>
    <FileLog>
      <ProjectId>a36935fd-c9ad-48d5-bd7f-3a488fa15112</ProjectId>
      <CorrelationId>Intent.AspNetCore.Controllers.Controller#99909f93-8c4c-4295-a480-242169cc6914</CorrelationId>
      <OverwriteBehaviour>always</OverwriteBehaviour>
      <ApplicationRelativeFilePath>../../src/eShop.Catalog.Api/Controllers/CatalogController.cs</ApplicationRelativeFilePath>
      <ProjectRelativeFilePath>CatalogController.cs</ProjectRelativeFilePath>
      <IsIgnored>false</IsIgnored>
    </FileLog>
    <FileLog>
      <ProjectId>35b92779-544e-42db-a3e3-b790b57e5e1f</ProjectId>
      <CorrelationId>Intent.AspNetCore.Controllers.JsonResponse#7b6ff71e-6f44-4c75-b664-2af018506bb2</CorrelationId>
      <OverwriteBehaviour>always</OverwriteBehaviour>
      <ApplicationRelativeFilePath>../../src/eShop.Catalog.Api/Controllers/ResponseTypes/JsonResponse.cs</ApplicationRelativeFilePath>
      <ProjectRelativeFilePath>JsonResponse.cs</ProjectRelativeFilePath>
      <IsIgnored>false</IsIgnored>
    </FileLog>
    <FileLog>
      <ProjectId>5edba3d9-438f-46a6-a207-829bef0f02c5</ProjectId>
      <CorrelationId>Intent.VisualStudio.Projects.CSharpProject#5edba3d9-438f-46a6-a207-829bef0f02c5</CorrelationId>
      <OverwriteBehaviour>always</OverwriteBehaviour>
      <ApplicationRelativeFilePath>../../src/eShop.Catalog.Api/eShop.Catalog.Api.csproj</ApplicationRelativeFilePath>
      <ProjectRelativeFilePath>eShop.Catalog.Api.csproj</ProjectRelativeFilePath>
      <IsIgnored>false</IsIgnored>
    </FileLog>
    <FileLog>
      <ProjectId>91514ce5-9d6b-4db9-8d4e-f6a4e245b775</ProjectId>
      <CorrelationId>Intent.AspNetCore.Controllers.ExceptionFilter#46a11b7f-9a13-48f5-b452-7ffedf81fefe</CorrelationId>
      <OverwriteBehaviour>always</OverwriteBehaviour>
      <ApplicationRelativeFilePath>../../src/eShop.Catalog.Api/Filters/ExceptionFilter.cs</ApplicationRelativeFilePath>
      <ProjectRelativeFilePath>ExceptionFilter.cs</ProjectRelativeFilePath>
      <IsIgnored>false</IsIgnored>
    </FileLog>
    <FileLog>
      <ProjectId>91514ce5-9d6b-4db9-8d4e-f6a4e245b775</ProjectId>
      <CorrelationId>Intent.AspNetCore.Swashbuckle.TypeSchemaFilter#cff6c51c-1dd1-46f0-aad8-55fdbf0288ca</CorrelationId>
      <OverwriteBehaviour>always</OverwriteBehaviour>
      <ApplicationRelativeFilePath>../../src/eShop.Catalog.Api/Filters/TypeSchemaFilter.cs</ApplicationRelativeFilePath>
      <ProjectRelativeFilePath>TypeSchemaFilter.cs</ProjectRelativeFilePath>
      <IsIgnored>false</IsIgnored>
    </FileLog>
    <FileLog>
      <ProjectId>3cd3f230-4660-4857-8231-00b19abac4e9</ProjectId>
      <CorrelationId>Intent.Modules.AspNetCore.Logging.Serilog.BoundedLoggingDestructuringPolicyTemplate#2e396efa-a711-408e-96bc-286d57339c43</CorrelationId>
      <OverwriteBehaviour>always</OverwriteBehaviour>
      <ApplicationRelativeFilePath>../../src/eShop.Catalog.Api/Logging/BoundedLoggingDestructuringPolicy.cs</ApplicationRelativeFilePath>
      <ProjectRelativeFilePath>BoundedLoggingDestructuringPolicy.cs</ProjectRelativeFilePath>
      <IsIgnored>false</IsIgnored>
    </FileLog>
    <FileLog>
      <ProjectId>5edba3d9-438f-46a6-a207-829bef0f02c5</ProjectId>
      <CorrelationId>Intent.AspNetCore.Program#456ca6e0-24a8-4a45-afa6-1b25d0953bde</CorrelationId>
      <OverwriteBehaviour>always</OverwriteBehaviour>
      <ApplicationRelativeFilePath>../../src/eShop.Catalog.Api/Program.cs</ApplicationRelativeFilePath>
      <ProjectRelativeFilePath>Program.cs</ProjectRelativeFilePath>
      <IsIgnored>false</IsIgnored>
    </FileLog>
    <FileLog>
      <ProjectId>5edba3d9-438f-46a6-a207-829bef0f02c5</ProjectId>
      <CorrelationId>Intent.VisualStudio.Projects.CoreWeb.LaunchSettings#5edba3d9-438f-46a6-a207-829bef0f02c5</CorrelationId>
      <OverwriteBehaviour>always</OverwriteBehaviour>
      <ApplicationRelativeFilePath>../../src/eShop.Catalog.Api/Properties/launchSettings.json</ApplicationRelativeFilePath>
      <ProjectRelativeFilePath>Properties/launchSettings.json</ProjectRelativeFilePath>
      <IsIgnored>false</IsIgnored>
    </FileLog>
    <FileLog>
      <ProjectId>5edba3d9-438f-46a6-a207-829bef0f02c5</ProjectId>
      <CorrelationId>Intent.AspNetCore.Startup#5e6eeb34-a595-4ab1-ac0a-f4170eece3cc</CorrelationId>
      <OverwriteBehaviour>always</OverwriteBehaviour>
      <ApplicationRelativeFilePath>../../src/eShop.Catalog.Api/Startup.cs</ApplicationRelativeFilePath>
      <ProjectRelativeFilePath>Startup.cs</ProjectRelativeFilePath>
      <IsIgnored>false</IsIgnored>
    </FileLog>
    <FileLog>
      <ProjectId>cfec1fbf-1f87-411f-af12-d06df710017f</ProjectId>
      <CorrelationId>Intent.Eventing.Contracts.AssemblyAttributes#aa7c772d-8077-489f-a838-14d4953ccd64</CorrelationId>
      <OverwriteBehaviour>always</OverwriteBehaviour>
      <ApplicationRelativeFilePath>../../src/eShop.Catalog.Application/AssemblyAttributes.cs</ApplicationRelativeFilePath>
      <ProjectRelativeFilePath>AssemblyAttributes.cs</ProjectRelativeFilePath>
      <IsIgnored>false</IsIgnored>
    </FileLog>
    <FileLog>
      <ProjectId>cfec1fbf-1f87-411f-af12-d06df710017f</ProjectId>
      <CorrelationId>Intent.Application.Dtos.DtoModel#5f5fcecd-4655-44e5-9d30-23a5604b0481</CorrelationId>
      <OverwriteBehaviour>always</OverwriteBehaviour>
      <ApplicationRelativeFilePath>../../src/eShop.Catalog.Application/CatalogItems/CatalogBrandDto.cs</ApplicationRelativeFilePath>
      <ProjectRelativeFilePath>CatalogItems/CatalogBrandDto.cs</ProjectRelativeFilePath>
      <IsIgnored>false</IsIgnored>
    </FileLog>
    <FileLog>
      <ProjectId>cfec1fbf-1f87-411f-af12-d06df710017f</ProjectId>
      <CorrelationId>Intent.Application.Dtos.AutoMapper.MappingExtensions#5f5fcecd-4655-44e5-9d30-23a5604b0481</CorrelationId>
      <OverwriteBehaviour>always</OverwriteBehaviour>
      <ApplicationRelativeFilePath>../../src/eShop.Catalog.Application/CatalogItems/CatalogBrandDtoMappingExtensions.cs</ApplicationRelativeFilePath>
      <ProjectRelativeFilePath>CatalogItems/CatalogBrandDtoMappingExtensions.cs</ProjectRelativeFilePath>
      <IsIgnored>false</IsIgnored>
    </FileLog>
    <FileLog>
      <ProjectId>cfec1fbf-1f87-411f-af12-d06df710017f</ProjectId>
      <CorrelationId>Intent.Application.Dtos.DtoModel#73124283-7de1-458d-bbdf-8e4cb81bfb8d</CorrelationId>
      <OverwriteBehaviour>always</OverwriteBehaviour>
      <ApplicationRelativeFilePath>../../src/eShop.Catalog.Application/CatalogItems/CatalogItemCreateDto.cs</ApplicationRelativeFilePath>
      <ProjectRelativeFilePath>CatalogItems/CatalogItemCreateDto.cs</ProjectRelativeFilePath>
      <IsIgnored>false</IsIgnored>
    </FileLog>
    <FileLog>
      <ProjectId>cfec1fbf-1f87-411f-af12-d06df710017f</ProjectId>
      <CorrelationId>Intent.Application.FluentValidation.Dtos.DTOValidator#73124283-7de1-458d-bbdf-8e4cb81bfb8d</CorrelationId>
      <OverwriteBehaviour>always</OverwriteBehaviour>
      <ApplicationRelativeFilePath>../../src/eShop.Catalog.Application/CatalogItems/CatalogItemCreateDtoValidator.cs</ApplicationRelativeFilePath>
      <ProjectRelativeFilePath>CatalogItems/CatalogItemCreateDtoValidator.cs</ProjectRelativeFilePath>
      <IsIgnored>false</IsIgnored>
    </FileLog>
    <FileLog>
      <ProjectId>cfec1fbf-1f87-411f-af12-d06df710017f</ProjectId>
      <CorrelationId>Intent.Application.Dtos.DtoModel#9a1c6bba-29d9-4062-ba02-26215f1abb20</CorrelationId>
      <OverwriteBehaviour>always</OverwriteBehaviour>
      <ApplicationRelativeFilePath>../../src/eShop.Catalog.Application/CatalogItems/CatalogItemDto.cs</ApplicationRelativeFilePath>
      <ProjectRelativeFilePath>CatalogItems/CatalogItemDto.cs</ProjectRelativeFilePath>
      <IsIgnored>false</IsIgnored>
    </FileLog>
    <FileLog>
      <ProjectId>cfec1fbf-1f87-411f-af12-d06df710017f</ProjectId>
      <CorrelationId>Intent.Application.Dtos.AutoMapper.MappingExtensions#9a1c6bba-29d9-4062-ba02-26215f1abb20</CorrelationId>
      <OverwriteBehaviour>always</OverwriteBehaviour>
      <ApplicationRelativeFilePath>../../src/eShop.Catalog.Application/CatalogItems/CatalogItemDtoMappingExtensions.cs</ApplicationRelativeFilePath>
      <ProjectRelativeFilePath>CatalogItems/CatalogItemDtoMappingExtensions.cs</ProjectRelativeFilePath>
      <IsIgnored>false</IsIgnored>
    </FileLog>
    <FileLog>
      <ProjectId>cfec1fbf-1f87-411f-af12-d06df710017f</ProjectId>
      <CorrelationId>Intent.Application.Dtos.DtoModel#33f12063-8ce3-4cdb-bc42-bc8ab958b374</CorrelationId>
      <OverwriteBehaviour>always</OverwriteBehaviour>
      <ApplicationRelativeFilePath>../../src/eShop.Catalog.Application/CatalogItems/CatalogItemUpdateDto.cs</ApplicationRelativeFilePath>
      <ProjectRelativeFilePath>CatalogItems/CatalogItemUpdateDto.cs</ProjectRelativeFilePath>
      <IsIgnored>false</IsIgnored>
    </FileLog>
    <FileLog>
      <ProjectId>cfec1fbf-1f87-411f-af12-d06df710017f</ProjectId>
      <CorrelationId>Intent.Application.FluentValidation.Dtos.DTOValidator#33f12063-8ce3-4cdb-bc42-bc8ab958b374</CorrelationId>
      <OverwriteBehaviour>always</OverwriteBehaviour>
      <ApplicationRelativeFilePath>../../src/eShop.Catalog.Application/CatalogItems/CatalogItemUpdateDtoValidator.cs</ApplicationRelativeFilePath>
      <ProjectRelativeFilePath>CatalogItems/CatalogItemUpdateDtoValidator.cs</ProjectRelativeFilePath>
      <IsIgnored>false</IsIgnored>
    </FileLog>
    <FileLog>
      <ProjectId>cfec1fbf-1f87-411f-af12-d06df710017f</ProjectId>
      <CorrelationId>Intent.Application.Dtos.DtoModel#657743a4-bcd0-4ba1-8f09-4e55868fd4df</CorrelationId>
      <OverwriteBehaviour>always</OverwriteBehaviour>
      <ApplicationRelativeFilePath>../../src/eShop.Catalog.Application/CatalogItems/CatalogTypeDto.cs</ApplicationRelativeFilePath>
      <ProjectRelativeFilePath>CatalogItems/CatalogTypeDto.cs</ProjectRelativeFilePath>
      <IsIgnored>false</IsIgnored>
    </FileLog>
    <FileLog>
      <ProjectId>cfec1fbf-1f87-411f-af12-d06df710017f</ProjectId>
      <CorrelationId>Intent.Application.Dtos.AutoMapper.MappingExtensions#657743a4-bcd0-4ba1-8f09-4e55868fd4df</CorrelationId>
      <OverwriteBehaviour>always</OverwriteBehaviour>
      <ApplicationRelativeFilePath>../../src/eShop.Catalog.Application/CatalogItems/CatalogTypeDtoMappingExtensions.cs</ApplicationRelativeFilePath>
      <ProjectRelativeFilePath>CatalogItems/CatalogTypeDtoMappingExtensions.cs</ProjectRelativeFilePath>
      <IsIgnored>false</IsIgnored>
    </FileLog>
    <FileLog>
      <ProjectId>cbb47132-25b7-4d26-a8ea-37fdf937c56c</ProjectId>
      <CorrelationId>Intent.Application.MediatR.FluentValidation.ValidationBehaviour#0c3f3d41-022d-47aa-9fed-ef73bc45dd2a</CorrelationId>
      <OverwriteBehaviour>always</OverwriteBehaviour>
      <ApplicationRelativeFilePath>../../src/eShop.Catalog.Application/Common/Behaviours/ValidationBehaviour.cs</ApplicationRelativeFilePath>
      <ProjectRelativeFilePath>ValidationBehaviour.cs</ProjectRelativeFilePath>
      <IsIgnored>false</IsIgnored>
    </FileLog>
    <FileLog>
      <ProjectId>0a5900bc-0191-4792-b4ab-08009b9f4eda</ProjectId>
      <CorrelationId>Intent.Eventing.Contracts.EventBusInterface#5bad255e-bb17-49eb-9019-7b6a2032e43c</CorrelationId>
      <OverwriteBehaviour>always</OverwriteBehaviour>
      <ApplicationRelativeFilePath>../../src/eShop.Catalog.Application/Common/Eventing/IEventBus.cs</ApplicationRelativeFilePath>
      <ProjectRelativeFilePath>IEventBus.cs</ProjectRelativeFilePath>
      <IsIgnored>false</IsIgnored>
    </FileLog>
    <FileLog>
      <ProjectId>0a5900bc-0191-4792-b4ab-08009b9f4eda</ProjectId>
      <CorrelationId>Intent.Eventing.Contracts.IntegrationEventHandlerInterface#52647d4d-5d6d-47ca-a59d-8abcaaa02726</CorrelationId>
      <OverwriteBehaviour>always</OverwriteBehaviour>
      <ApplicationRelativeFilePath>../../src/eShop.Catalog.Application/Common/Eventing/IIntegrationEventHandler.cs</ApplicationRelativeFilePath>
      <ProjectRelativeFilePath>IIntegrationEventHandler.cs</ProjectRelativeFilePath>
      <IsIgnored>false</IsIgnored>
    </FileLog>
    <FileLog>
      <ProjectId>d82cabc5-bf70-48f6-b239-675e6565d21c</ProjectId>
      <CorrelationId>Intent.Application.MediatR.CommandInterface#4a843a98-7382-486b-9b77-719217b9f9ad</CorrelationId>
      <OverwriteBehaviour>always</OverwriteBehaviour>
      <ApplicationRelativeFilePath>../../src/eShop.Catalog.Application/Common/Interfaces/ICommand.cs</ApplicationRelativeFilePath>
      <ProjectRelativeFilePath>ICommand.cs</ProjectRelativeFilePath>
      <IsIgnored>false</IsIgnored>
    </FileLog>
    <FileLog>
      <ProjectId>d82cabc5-bf70-48f6-b239-675e6565d21c</ProjectId>
      <CorrelationId>Intent.Application.MediatR.QueryInterface#f46b8f0c-9241-41ec-98b5-a09e5074cf77</CorrelationId>
      <OverwriteBehaviour>always</OverwriteBehaviour>
      <ApplicationRelativeFilePath>../../src/eShop.Catalog.Application/Common/Interfaces/IQuery.cs</ApplicationRelativeFilePath>
      <ProjectRelativeFilePath>IQuery.cs</ProjectRelativeFilePath>
      <IsIgnored>false</IsIgnored>
    </FileLog>
    <FileLog>
      <ProjectId>23fb1e3a-02d1-438f-bc68-143257f79d83</ProjectId>
      <CorrelationId>Intent.Application.AutoMapper.MapFromInterface#b5116949-bbf1-46e6-a4d4-c76157c160c1</CorrelationId>
      <OverwriteBehaviour>always</OverwriteBehaviour>
      <ApplicationRelativeFilePath>../../src/eShop.Catalog.Application/Common/Mappings/IMapFrom.cs</ApplicationRelativeFilePath>
      <ProjectRelativeFilePath>IMapFrom.cs</ProjectRelativeFilePath>
      <IsIgnored>false</IsIgnored>
    </FileLog>
    <FileLog>
      <ProjectId>23fb1e3a-02d1-438f-bc68-143257f79d83</ProjectId>
      <CorrelationId>Intent.Application.AutoMapper.MappingProfile#e112cf8e-cb95-42c6-b8c4-ad2db5f454ad</CorrelationId>
      <OverwriteBehaviour>always</OverwriteBehaviour>
      <ApplicationRelativeFilePath>../../src/eShop.Catalog.Application/Common/Mappings/MappingProfile.cs</ApplicationRelativeFilePath>
      <ProjectRelativeFilePath>MappingProfile.cs</ProjectRelativeFilePath>
      <IsIgnored>false</IsIgnored>
    </FileLog>
    <FileLog>
      <ProjectId>456a44b0-8862-4003-bd24-56a89a72b8cd</ProjectId>
      <CorrelationId>Intent.EntityFrameworkCore.PagedList#1bf3b6b8-8e1a-44e6-b430-6875ae876a39</CorrelationId>
      <OverwriteBehaviour>always</OverwriteBehaviour>
      <ApplicationRelativeFilePath>../../src/eShop.Catalog.Application/Common/Pagination/PagedList.cs</ApplicationRelativeFilePath>
      <ProjectRelativeFilePath>PagedList.cs</ProjectRelativeFilePath>
      <IsIgnored>false</IsIgnored>
    </FileLog>
    <FileLog>
      <ProjectId>456a44b0-8862-4003-bd24-56a89a72b8cd</ProjectId>
      <CorrelationId>Intent.Application.Dtos.Pagination.PagedResult#4586db08-4300-4cf7-8d63-8290a2a2221f</CorrelationId>
      <OverwriteBehaviour>always</OverwriteBehaviour>
      <ApplicationRelativeFilePath>../../src/eShop.Catalog.Application/Common/Pagination/PagedResult.cs</ApplicationRelativeFilePath>
      <ProjectRelativeFilePath>PagedResult.cs</ProjectRelativeFilePath>
      <IsIgnored>false</IsIgnored>
    </FileLog>
    <FileLog>
      <ProjectId>456a44b0-8862-4003-bd24-56a89a72b8cd</ProjectId>
      <CorrelationId>Intent.Application.Dtos.Pagination.PagedResultMappingExtensions#0914f5ef-27f0-4f62-b976-3d83dd5f56ad</CorrelationId>
      <OverwriteBehaviour>always</OverwriteBehaviour>
      <ApplicationRelativeFilePath>../../src/eShop.Catalog.Application/Common/Pagination/PagedResultMappingExtensions.cs</ApplicationRelativeFilePath>
      <ProjectRelativeFilePath>PagedResultMappingExtensions.cs</ProjectRelativeFilePath>
      <IsIgnored>false</IsIgnored>
    </FileLog>
    <FileLog>
      <ProjectId>01e1b0ae-82fc-4d1c-a333-56d18b482873</ProjectId>
      <CorrelationId>Intent.Application.FluentValidation.Dtos.ValidationServiceInterface#e224abc5-7142-46f8-afc8-0a174231b9ab</CorrelationId>
      <OverwriteBehaviour>always</OverwriteBehaviour>
      <ApplicationRelativeFilePath>../../src/eShop.Catalog.Application/Common/Validation/IValidationService.cs</ApplicationRelativeFilePath>
      <ProjectRelativeFilePath>IValidationService.cs</ProjectRelativeFilePath>
      <IsIgnored>false</IsIgnored>
    </FileLog>
    <FileLog>
      <ProjectId>01e1b0ae-82fc-4d1c-a333-56d18b482873</ProjectId>
      <CorrelationId>Intent.Application.FluentValidation.Dtos.ValidatorProviderInterface#2132ecfe-0669-40f7-9256-57d9dd179b34</CorrelationId>
      <OverwriteBehaviour>always</OverwriteBehaviour>
      <ApplicationRelativeFilePath>../../src/eShop.Catalog.Application/Common/Validation/IValidatorProvider.cs</ApplicationRelativeFilePath>
      <ProjectRelativeFilePath>IValidatorProvider.cs</ProjectRelativeFilePath>
      <IsIgnored>false</IsIgnored>
    </FileLog>
    <FileLog>
      <ProjectId>01e1b0ae-82fc-4d1c-a333-56d18b482873</ProjectId>
      <CorrelationId>Intent.Application.FluentValidation.Dtos.ValidationService#d40eb388-cda3-414e-81a0-4b4c8ee990f3</CorrelationId>
      <OverwriteBehaviour>always</OverwriteBehaviour>
      <ApplicationRelativeFilePath>../../src/eShop.Catalog.Application/Common/Validation/ValidationService.cs</ApplicationRelativeFilePath>
      <ProjectRelativeFilePath>ValidationService.cs</ProjectRelativeFilePath>
      <IsIgnored>false</IsIgnored>
    </FileLog>
    <FileLog>
      <ProjectId>01e1b0ae-82fc-4d1c-a333-56d18b482873</ProjectId>
      <CorrelationId>Intent.Application.FluentValidation.Dtos.ValidatorProvider#b40b711e-658f-42ea-8a45-3b318f3c1ee0</CorrelationId>
      <OverwriteBehaviour>always</OverwriteBehaviour>
      <ApplicationRelativeFilePath>../../src/eShop.Catalog.Application/Common/Validation/ValidatorProvider.cs</ApplicationRelativeFilePath>
      <ProjectRelativeFilePath>ValidatorProvider.cs</ProjectRelativeFilePath>
      <IsIgnored>false</IsIgnored>
    </FileLog>
    <FileLog>
      <ProjectId>cfec1fbf-1f87-411f-af12-d06df710017f</ProjectId>
      <CorrelationId>Intent.Application.DependencyInjection.DependencyInjection#4731058c-5824-4ad7-a75a-2a9598ea34db</CorrelationId>
      <OverwriteBehaviour>always</OverwriteBehaviour>
      <ApplicationRelativeFilePath>../../src/eShop.Catalog.Application/DependencyInjection.cs</ApplicationRelativeFilePath>
      <ProjectRelativeFilePath>DependencyInjection.cs</ProjectRelativeFilePath>
      <IsIgnored>false</IsIgnored>
    </FileLog>
    <FileLog>
      <ProjectId>cfec1fbf-1f87-411f-af12-d06df710017f</ProjectId>
      <CorrelationId>Intent.VisualStudio.Projects.CSharpProject#cfec1fbf-1f87-411f-af12-d06df710017f</CorrelationId>
      <OverwriteBehaviour>always</OverwriteBehaviour>
      <ApplicationRelativeFilePath>../../src/eShop.Catalog.Application/eShop.Catalog.Application.csproj</ApplicationRelativeFilePath>
      <ProjectRelativeFilePath>eShop.Catalog.Application.csproj</ProjectRelativeFilePath>
      <IsIgnored>false</IsIgnored>
    </FileLog>
    <FileLog>
      <ProjectId>6ab8d767-3fe4-4175-bcc6-63c8d9ae3336</ProjectId>
      <CorrelationId>Intent.Application.ServiceImplementations.ServiceImplementation#99909f93-8c4c-4295-a480-242169cc6914</CorrelationId>
      <OverwriteBehaviour>always</OverwriteBehaviour>
      <ApplicationRelativeFilePath>../../src/eShop.Catalog.Application/Implementation/CatalogService.cs</ApplicationRelativeFilePath>
      <ProjectRelativeFilePath>CatalogService.cs</ProjectRelativeFilePath>
      <IsIgnored>false</IsIgnored>
    </FileLog>
    <FileLog>
      <ProjectId>b1440a2c-5af1-4060-818b-4051987de930</ProjectId>
      <CorrelationId>Intent.Eventing.Contracts.IntegrationEventDto#4cf7bf10-021e-479a-a55d-3c301dcb585e</CorrelationId>
      <OverwriteBehaviour>always</OverwriteBehaviour>
      <ApplicationRelativeFilePath>../../src/eShop.Catalog.Application/IntegrationEvents/ConfirmedOrderStockItem.cs</ApplicationRelativeFilePath>
      <ProjectRelativeFilePath>ConfirmedOrderStockItem.cs</ProjectRelativeFilePath>
      <IsIgnored>false</IsIgnored>
    </FileLog>
    <FileLog>
      <ProjectId>3771990c-bcc4-42d5-8d21-848572fee042</ProjectId>
      <CorrelationId>Intent.Eventing.MassTransit.IntegrationEventHandler#0429ea0b-1e5f-4857-b184-a9358254e8ba</CorrelationId>
      <OverwriteBehaviour>always</OverwriteBehaviour>
      <ApplicationRelativeFilePath>../../src/eShop.Catalog.Application/IntegrationEvents/EventHandlers/OrderStatusChangedToAwaitingValidationIntegrationEventHandler.cs</ApplicationRelativeFilePath>
      <ProjectRelativeFilePath>OrderStatusChangedToAwaitingValidationIntegrationEventHandler.cs</ProjectRelativeFilePath>
      <IsIgnored>false</IsIgnored>
    </FileLog>
    <FileLog>
      <ProjectId>b1440a2c-5af1-4060-818b-4051987de930</ProjectId>
      <CorrelationId>Intent.Eventing.Contracts.IntegrationEventDto#787b658a-bab3-4ffd-97e7-07c78709d191</CorrelationId>
      <OverwriteBehaviour>always</OverwriteBehaviour>
      <ApplicationRelativeFilePath>../../src/eShop.Catalog.Application/IntegrationEvents/OrderItemDto.cs</ApplicationRelativeFilePath>
      <ProjectRelativeFilePath>OrderItemDto.cs</ProjectRelativeFilePath>
      <IsIgnored>false</IsIgnored>
    </FileLog>
    <FileLog>
      <ProjectId>b1440a2c-5af1-4060-818b-4051987de930</ProjectId>
      <CorrelationId>Intent.Eventing.Contracts.IntegrationEventMessage#9f7d8979-e48c-4c89-9454-fbb800e79160</CorrelationId>
      <OverwriteBehaviour>always</OverwriteBehaviour>
      <ApplicationRelativeFilePath>../../src/eShop.Catalog.Application/IntegrationEvents/OrderStatusChangedToAwaitingValidationIntegrationEvent.cs</ApplicationRelativeFilePath>
      <ProjectRelativeFilePath>OrderStatusChangedToAwaitingValidationIntegrationEvent.cs</ProjectRelativeFilePath>
      <IsIgnored>false</IsIgnored>
    </FileLog>
    <FileLog>
      <ProjectId>b1440a2c-5af1-4060-818b-4051987de930</ProjectId>
      <CorrelationId>Intent.Eventing.Contracts.IntegrationEventMessage#8eba012d-f636-42a5-9cdb-a28d76885f7f</CorrelationId>
      <OverwriteBehaviour>always</OverwriteBehaviour>
      <ApplicationRelativeFilePath>../../src/eShop.Catalog.Application/IntegrationEvents/OrderStockConfirmedIntegrationEvent.cs</ApplicationRelativeFilePath>
      <ProjectRelativeFilePath>OrderStockConfirmedIntegrationEvent.cs</ProjectRelativeFilePath>
      <IsIgnored>false</IsIgnored>
    </FileLog>
    <FileLog>
      <ProjectId>b1440a2c-5af1-4060-818b-4051987de930</ProjectId>
      <CorrelationId>Intent.Eventing.Contracts.IntegrationEventMessage#1d3c3372-8b8e-4be1-a5fe-8cb52903cb14</CorrelationId>
      <OverwriteBehaviour>always</OverwriteBehaviour>
      <ApplicationRelativeFilePath>../../src/eShop.Catalog.Application/IntegrationEvents/OrderStockRejectedIntegrationEvent.cs</ApplicationRelativeFilePath>
      <ProjectRelativeFilePath>OrderStockRejectedIntegrationEvent.cs</ProjectRelativeFilePath>
      <IsIgnored>false</IsIgnored>
    </FileLog>
    <FileLog>
      <ProjectId>b1440a2c-5af1-4060-818b-4051987de930</ProjectId>
      <CorrelationId>Intent.Eventing.Contracts.IntegrationEventMessage#15cbbe95-16f8-492e-b1c6-343e09c3a6d0</CorrelationId>
      <OverwriteBehaviour>always</OverwriteBehaviour>
      <ApplicationRelativeFilePath>../../src/eShop.Catalog.Application/IntegrationEvents/ProductPriceChangedIntegrationEvent.cs</ApplicationRelativeFilePath>
      <ProjectRelativeFilePath>ProductPriceChangedIntegrationEvent.cs</ProjectRelativeFilePath>
      <IsIgnored>false</IsIgnored>
    </FileLog>
    <FileLog>
      <ProjectId>7b87439b-3a62-41f7-8d18-445370ed8ff6</ProjectId>
      <CorrelationId>Intent.Application.Contracts.ServiceContract#99909f93-8c4c-4295-a480-242169cc6914</CorrelationId>
      <OverwriteBehaviour>always</OverwriteBehaviour>
      <ApplicationRelativeFilePath>../../src/eShop.Catalog.Application/Interfaces/ICatalogService.cs</ApplicationRelativeFilePath>
      <ProjectRelativeFilePath>ICatalogService.cs</ProjectRelativeFilePath>
      <IsIgnored>false</IsIgnored>
    </FileLog>
    <FileLog>
      <ProjectId>6125780a-0198-4979-8595-151c9c19ecbe</ProjectId>
      <CorrelationId>Intent.Entities.CollectionExtensions#86ab1235-b325-47eb-94ad-c2f747aa5db1</CorrelationId>
      <OverwriteBehaviour>always</OverwriteBehaviour>
      <ApplicationRelativeFilePath>../../src/eShop.Catalog.Domain/Common/CollectionExtensions.cs</ApplicationRelativeFilePath>
      <ProjectRelativeFilePath>CollectionExtensions.cs</ProjectRelativeFilePath>
      <IsIgnored>false</IsIgnored>
    </FileLog>
    <FileLog>
      <ProjectId>a1f16fe5-2c62-4668-82b5-a55cc6b6550c</ProjectId>
      <CorrelationId>Intent.Entities.NotFoundException#31c64d06-4d12-4a8f-ae9c-ddd72c9f01c2</CorrelationId>
      <OverwriteBehaviour>always</OverwriteBehaviour>
      <ApplicationRelativeFilePath>../../src/eShop.Catalog.Domain/Common/Exceptions/NotFoundException.cs</ApplicationRelativeFilePath>
      <ProjectRelativeFilePath>NotFoundException.cs</ProjectRelativeFilePath>
      <IsIgnored>false</IsIgnored>
    </FileLog>
    <FileLog>
      <ProjectId>ccd4a9f0-c14a-45dd-944b-e975a053957b</ProjectId>
      <CorrelationId>Intent.Entities.Repositories.Api.UnitOfWorkInterface#26e4bf77-5340-491f-ac81-93f80b1421a0</CorrelationId>
      <OverwriteBehaviour>always</OverwriteBehaviour>
      <ApplicationRelativeFilePath>../../src/eShop.Catalog.Domain/Common/Interfaces/IUnitOfWork.cs</ApplicationRelativeFilePath>
      <ProjectRelativeFilePath>IUnitOfWork.cs</ProjectRelativeFilePath>
      <IsIgnored>false</IsIgnored>
    </FileLog>
    <FileLog>
      <ProjectId>6125780a-0198-4979-8595-151c9c19ecbe</ProjectId>
      <CorrelationId>Intent.Entities.UpdateHelper#9df5301d-6839-4030-8350-3aa97dde972c</CorrelationId>
      <OverwriteBehaviour>always</OverwriteBehaviour>
      <ApplicationRelativeFilePath>../../src/eShop.Catalog.Domain/Common/UpdateHelper.cs</ApplicationRelativeFilePath>
      <ProjectRelativeFilePath>UpdateHelper.cs</ProjectRelativeFilePath>
      <IsIgnored>false</IsIgnored>
    </FileLog>
    <FileLog>
      <ProjectId>fa5fc439-7fde-47a5-95fd-f64e4c43a343</ProjectId>
      <CorrelationId>Intent.Entities.DomainEntity#511695dd-9903-4eb7-95c1-077c1ee84cf7</CorrelationId>
      <OverwriteBehaviour>always</OverwriteBehaviour>
      <ApplicationRelativeFilePath>../../src/eShop.Catalog.Domain/Entities/CatalogBrand.cs</ApplicationRelativeFilePath>
      <ProjectRelativeFilePath>CatalogBrand.cs</ProjectRelativeFilePath>
      <IsIgnored>false</IsIgnored>
    </FileLog>
    <FileLog>
      <ProjectId>fa5fc439-7fde-47a5-95fd-f64e4c43a343</ProjectId>
      <CorrelationId>Intent.Entities.DomainEntity#f2ce80a2-8077-42e8-be33-de22cf15a09d</CorrelationId>
      <OverwriteBehaviour>always</OverwriteBehaviour>
      <ApplicationRelativeFilePath>../../src/eShop.Catalog.Domain/Entities/CatalogItem.cs</ApplicationRelativeFilePath>
      <ProjectRelativeFilePath>CatalogItem.cs</ProjectRelativeFilePath>
      <IsIgnored>false</IsIgnored>
    </FileLog>
    <FileLog>
      <ProjectId>fa5fc439-7fde-47a5-95fd-f64e4c43a343</ProjectId>
      <CorrelationId>Intent.Entities.DomainEntity#d90df757-8953-4f16-b19e-08fe245cc7be</CorrelationId>
      <OverwriteBehaviour>always</OverwriteBehaviour>
      <ApplicationRelativeFilePath>../../src/eShop.Catalog.Domain/Entities/CatalogType.cs</ApplicationRelativeFilePath>
      <ProjectRelativeFilePath>CatalogType.cs</ProjectRelativeFilePath>
      <IsIgnored>false</IsIgnored>
    </FileLog>
    <FileLog>
      <ProjectId>d21ab960-c94c-4510-8ba6-65fc4217d3ec</ProjectId>
      <CorrelationId>Intent.VisualStudio.Projects.CSharpProject#d21ab960-c94c-4510-8ba6-65fc4217d3ec</CorrelationId>
      <OverwriteBehaviour>always</OverwriteBehaviour>
      <ApplicationRelativeFilePath>../../src/eShop.Catalog.Domain/eShop.Catalog.Domain.csproj</ApplicationRelativeFilePath>
      <ProjectRelativeFilePath>eShop.Catalog.Domain.csproj</ProjectRelativeFilePath>
      <IsIgnored>false</IsIgnored>
    </FileLog>
    <FileLog>
      <ProjectId>88464a42-7324-4e84-92d1-dfa8fcd9cf13</ProjectId>
      <CorrelationId>Intent.Entities.Repositories.Api.EntityRepositoryInterface#511695dd-9903-4eb7-95c1-077c1ee84cf7</CorrelationId>
      <OverwriteBehaviour>always</OverwriteBehaviour>
      <ApplicationRelativeFilePath>../../src/eShop.Catalog.Domain/Repositories/ICatalogBrandRepository.cs</ApplicationRelativeFilePath>
      <ProjectRelativeFilePath>ICatalogBrandRepository.cs</ProjectRelativeFilePath>
      <IsIgnored>false</IsIgnored>
    </FileLog>
    <FileLog>
      <ProjectId>88464a42-7324-4e84-92d1-dfa8fcd9cf13</ProjectId>
      <CorrelationId>Intent.Entities.Repositories.Api.EntityRepositoryInterface#f2ce80a2-8077-42e8-be33-de22cf15a09d</CorrelationId>
      <OverwriteBehaviour>always</OverwriteBehaviour>
      <ApplicationRelativeFilePath>../../src/eShop.Catalog.Domain/Repositories/ICatalogItemRepository.cs</ApplicationRelativeFilePath>
      <ProjectRelativeFilePath>ICatalogItemRepository.cs</ProjectRelativeFilePath>
      <IsIgnored>false</IsIgnored>
    </FileLog>
    <FileLog>
      <ProjectId>88464a42-7324-4e84-92d1-dfa8fcd9cf13</ProjectId>
      <CorrelationId>Intent.Entities.Repositories.Api.EntityRepositoryInterface#d90df757-8953-4f16-b19e-08fe245cc7be</CorrelationId>
      <OverwriteBehaviour>always</OverwriteBehaviour>
      <ApplicationRelativeFilePath>../../src/eShop.Catalog.Domain/Repositories/ICatalogTypeRepository.cs</ApplicationRelativeFilePath>
      <ProjectRelativeFilePath>ICatalogTypeRepository.cs</ProjectRelativeFilePath>
      <IsIgnored>false</IsIgnored>
    </FileLog>
    <FileLog>
      <ProjectId>88464a42-7324-4e84-92d1-dfa8fcd9cf13</ProjectId>
      <CorrelationId>Intent.EntityFrameworkCore.Repositories.EFRepositoryInterface#96a80447-0178-4667-b854-0cac13b3080f</CorrelationId>
      <OverwriteBehaviour>always</OverwriteBehaviour>
      <ApplicationRelativeFilePath>../../src/eShop.Catalog.Domain/Repositories/IEFRepository.cs</ApplicationRelativeFilePath>
      <ProjectRelativeFilePath>IEFRepository.cs</ProjectRelativeFilePath>
      <IsIgnored>false</IsIgnored>
    </FileLog>
    <FileLog>
      <ProjectId>88464a42-7324-4e84-92d1-dfa8fcd9cf13</ProjectId>
      <CorrelationId>Intent.Entities.Repositories.Api.PagedListInterface#ab1291b7-4c24-44f7-b935-218f2cac23ef</CorrelationId>
      <OverwriteBehaviour>always</OverwriteBehaviour>
      <ApplicationRelativeFilePath>../../src/eShop.Catalog.Domain/Repositories/IPagedList.cs</ApplicationRelativeFilePath>
      <ProjectRelativeFilePath>IPagedList.cs</ProjectRelativeFilePath>
      <IsIgnored>false</IsIgnored>
    </FileLog>
    <FileLog>
      <ProjectId>88464a42-7324-4e84-92d1-dfa8fcd9cf13</ProjectId>
      <CorrelationId>Intent.Entities.Repositories.Api.RepositoryInterface#fcf5a3dd-b09d-4ad3-9c8a-b03124d00708</CorrelationId>
      <OverwriteBehaviour>always</OverwriteBehaviour>
      <ApplicationRelativeFilePath>../../src/eShop.Catalog.Domain/Repositories/IRepository.cs</ApplicationRelativeFilePath>
      <ProjectRelativeFilePath>IRepository.cs</ProjectRelativeFilePath>
      <IsIgnored>false</IsIgnored>
    </FileLog>
    <FileLog>
      <ProjectId>a7ad3e26-4605-4553-87b4-802c8d7ebe6e</ProjectId>
      <CorrelationId>Intent.Eventing.MassTransit.MassTransitConfiguration#24737a38-5969-4ffb-9dbd-6fba634bcd7d</CorrelationId>
      <OverwriteBehaviour>always</OverwriteBehaviour>
      <ApplicationRelativeFilePath>../../src/eShop.Catalog.Infrastructure/Configuration/MassTransitConfiguration.cs</ApplicationRelativeFilePath>
      <ProjectRelativeFilePath>MassTransitConfiguration.cs</ProjectRelativeFilePath>
      <IsIgnored>false</IsIgnored>
    </FileLog>
    <FileLog>
      <ProjectId>63f39193-18e9-425b-a82a-97dd4119cca1</ProjectId>
      <CorrelationId>Intent.Infrastructure.DependencyInjection.DependencyInjection#65353bd5-f9cd-4140-9e95-5bf0a8fb7ff9</CorrelationId>
      <OverwriteBehaviour>always</OverwriteBehaviour>
      <ApplicationRelativeFilePath>../../src/eShop.Catalog.Infrastructure/DependencyInjection.cs</ApplicationRelativeFilePath>
      <ProjectRelativeFilePath>DependencyInjection.cs</ProjectRelativeFilePath>
      <IsIgnored>false</IsIgnored>
    </FileLog>
    <FileLog>
      <ProjectId>63f39193-18e9-425b-a82a-97dd4119cca1</ProjectId>
      <CorrelationId>Intent.VisualStudio.Projects.CSharpProject#63f39193-18e9-425b-a82a-97dd4119cca1</CorrelationId>
      <OverwriteBehaviour>always</OverwriteBehaviour>
      <ApplicationRelativeFilePath>../../src/eShop.Catalog.Infrastructure/eShop.Catalog.Infrastructure.csproj</ApplicationRelativeFilePath>
      <ProjectRelativeFilePath>eShop.Catalog.Infrastructure.csproj</ProjectRelativeFilePath>
      <IsIgnored>false</IsIgnored>
    </FileLog>
    <FileLog>
      <ProjectId>11a07ab3-173d-4750-9548-a26f54f82566</ProjectId>
      <CorrelationId>Intent.Eventing.MassTransit.IntegrationEventConsumer#e51ad3bc-4a75-49c9-9390-1b5cf6f7457c</CorrelationId>
      <OverwriteBehaviour>always</OverwriteBehaviour>
      <ApplicationRelativeFilePath>../../src/eShop.Catalog.Infrastructure/Eventing/IntegrationEventConsumer.cs</ApplicationRelativeFilePath>
      <ProjectRelativeFilePath>IntegrationEventConsumer.cs</ProjectRelativeFilePath>
      <IsIgnored>false</IsIgnored>
    </FileLog>
    <FileLog>
      <ProjectId>11a07ab3-173d-4750-9548-a26f54f82566</ProjectId>
      <CorrelationId>Intent.Eventing.MassTransit.MassTransitEventBus#446d1b4d-48d8-4b31-b6db-008441ce0030</CorrelationId>
      <OverwriteBehaviour>always</OverwriteBehaviour>
      <ApplicationRelativeFilePath>../../src/eShop.Catalog.Infrastructure/Eventing/MassTransitEventBus.cs</ApplicationRelativeFilePath>
      <ProjectRelativeFilePath>MassTransitEventBus.cs</ProjectRelativeFilePath>
      <IsIgnored>false</IsIgnored>
    </FileLog>
    <FileLog>
      <ProjectId>273c1179-01a3-422c-bded-b8112dab7f49</ProjectId>
      <CorrelationId>Intent.EntityFrameworkCore.DbMigrationsReadMe#6682da4a-7ae6-41c9-8a21-fe2a3eb4b6cb</CorrelationId>
      <OverwriteBehaviour>always</OverwriteBehaviour>
      <ApplicationRelativeFilePath>../../src/eShop.Catalog.Infrastructure/Migrations/README.md</ApplicationRelativeFilePath>
      <ProjectRelativeFilePath>README.md</ProjectRelativeFilePath>
      <IsIgnored>false</IsIgnored>
    </FileLog>
    <FileLog>
      <ProjectId>2b94e59f-e158-4f05-b652-a484e3819c64</ProjectId>
      <CorrelationId>Intent.EntityFrameworkCore.DbContext#DefaultConnection</CorrelationId>
      <OverwriteBehaviour>always</OverwriteBehaviour>
      <ApplicationRelativeFilePath>../../src/eShop.Catalog.Infrastructure/Persistence/ApplicationDbContext.cs</ApplicationRelativeFilePath>
      <ProjectRelativeFilePath>ApplicationDbContext.cs</ProjectRelativeFilePath>
      <IsIgnored>false</IsIgnored>
    </FileLog>
    <FileLog>
      <ProjectId>4d98e490-0b19-43f5-8a1b-8bd55b57a588</ProjectId>
      <CorrelationId>Intent.EntityFrameworkCore.EntityTypeConfiguration#511695dd-9903-4eb7-95c1-077c1ee84cf7</CorrelationId>
      <OverwriteBehaviour>always</OverwriteBehaviour>
      <ApplicationRelativeFilePath>../../src/eShop.Catalog.Infrastructure/Persistence/Configurations/CatalogBrandConfiguration.cs</ApplicationRelativeFilePath>
      <ProjectRelativeFilePath>CatalogBrandConfiguration.cs</ProjectRelativeFilePath>
      <IsIgnored>false</IsIgnored>
    </FileLog>
    <FileLog>
      <ProjectId>4d98e490-0b19-43f5-8a1b-8bd55b57a588</ProjectId>
      <CorrelationId>Intent.EntityFrameworkCore.EntityTypeConfiguration#f2ce80a2-8077-42e8-be33-de22cf15a09d</CorrelationId>
      <OverwriteBehaviour>always</OverwriteBehaviour>
      <ApplicationRelativeFilePath>../../src/eShop.Catalog.Infrastructure/Persistence/Configurations/CatalogItemConfiguration.cs</ApplicationRelativeFilePath>
      <ProjectRelativeFilePath>CatalogItemConfiguration.cs</ProjectRelativeFilePath>
      <IsIgnored>false</IsIgnored>
    </FileLog>
    <FileLog>
      <ProjectId>4d98e490-0b19-43f5-8a1b-8bd55b57a588</ProjectId>
      <CorrelationId>Intent.EntityFrameworkCore.EntityTypeConfiguration#d90df757-8953-4f16-b19e-08fe245cc7be</CorrelationId>
      <OverwriteBehaviour>always</OverwriteBehaviour>
      <ApplicationRelativeFilePath>../../src/eShop.Catalog.Infrastructure/Persistence/Configurations/CatalogTypeConfiguration.cs</ApplicationRelativeFilePath>
      <ProjectRelativeFilePath>CatalogTypeConfiguration.cs</ProjectRelativeFilePath>
      <IsIgnored>false</IsIgnored>
    </FileLog>
    <FileLog>
      <ProjectId>35cf4f6b-da63-4020-abee-e30ff2b1c196</ProjectId>
      <CorrelationId>Intent.EntityFrameworkCore.Repositories.Repository#511695dd-9903-4eb7-95c1-077c1ee84cf7</CorrelationId>
      <OverwriteBehaviour>always</OverwriteBehaviour>
      <ApplicationRelativeFilePath>../../src/eShop.Catalog.Infrastructure/Repositories/CatalogBrandRepository.cs</ApplicationRelativeFilePath>
      <ProjectRelativeFilePath>CatalogBrandRepository.cs</ProjectRelativeFilePath>
      <IsIgnored>false</IsIgnored>
    </FileLog>
    <FileLog>
      <ProjectId>35cf4f6b-da63-4020-abee-e30ff2b1c196</ProjectId>
      <CorrelationId>Intent.EntityFrameworkCore.Repositories.Repository#f2ce80a2-8077-42e8-be33-de22cf15a09d</CorrelationId>
      <OverwriteBehaviour>always</OverwriteBehaviour>
      <ApplicationRelativeFilePath>../../src/eShop.Catalog.Infrastructure/Repositories/CatalogItemRepository.cs</ApplicationRelativeFilePath>
      <ProjectRelativeFilePath>CatalogItemRepository.cs</ProjectRelativeFilePath>
      <IsIgnored>false</IsIgnored>
    </FileLog>
    <FileLog>
      <ProjectId>35cf4f6b-da63-4020-abee-e30ff2b1c196</ProjectId>
      <CorrelationId>Intent.EntityFrameworkCore.Repositories.Repository#d90df757-8953-4f16-b19e-08fe245cc7be</CorrelationId>
      <OverwriteBehaviour>always</OverwriteBehaviour>
      <ApplicationRelativeFilePath>../../src/eShop.Catalog.Infrastructure/Repositories/CatalogTypeRepository.cs</ApplicationRelativeFilePath>
      <ProjectRelativeFilePath>CatalogTypeRepository.cs</ProjectRelativeFilePath>
      <IsIgnored>false</IsIgnored>
    </FileLog>
    <FileLog>
      <ProjectId>35cf4f6b-da63-4020-abee-e30ff2b1c196</ProjectId>
      <CorrelationId>Intent.EntityFrameworkCore.Repositories.RepositoryBase#25fda31f-43d1-4acc-9846-d3514b9ff977</CorrelationId>
      <OverwriteBehaviour>always</OverwriteBehaviour>
      <ApplicationRelativeFilePath>../../src/eShop.Catalog.Infrastructure/Repositories/RepositoryBase.cs</ApplicationRelativeFilePath>
      <ProjectRelativeFilePath>RepositoryBase.cs</ProjectRelativeFilePath>
      <IsIgnored>false</IsIgnored>
    </FileLog>
    <FileLog>
      <CorrelationId>Intent.VisualStudio.Projects.VisualStudioSolution#02f09bb7-b46f-4942-adef-06c8fbe454fc</CorrelationId>
      <OverwriteBehaviour>always</OverwriteBehaviour>
      <ApplicationRelativeFilePath>../../src/eShop.Sample.sln</ApplicationRelativeFilePath>
      <IsIgnored>false</IsIgnored>
    </FileLog>
  </FileLogs>
</outputLog>