<?xml version="1.0" encoding="utf-8"?>
<outputLog>
  <ApplicationId>ff6266e0-7bf2-4617-af61-80c09aac3c24</ApplicationId>
  <FileLogs>
    <FileLog>
      <ProjectId>958916de-ad8d-4071-b2b6-8e8b3ee6aba9</ProjectId>
      <CorrelationId>Intent.VisualStudio.Projects.CoreWeb.AppSettings-Default#958916de-ad8d-4071-b2b6-8e8b3ee6aba9</CorrelationId>
      <OverwriteBehaviour>always</OverwriteBehaviour>
      <ApplicationRelativeFilePath>../../src/Services/Payment/eShop.Payment.Api/appsettings.json</ApplicationRelativeFilePath>
      <ProjectRelativeFilePath>appsettings.json</ProjectRelativeFilePath>
      <IsIgnored>false</IsIgnored>
    </FileLog>
    <FileLog>
      <ProjectId>7d1dd0e9-86b0-4a55-b55c-e0e42726e8bf</ProjectId>
      <CorrelationId>Intent.Eventing.MassTransit.MassTransitConfiguration</CorrelationId>
      <OverwriteBehaviour>always</OverwriteBehaviour>
      <ApplicationRelativeFilePath>../../src/Services/Payment/eShop.Payment.Api/Configuration/MassTransitConfiguration.cs</ApplicationRelativeFilePath>
      <ProjectRelativeFilePath>MassTransitConfiguration.cs</ProjectRelativeFilePath>
      <IsIgnored>false</IsIgnored>
    </FileLog>
    <FileLog>
      <ProjectId>7d1dd0e9-86b0-4a55-b55c-e0e42726e8bf</ProjectId>
      <CorrelationId>Intent.AspNetCore.ProblemDetailsConfiguration</CorrelationId>
      <OverwriteBehaviour>always</OverwriteBehaviour>
      <ApplicationRelativeFilePath>../../src/Services/Payment/eShop.Payment.Api/Configuration/ProblemDetailsConfiguration.cs</ApplicationRelativeFilePath>
      <ProjectRelativeFilePath>ProblemDetailsConfiguration.cs</ProjectRelativeFilePath>
      <IsIgnored>false</IsIgnored>
    </FileLog>
    <FileLog>
      <ProjectId>958916de-ad8d-4071-b2b6-8e8b3ee6aba9</ProjectId>
      <CorrelationId>Intent.Infrastructure.DependencyInjection.DependencyInjection</CorrelationId>
      <OverwriteBehaviour>always</OverwriteBehaviour>
      <ApplicationRelativeFilePath>../../src/Services/Payment/eShop.Payment.Api/DependencyInjection.cs</ApplicationRelativeFilePath>
      <ProjectRelativeFilePath>DependencyInjection.cs</ProjectRelativeFilePath>
      <IsIgnored>false</IsIgnored>
    </FileLog>
    <FileLog>
      <ProjectId>958916de-ad8d-4071-b2b6-8e8b3ee6aba9</ProjectId>
      <CorrelationId>Intent.VisualStudio.Projects.CSharpProject#958916de-ad8d-4071-b2b6-8e8b3ee6aba9</CorrelationId>
      <OverwriteBehaviour>always</OverwriteBehaviour>
      <ApplicationRelativeFilePath>../../src/Services/Payment/eShop.Payment.Api/eShop.Payment.Api.csproj</ApplicationRelativeFilePath>
      <ProjectRelativeFilePath>eShop.Payment.Api.csproj</ProjectRelativeFilePath>
      <IsIgnored>false</IsIgnored>
    </FileLog>
    <FileLog>
      <ProjectId>13211d24-fb54-42dc-b1db-a71b613842f0</ProjectId>
      <CorrelationId>Intent.Eventing.MassTransit.IntegrationEventConsumer</CorrelationId>
      <OverwriteBehaviour>always</OverwriteBehaviour>
      <ApplicationRelativeFilePath>../../src/Services/Payment/eShop.Payment.Api/Eventing/IntegrationEventConsumer.cs</ApplicationRelativeFilePath>
      <ProjectRelativeFilePath>IntegrationEventConsumer.cs</ProjectRelativeFilePath>
      <IsIgnored>false</IsIgnored>
    </FileLog>
    <FileLog>
      <ProjectId>3a1ddcf0-fb1c-4da1-9f04-d172c79ff392</ProjectId>
      <CorrelationId>Intent.Eventing.Contracts.EventBusInterface</CorrelationId>
      <OverwriteBehaviour>always</OverwriteBehaviour>
      <ApplicationRelativeFilePath>../../src/Services/Payment/eShop.Payment.Api/IntegrationEvents/Common/IEventBus.cs</ApplicationRelativeFilePath>
      <ProjectRelativeFilePath>IEventBus.cs</ProjectRelativeFilePath>
      <IsIgnored>false</IsIgnored>
    </FileLog>
    <FileLog>
      <ProjectId>3a1ddcf0-fb1c-4da1-9f04-d172c79ff392</ProjectId>
      <CorrelationId>Intent.Eventing.Contracts.IntegrationEventHandlerInterface</CorrelationId>
      <OverwriteBehaviour>always</OverwriteBehaviour>
      <ApplicationRelativeFilePath>../../src/Services/Payment/eShop.Payment.Api/IntegrationEvents/Common/IIntegrationEventHandler.cs</ApplicationRelativeFilePath>
      <ProjectRelativeFilePath>IIntegrationEventHandler.cs</ProjectRelativeFilePath>
      <IsIgnored>false</IsIgnored>
    </FileLog>
    <FileLog>
      <ProjectId>611eba0a-b4e0-4fdd-98ac-e10ab578a68b</ProjectId>
      <CorrelationId>Intent.Eventing.MassTransit.IntegrationEventHandler#8aecd1a2-aba0-4f9e-993d-1e8654ff2b07</CorrelationId>
      <OverwriteBehaviour>always</OverwriteBehaviour>
      <ApplicationRelativeFilePath>../../src/Services/Payment/eShop.Payment.Api/IntegrationEvents/EventHandlers/OrderStatusChangedToStockConfirmedIntegrationEventHandler.cs</ApplicationRelativeFilePath>
      <ProjectRelativeFilePath>OrderStatusChangedToStockConfirmedIntegrationEventHandler.cs</ProjectRelativeFilePath>
      <IsIgnored>false</IsIgnored>
    </FileLog>
    <FileLog>
      <ProjectId>71ad2c1e-705f-4773-aab9-1184bf7a0428</ProjectId>
      <CorrelationId>Intent.Eventing.Contracts.IntegrationEventMessage#828af32a-a069-48a5-a44c-30b6b4b94eb7</CorrelationId>
      <OverwriteBehaviour>always</OverwriteBehaviour>
      <ApplicationRelativeFilePath>../../src/Services/Payment/eShop.Payment.Api/IntegrationEvents/Events/OrderPaymentFailedIntegrationEvent.cs</ApplicationRelativeFilePath>
      <ProjectRelativeFilePath>OrderPaymentFailedIntegrationEvent.cs</ProjectRelativeFilePath>
      <IsIgnored>true</IsIgnored>
    </FileLog>
    <FileLog>
      <ProjectId>71ad2c1e-705f-4773-aab9-1184bf7a0428</ProjectId>
      <CorrelationId>Intent.Eventing.Contracts.IntegrationEventMessage#46086675-ab8b-47d9-9bfc-843cbdfe38dc</CorrelationId>
      <OverwriteBehaviour>always</OverwriteBehaviour>
      <ApplicationRelativeFilePath>../../src/Services/Payment/eShop.Payment.Api/IntegrationEvents/Events/OrderPaymentSucceededIntegrationEvent.cs</ApplicationRelativeFilePath>
      <ProjectRelativeFilePath>OrderPaymentSucceededIntegrationEvent.cs</ProjectRelativeFilePath>
      <IsIgnored>true</IsIgnored>
    </FileLog>
    <FileLog>
      <ProjectId>71ad2c1e-705f-4773-aab9-1184bf7a0428</ProjectId>
      <CorrelationId>Intent.Eventing.Contracts.IntegrationEventMessage#42e8173d-8897-4ac7-b7ff-9ba00f703ee4</CorrelationId>
      <OverwriteBehaviour>always</OverwriteBehaviour>
      <ApplicationRelativeFilePath>../../src/Services/Payment/eShop.Payment.Api/IntegrationEvents/Events/OrderStatusChangedToStockConfirmedIntegrationEvent.cs</ApplicationRelativeFilePath>
      <ProjectRelativeFilePath>OrderStatusChangedToStockConfirmedIntegrationEvent.cs</ProjectRelativeFilePath>
      <IsIgnored>false</IsIgnored>
    </FileLog>
    <FileLog>
      <ProjectId>d539df3c-fe87-457c-a9b2-c17a0d34ecff</ProjectId>
      <CorrelationId>Intent.Eventing.MassTransit.MassTransitEventBus</CorrelationId>
      <OverwriteBehaviour>always</OverwriteBehaviour>
      <ApplicationRelativeFilePath>../../src/Services/Payment/eShop.Payment.Api/IntegrationEvents/Infrastructure/MassTransitEventBus.cs</ApplicationRelativeFilePath>
      <ProjectRelativeFilePath>MassTransitEventBus.cs</ProjectRelativeFilePath>
      <IsIgnored>false</IsIgnored>
    </FileLog>
    <FileLog>
      <ProjectId>958916de-ad8d-4071-b2b6-8e8b3ee6aba9</ProjectId>
      <CorrelationId>Intent.AspNetCore.Program</CorrelationId>
      <OverwriteBehaviour>always</OverwriteBehaviour>
      <ApplicationRelativeFilePath>../../src/Services/Payment/eShop.Payment.Api/Program.cs</ApplicationRelativeFilePath>
      <ProjectRelativeFilePath>Program.cs</ProjectRelativeFilePath>
      <IsIgnored>false</IsIgnored>
    </FileLog>
    <FileLog>
      <ProjectId>958916de-ad8d-4071-b2b6-8e8b3ee6aba9</ProjectId>
      <CorrelationId>Intent.VisualStudio.Projects.CoreWeb.LaunchSettings#958916de-ad8d-4071-b2b6-8e8b3ee6aba9</CorrelationId>
      <OverwriteBehaviour>always</OverwriteBehaviour>
      <ApplicationRelativeFilePath>../../src/Services/Payment/eShop.Payment.Api/Properties/launchSettings.json</ApplicationRelativeFilePath>
      <ProjectRelativeFilePath>Properties/launchSettings.json</ProjectRelativeFilePath>
      <IsIgnored>false</IsIgnored>
    </FileLog>
    <FileLog>
      <ProjectId>958916de-ad8d-4071-b2b6-8e8b3ee6aba9</ProjectId>
      <CorrelationId>Intent.AspNetCore.Startup</CorrelationId>
      <OverwriteBehaviour>always</OverwriteBehaviour>
      <ApplicationRelativeFilePath>../../src/Services/Payment/eShop.Payment.Api/Startup.cs</ApplicationRelativeFilePath>
      <ProjectRelativeFilePath>Startup.cs</ProjectRelativeFilePath>
      <IsIgnored>false</IsIgnored>
    </FileLog>
    <FileLog>
      <CorrelationId>Intent.VisualStudio.Projects.VisualStudioSolution#c85acf8b-1596-4692-903a-d59619ea1b93</CorrelationId>
      <OverwriteBehaviour>always</OverwriteBehaviour>
      <ApplicationRelativeFilePath>../../src/Services/Payment/eShop.Payment.sln</ApplicationRelativeFilePath>
      <IsIgnored>false</IsIgnored>
    </FileLog>
  </FileLogs>
</outputLog>