<?xml version="1.0" encoding="utf-8"?>
<outputLog>
  <ApplicationId>0fad2d18-af53-4fc4-b6f1-698045dd88f4</ApplicationId>
  <FileLogs>
    <FileLog>
      <ProjectId>4ec88c9f-61c9-4ac6-8915-84aad3a402d3</ProjectId>
      <CorrelationId>Intent.VisualStudio.Projects.CoreWeb.AppSettings-Default#4ec88c9f-61c9-4ac6-8915-84aad3a402d3</CorrelationId>
      <OverwriteBehaviour>always</OverwriteBehaviour>
      <ApplicationRelativeFilePath>../../src/eShop.Basket.Api/appsettings.json</ApplicationRelativeFilePath>
      <ProjectRelativeFilePath>appsettings.json</ProjectRelativeFilePath>
      <IsIgnored>false</IsIgnored>
    </FileLog>
    <FileLog>
      <ProjectId>e2e5a91f-0340-4af8-9b98-b6d985efb7d7</ProjectId>
      <CorrelationId>Intent.Application.Identity.ApplicationSecurityConfiguration#fe214329-f503-4e7b-adee-2f222e01c971</CorrelationId>
      <OverwriteBehaviour>always</OverwriteBehaviour>
      <ApplicationRelativeFilePath>../../src/eShop.Basket.Api/Configuration/ApplicationSecurityConfiguration.cs</ApplicationRelativeFilePath>
      <ProjectRelativeFilePath>ApplicationSecurityConfiguration.cs</ProjectRelativeFilePath>
      <IsIgnored>false</IsIgnored>
    </FileLog>
    <FileLog>
      <ProjectId>e2e5a91f-0340-4af8-9b98-b6d985efb7d7</ProjectId>
      <CorrelationId>Intent.AspNetCore.Cors.CorsConfiguration#537e4434-f37f-48ea-a064-b61f92ee5261</CorrelationId>
      <OverwriteBehaviour>always</OverwriteBehaviour>
      <ApplicationRelativeFilePath>../../src/eShop.Basket.Api/Configuration/CorsConfiguration.cs</ApplicationRelativeFilePath>
      <ProjectRelativeFilePath>CorsConfiguration.cs</ProjectRelativeFilePath>
      <IsIgnored>false</IsIgnored>
    </FileLog>
    <FileLog>
      <ProjectId>e2e5a91f-0340-4af8-9b98-b6d985efb7d7</ProjectId>
      <CorrelationId>Intent.AspNetCore.ProblemDetailsConfiguration#53783a63-570b-4e55-8bd1-0e9258ac4ed5</CorrelationId>
      <OverwriteBehaviour>always</OverwriteBehaviour>
      <ApplicationRelativeFilePath>../../src/eShop.Basket.Api/Configuration/ProblemDetailsConfiguration.cs</ApplicationRelativeFilePath>
      <ProjectRelativeFilePath>ProblemDetailsConfiguration.cs</ProjectRelativeFilePath>
      <IsIgnored>false</IsIgnored>
    </FileLog>
    <FileLog>
      <ProjectId>e2e5a91f-0340-4af8-9b98-b6d985efb7d7</ProjectId>
      <CorrelationId>Intent.AspNetCore.Swashbuckle.SwashbuckleConfiguration#1756089d-3d4d-4aec-83fe-4bbd5ea41ef0</CorrelationId>
      <OverwriteBehaviour>always</OverwriteBehaviour>
      <ApplicationRelativeFilePath>../../src/eShop.Basket.Api/Configuration/SwashbuckleConfiguration.cs</ApplicationRelativeFilePath>
      <ProjectRelativeFilePath>SwashbuckleConfiguration.cs</ProjectRelativeFilePath>
      <IsIgnored>false</IsIgnored>
    </FileLog>
    <FileLog>
      <ProjectId>53980c45-1d84-43a0-bfcc-60caeaa47bf5</ProjectId>
      <CorrelationId>Intent.AspNetCore.Controllers.Controller#aee6e6e6-4433-482a-8b51-3d83c4526244</CorrelationId>
      <OverwriteBehaviour>always</OverwriteBehaviour>
      <ApplicationRelativeFilePath>../../src/eShop.Basket.Api/Controllers/BasketController.cs</ApplicationRelativeFilePath>
      <ProjectRelativeFilePath>BasketController.cs</ProjectRelativeFilePath>
      <IsIgnored>false</IsIgnored>
    </FileLog>
    <FileLog>
      <ProjectId>4ec88c9f-61c9-4ac6-8915-84aad3a402d3</ProjectId>
      <CorrelationId>Intent.VisualStudio.Projects.CSharpProject#4ec88c9f-61c9-4ac6-8915-84aad3a402d3</CorrelationId>
      <OverwriteBehaviour>always</OverwriteBehaviour>
      <ApplicationRelativeFilePath>../../src/eShop.Basket.Api/eShop.Basket.Api.csproj</ApplicationRelativeFilePath>
      <ProjectRelativeFilePath>eShop.Basket.Api.csproj</ProjectRelativeFilePath>
      <IsIgnored>false</IsIgnored>
    </FileLog>
    <FileLog>
      <ProjectId>7af85ae6-7fa6-49a1-92e2-799320f28f32</ProjectId>
      <CorrelationId>Intent.AspNetCore.Swashbuckle.Security.AuthorizeCheckOperationFilter#7053c6f0-0d62-4897-b177-524496095598</CorrelationId>
      <OverwriteBehaviour>always</OverwriteBehaviour>
      <ApplicationRelativeFilePath>../../src/eShop.Basket.Api/Filters/AuthorizeCheckOperationFilter.cs</ApplicationRelativeFilePath>
      <ProjectRelativeFilePath>AuthorizeCheckOperationFilter.cs</ProjectRelativeFilePath>
      <IsIgnored>false</IsIgnored>
    </FileLog>
    <FileLog>
      <ProjectId>7af85ae6-7fa6-49a1-92e2-799320f28f32</ProjectId>
      <CorrelationId>Intent.AspNetCore.Controllers.ExceptionFilter#507246dc-c387-41d3-a11e-290b194eb993</CorrelationId>
      <OverwriteBehaviour>always</OverwriteBehaviour>
      <ApplicationRelativeFilePath>../../src/eShop.Basket.Api/Filters/ExceptionFilter.cs</ApplicationRelativeFilePath>
      <ProjectRelativeFilePath>ExceptionFilter.cs</ProjectRelativeFilePath>
      <IsIgnored>false</IsIgnored>
    </FileLog>
    <FileLog>
      <ProjectId>7af85ae6-7fa6-49a1-92e2-799320f28f32</ProjectId>
      <CorrelationId>Intent.AspNetCore.Swashbuckle.TypeSchemaFilter#cd436ff8-7c9d-4e3c-a231-47db1cda3660</CorrelationId>
      <OverwriteBehaviour>always</OverwriteBehaviour>
      <ApplicationRelativeFilePath>../../src/eShop.Basket.Api/Filters/TypeSchemaFilter.cs</ApplicationRelativeFilePath>
      <ProjectRelativeFilePath>TypeSchemaFilter.cs</ProjectRelativeFilePath>
      <IsIgnored>false</IsIgnored>
    </FileLog>
    <FileLog>
      <ProjectId>86dec320-d8ca-4404-b728-2199ce8aedbe</ProjectId>
      <CorrelationId>Intent.Modules.AspNetCore.Logging.Serilog.BoundedLoggingDestructuringPolicyTemplate#a79794fe-870f-4dbc-a774-7f5475ee33af</CorrelationId>
      <OverwriteBehaviour>always</OverwriteBehaviour>
      <ApplicationRelativeFilePath>../../src/eShop.Basket.Api/Logging/BoundedLoggingDestructuringPolicy.cs</ApplicationRelativeFilePath>
      <ProjectRelativeFilePath>BoundedLoggingDestructuringPolicy.cs</ProjectRelativeFilePath>
      <IsIgnored>false</IsIgnored>
    </FileLog>
    <FileLog>
      <ProjectId>4ec88c9f-61c9-4ac6-8915-84aad3a402d3</ProjectId>
      <CorrelationId>Intent.AspNetCore.Program#01957f6c-8391-4436-a919-5abd3e1e9cd5</CorrelationId>
      <OverwriteBehaviour>always</OverwriteBehaviour>
      <ApplicationRelativeFilePath>../../src/eShop.Basket.Api/Program.cs</ApplicationRelativeFilePath>
      <ProjectRelativeFilePath>Program.cs</ProjectRelativeFilePath>
      <IsIgnored>false</IsIgnored>
    </FileLog>
    <FileLog>
      <ProjectId>4ec88c9f-61c9-4ac6-8915-84aad3a402d3</ProjectId>
      <CorrelationId>Intent.VisualStudio.Projects.CoreWeb.LaunchSettings#4ec88c9f-61c9-4ac6-8915-84aad3a402d3</CorrelationId>
      <OverwriteBehaviour>always</OverwriteBehaviour>
      <ApplicationRelativeFilePath>../../src/eShop.Basket.Api/Properties/launchSettings.json</ApplicationRelativeFilePath>
      <ProjectRelativeFilePath>Properties/launchSettings.json</ProjectRelativeFilePath>
      <IsIgnored>false</IsIgnored>
    </FileLog>
    <FileLog>
      <ProjectId>aef3c547-4678-4fef-9c18-b329226d6523</ProjectId>
      <CorrelationId>Intent.Application.Identity.CurrentUserService#da9e9278-752a-4748-9af0-d18ffd4ff1e1</CorrelationId>
      <OverwriteBehaviour>always</OverwriteBehaviour>
      <ApplicationRelativeFilePath>../../src/eShop.Basket.Api/Services/CurrentUserService.cs</ApplicationRelativeFilePath>
      <ProjectRelativeFilePath>CurrentUserService.cs</ProjectRelativeFilePath>
      <IsIgnored>false</IsIgnored>
    </FileLog>
    <FileLog>
      <ProjectId>4ec88c9f-61c9-4ac6-8915-84aad3a402d3</ProjectId>
      <CorrelationId>Intent.AspNetCore.Startup#9c7e70dc-c330-4957-b61b-fad26b96bb34</CorrelationId>
      <OverwriteBehaviour>always</OverwriteBehaviour>
      <ApplicationRelativeFilePath>../../src/eShop.Basket.Api/Startup.cs</ApplicationRelativeFilePath>
      <ProjectRelativeFilePath>Startup.cs</ProjectRelativeFilePath>
      <IsIgnored>false</IsIgnored>
    </FileLog>
    <FileLog>
      <ProjectId>adf849f6-2e28-4c8f-8e84-e8a2e031951f</ProjectId>
      <CorrelationId>Intent.Eventing.Contracts.AssemblyAttributes#eb676612-9676-4888-ad1d-c83399e6f8ac</CorrelationId>
      <OverwriteBehaviour>always</OverwriteBehaviour>
      <ApplicationRelativeFilePath>../../src/eShop.Basket.Application/AssemblyAttributes.cs</ApplicationRelativeFilePath>
      <ProjectRelativeFilePath>AssemblyAttributes.cs</ProjectRelativeFilePath>
      <IsIgnored>false</IsIgnored>
    </FileLog>
    <FileLog>
      <ProjectId>01e168cf-cdf6-4da7-bc1c-cad72a13e437</ProjectId>
      <CorrelationId>Intent.Application.MediatR.FluentValidation.ValidationBehaviour#72ccf57a-75eb-4064-bdbc-be6d05be5d41</CorrelationId>
      <OverwriteBehaviour>always</OverwriteBehaviour>
      <ApplicationRelativeFilePath>../../src/eShop.Basket.Application/Common/Behaviours/ValidationBehaviour.cs</ApplicationRelativeFilePath>
      <ProjectRelativeFilePath>ValidationBehaviour.cs</ProjectRelativeFilePath>
      <IsIgnored>false</IsIgnored>
    </FileLog>
    <FileLog>
      <ProjectId>0b7917dd-dbda-4e88-a7ec-1fb498f4fae2</ProjectId>
      <CorrelationId>Intent.Eventing.Contracts.EventBusInterface#ac0accee-4c05-4149-bd1b-9be154931a5d</CorrelationId>
      <OverwriteBehaviour>always</OverwriteBehaviour>
      <ApplicationRelativeFilePath>../../src/eShop.Basket.Application/Common/Eventing/IEventBus.cs</ApplicationRelativeFilePath>
      <ProjectRelativeFilePath>IEventBus.cs</ProjectRelativeFilePath>
      <IsIgnored>false</IsIgnored>
    </FileLog>
    <FileLog>
      <ProjectId>0b7917dd-dbda-4e88-a7ec-1fb498f4fae2</ProjectId>
      <CorrelationId>Intent.Eventing.Contracts.IntegrationEventHandlerInterface#2f980cb8-8f4d-48de-9690-aca3012e9dd2</CorrelationId>
      <OverwriteBehaviour>always</OverwriteBehaviour>
      <ApplicationRelativeFilePath>../../src/eShop.Basket.Application/Common/Eventing/IIntegrationEventHandler.cs</ApplicationRelativeFilePath>
      <ProjectRelativeFilePath>IIntegrationEventHandler.cs</ProjectRelativeFilePath>
      <IsIgnored>false</IsIgnored>
    </FileLog>
    <FileLog>
      <ProjectId>7cabb4b0-5414-4680-8e9f-9bf03015eba2</ProjectId>
      <CorrelationId>Intent.Application.Identity.ForbiddenAccessException#c8c349f3-cb94-4857-83c7-c866eb45e310</CorrelationId>
      <OverwriteBehaviour>always</OverwriteBehaviour>
      <ApplicationRelativeFilePath>../../src/eShop.Basket.Application/Common/Exceptions/ForbiddenAccessException.cs</ApplicationRelativeFilePath>
      <ProjectRelativeFilePath>ForbiddenAccessException.cs</ProjectRelativeFilePath>
      <IsIgnored>false</IsIgnored>
    </FileLog>
    <FileLog>
      <ProjectId>3a01b396-3c1c-4044-a7eb-6584d830c5d0</ProjectId>
      <CorrelationId>Intent.Application.MediatR.CommandInterface#17b72ab1-1b84-4532-9592-563d2b19d5c8</CorrelationId>
      <OverwriteBehaviour>always</OverwriteBehaviour>
      <ApplicationRelativeFilePath>../../src/eShop.Basket.Application/Common/Interfaces/ICommand.cs</ApplicationRelativeFilePath>
      <ProjectRelativeFilePath>ICommand.cs</ProjectRelativeFilePath>
      <IsIgnored>false</IsIgnored>
    </FileLog>
    <FileLog>
      <ProjectId>3a01b396-3c1c-4044-a7eb-6584d830c5d0</ProjectId>
      <CorrelationId>Intent.Application.Identity.CurrentUserInterface#c0363541-5d77-4da4-9e56-29bff651c371</CorrelationId>
      <OverwriteBehaviour>always</OverwriteBehaviour>
      <ApplicationRelativeFilePath>../../src/eShop.Basket.Application/Common/Interfaces/ICurrentUser.cs</ApplicationRelativeFilePath>
      <ProjectRelativeFilePath>ICurrentUser.cs</ProjectRelativeFilePath>
      <IsIgnored>false</IsIgnored>
    </FileLog>
    <FileLog>
      <ProjectId>3a01b396-3c1c-4044-a7eb-6584d830c5d0</ProjectId>
      <CorrelationId>Intent.Application.Identity.CurrentUserServiceInterface#75a83585-5868-4839-a45f-bfa12f4f5ae6</CorrelationId>
      <OverwriteBehaviour>always</OverwriteBehaviour>
      <ApplicationRelativeFilePath>../../src/eShop.Basket.Application/Common/Interfaces/ICurrentUserService.cs</ApplicationRelativeFilePath>
      <ProjectRelativeFilePath>ICurrentUserService.cs</ProjectRelativeFilePath>
      <IsIgnored>false</IsIgnored>
    </FileLog>
    <FileLog>
      <ProjectId>3a01b396-3c1c-4044-a7eb-6584d830c5d0</ProjectId>
      <CorrelationId>Intent.Application.MediatR.QueryInterface#6d7068f1-fc9d-43c9-b045-c067d5d4441b</CorrelationId>
      <OverwriteBehaviour>always</OverwriteBehaviour>
      <ApplicationRelativeFilePath>../../src/eShop.Basket.Application/Common/Interfaces/IQuery.cs</ApplicationRelativeFilePath>
      <ProjectRelativeFilePath>IQuery.cs</ProjectRelativeFilePath>
      <IsIgnored>false</IsIgnored>
    </FileLog>
    <FileLog>
      <ProjectId>d387879f-18c0-48e8-bddb-7bfd130b1d90</ProjectId>
      <CorrelationId>Intent.Application.AutoMapper.MapFromInterface#217e654e-7d7e-466c-80b9-630f0633cc06</CorrelationId>
      <OverwriteBehaviour>always</OverwriteBehaviour>
      <ApplicationRelativeFilePath>../../src/eShop.Basket.Application/Common/Mappings/IMapFrom.cs</ApplicationRelativeFilePath>
      <ProjectRelativeFilePath>IMapFrom.cs</ProjectRelativeFilePath>
      <IsIgnored>false</IsIgnored>
    </FileLog>
    <FileLog>
      <ProjectId>d387879f-18c0-48e8-bddb-7bfd130b1d90</ProjectId>
      <CorrelationId>Intent.Application.AutoMapper.MappingProfile#e9d6c8b8-bcf4-4e4c-8b74-b8b43f632b4f</CorrelationId>
      <OverwriteBehaviour>always</OverwriteBehaviour>
      <ApplicationRelativeFilePath>../../src/eShop.Basket.Application/Common/Mappings/MappingProfile.cs</ApplicationRelativeFilePath>
      <ProjectRelativeFilePath>MappingProfile.cs</ProjectRelativeFilePath>
      <IsIgnored>false</IsIgnored>
    </FileLog>
    <FileLog>
      <ProjectId>172aa9d0-797a-412e-aaf5-acd332ef921d</ProjectId>
      <CorrelationId>Intent.Application.Identity.ResultModel#6d057f4d-d01b-48af-9d21-31da63d0cd4d</CorrelationId>
      <OverwriteBehaviour>always</OverwriteBehaviour>
      <ApplicationRelativeFilePath>../../src/eShop.Basket.Application/Common/Models/Result.cs</ApplicationRelativeFilePath>
      <ProjectRelativeFilePath>Result.cs</ProjectRelativeFilePath>
      <IsIgnored>false</IsIgnored>
    </FileLog>
    <FileLog>
      <ProjectId>59cc5a86-55d2-4681-ae44-6689c70554a5</ProjectId>
      <CorrelationId>Intent.Application.Dtos.Pagination.PagedResult#09f05303-7312-4262-9ecb-f72456c3ca5b</CorrelationId>
      <OverwriteBehaviour>always</OverwriteBehaviour>
      <ApplicationRelativeFilePath>../../src/eShop.Basket.Application/Common/Pagination/PagedResult.cs</ApplicationRelativeFilePath>
      <ProjectRelativeFilePath>PagedResult.cs</ProjectRelativeFilePath>
      <IsIgnored>false</IsIgnored>
    </FileLog>
    <FileLog>
      <ProjectId>59cc5a86-55d2-4681-ae44-6689c70554a5</ProjectId>
      <CorrelationId>Intent.Application.Dtos.Pagination.PagedResultMappingExtensions#91c7a0f8-153c-4e3b-9023-51b7eab8b2da</CorrelationId>
      <OverwriteBehaviour>always</OverwriteBehaviour>
      <ApplicationRelativeFilePath>../../src/eShop.Basket.Application/Common/Pagination/PagedResultMappingExtensions.cs</ApplicationRelativeFilePath>
      <ProjectRelativeFilePath>PagedResultMappingExtensions.cs</ProjectRelativeFilePath>
      <IsIgnored>false</IsIgnored>
    </FileLog>
    <FileLog>
      <ProjectId>0dbabb6b-42d6-41fa-a327-5c21428f2744</ProjectId>
      <CorrelationId>Intent.Application.Identity.AuthorizeAttribute#1924529d-cde0-449f-bb01-5cad06d55682</CorrelationId>
      <OverwriteBehaviour>always</OverwriteBehaviour>
      <ApplicationRelativeFilePath>../../src/eShop.Basket.Application/Common/Security/AuthorizeAttribute.cs</ApplicationRelativeFilePath>
      <ProjectRelativeFilePath>AuthorizeAttribute.cs</ProjectRelativeFilePath>
      <IsIgnored>false</IsIgnored>
    </FileLog>
    <FileLog>
      <ProjectId>985c0462-c1fe-49b7-8939-94772117b162</ProjectId>
      <CorrelationId>Intent.Application.FluentValidation.Dtos.ValidatorProviderInterface#db3f487f-f7a6-4997-abbb-0128fd2583a9</CorrelationId>
      <OverwriteBehaviour>always</OverwriteBehaviour>
      <ApplicationRelativeFilePath>../../src/eShop.Basket.Application/Common/Validation/IValidatorProvider.cs</ApplicationRelativeFilePath>
      <ProjectRelativeFilePath>IValidatorProvider.cs</ProjectRelativeFilePath>
      <IsIgnored>false</IsIgnored>
    </FileLog>
    <FileLog>
      <ProjectId>985c0462-c1fe-49b7-8939-94772117b162</ProjectId>
      <CorrelationId>Intent.Application.FluentValidation.Dtos.ValidatorProvider#98c55507-4a52-4a93-827b-c576599a3843</CorrelationId>
      <OverwriteBehaviour>always</OverwriteBehaviour>
      <ApplicationRelativeFilePath>../../src/eShop.Basket.Application/Common/Validation/ValidatorProvider.cs</ApplicationRelativeFilePath>
      <ProjectRelativeFilePath>ValidatorProvider.cs</ProjectRelativeFilePath>
      <IsIgnored>false</IsIgnored>
    </FileLog>
    <FileLog>
      <ProjectId>adf849f6-2e28-4c8f-8e84-e8a2e031951f</ProjectId>
      <CorrelationId>Intent.Application.Dtos.DtoModel#2a66de24-ad38-4b97-899f-db1c3c9910b9</CorrelationId>
      <OverwriteBehaviour>always</OverwriteBehaviour>
      <ApplicationRelativeFilePath>../../src/eShop.Basket.Application/CustomerBaskets/BasketCheckoutDto.cs</ApplicationRelativeFilePath>
      <ProjectRelativeFilePath>CustomerBaskets/BasketCheckoutDto.cs</ProjectRelativeFilePath>
      <IsIgnored>false</IsIgnored>
    </FileLog>
    <FileLog>
      <ProjectId>adf849f6-2e28-4c8f-8e84-e8a2e031951f</ProjectId>
      <CorrelationId>Intent.Application.Dtos.DtoModel#cd639556-6b4e-4e8e-acb7-5468c696af3c</CorrelationId>
      <OverwriteBehaviour>always</OverwriteBehaviour>
      <ApplicationRelativeFilePath>../../src/eShop.Basket.Application/CustomerBaskets/BasketDto.cs</ApplicationRelativeFilePath>
      <ProjectRelativeFilePath>CustomerBaskets/BasketDto.cs</ProjectRelativeFilePath>
      <IsIgnored>false</IsIgnored>
    </FileLog>
    <FileLog>
      <ProjectId>adf849f6-2e28-4c8f-8e84-e8a2e031951f</ProjectId>
      <CorrelationId>Intent.Application.Dtos.AutoMapper.MappingExtensions#cd639556-6b4e-4e8e-acb7-5468c696af3c</CorrelationId>
      <OverwriteBehaviour>always</OverwriteBehaviour>
      <ApplicationRelativeFilePath>../../src/eShop.Basket.Application/CustomerBaskets/BasketDtoMappingExtensions.cs</ApplicationRelativeFilePath>
      <ProjectRelativeFilePath>CustomerBaskets/BasketDtoMappingExtensions.cs</ProjectRelativeFilePath>
      <IsIgnored>false</IsIgnored>
    </FileLog>
    <FileLog>
      <ProjectId>adf849f6-2e28-4c8f-8e84-e8a2e031951f</ProjectId>
      <CorrelationId>Intent.Application.FluentValidation.Dtos.DTOValidator#cd639556-6b4e-4e8e-acb7-5468c696af3c</CorrelationId>
      <OverwriteBehaviour>always</OverwriteBehaviour>
      <ApplicationRelativeFilePath>../../src/eShop.Basket.Application/CustomerBaskets/BasketDtoValidator.cs</ApplicationRelativeFilePath>
      <ProjectRelativeFilePath>CustomerBaskets/BasketDtoValidator.cs</ProjectRelativeFilePath>
      <IsIgnored>false</IsIgnored>
    </FileLog>
    <FileLog>
      <ProjectId>adf849f6-2e28-4c8f-8e84-e8a2e031951f</ProjectId>
      <CorrelationId>Intent.Application.Dtos.DtoModel#bfdddf1f-8e11-4bb9-93e8-aa5589c160b3</CorrelationId>
      <OverwriteBehaviour>always</OverwriteBehaviour>
      <ApplicationRelativeFilePath>../../src/eShop.Basket.Application/CustomerBaskets/BasketItemDto.cs</ApplicationRelativeFilePath>
      <ProjectRelativeFilePath>CustomerBaskets/BasketItemDto.cs</ProjectRelativeFilePath>
      <IsIgnored>false</IsIgnored>
    </FileLog>
    <FileLog>
      <ProjectId>adf849f6-2e28-4c8f-8e84-e8a2e031951f</ProjectId>
      <CorrelationId>Intent.Application.Dtos.AutoMapper.MappingExtensions#bfdddf1f-8e11-4bb9-93e8-aa5589c160b3</CorrelationId>
      <OverwriteBehaviour>always</OverwriteBehaviour>
      <ApplicationRelativeFilePath>../../src/eShop.Basket.Application/CustomerBaskets/BasketItemDtoMappingExtensions.cs</ApplicationRelativeFilePath>
      <ProjectRelativeFilePath>CustomerBaskets/BasketItemDtoMappingExtensions.cs</ProjectRelativeFilePath>
      <IsIgnored>false</IsIgnored>
    </FileLog>
    <FileLog>
      <ProjectId>adf849f6-2e28-4c8f-8e84-e8a2e031951f</ProjectId>
      <CorrelationId>Intent.Application.FluentValidation.Dtos.DTOValidator#bfdddf1f-8e11-4bb9-93e8-aa5589c160b3</CorrelationId>
      <OverwriteBehaviour>always</OverwriteBehaviour>
      <ApplicationRelativeFilePath>../../src/eShop.Basket.Application/CustomerBaskets/BasketItemDtoValidator.cs</ApplicationRelativeFilePath>
      <ProjectRelativeFilePath>CustomerBaskets/BasketItemDtoValidator.cs</ProjectRelativeFilePath>
      <IsIgnored>false</IsIgnored>
    </FileLog>
    <FileLog>
      <ProjectId>adf849f6-2e28-4c8f-8e84-e8a2e031951f</ProjectId>
      <CorrelationId>Intent.Application.DependencyInjection.DependencyInjection#d10152ee-ec57-43c3-b428-e02e43e72e93</CorrelationId>
      <OverwriteBehaviour>always</OverwriteBehaviour>
      <ApplicationRelativeFilePath>../../src/eShop.Basket.Application/DependencyInjection.cs</ApplicationRelativeFilePath>
      <ProjectRelativeFilePath>DependencyInjection.cs</ProjectRelativeFilePath>
      <IsIgnored>false</IsIgnored>
    </FileLog>
    <FileLog>
      <ProjectId>adf849f6-2e28-4c8f-8e84-e8a2e031951f</ProjectId>
      <CorrelationId>Intent.VisualStudio.Projects.CSharpProject#adf849f6-2e28-4c8f-8e84-e8a2e031951f</CorrelationId>
      <OverwriteBehaviour>always</OverwriteBehaviour>
      <ApplicationRelativeFilePath>../../src/eShop.Basket.Application/eShop.Basket.Application.csproj</ApplicationRelativeFilePath>
      <ProjectRelativeFilePath>eShop.Basket.Application.csproj</ProjectRelativeFilePath>
      <IsIgnored>false</IsIgnored>
    </FileLog>
    <FileLog>
      <ProjectId>315b03c5-94c1-4fc5-ae8c-bdc1e3be3840</ProjectId>
      <CorrelationId>Intent.Application.ServiceImplementations.ServiceImplementation#aee6e6e6-4433-482a-8b51-3d83c4526244</CorrelationId>
      <OverwriteBehaviour>always</OverwriteBehaviour>
      <ApplicationRelativeFilePath>../../src/eShop.Basket.Application/Implementation/BasketService.cs</ApplicationRelativeFilePath>
      <ProjectRelativeFilePath>BasketService.cs</ProjectRelativeFilePath>
      <IsIgnored>false</IsIgnored>
    </FileLog>
    <FileLog>
      <ProjectId>ac954633-2b4f-49d5-b8bf-dff12c424191</ProjectId>
      <CorrelationId>Intent.Eventing.Contracts.IntegrationEventDto#a7b32795-65de-43cb-b5f8-0fd3442780f3</CorrelationId>
      <OverwriteBehaviour>always</OverwriteBehaviour>
      <ApplicationRelativeFilePath>../../src/eShop.Basket.Application/IntegrationEvents/BasketItem.cs</ApplicationRelativeFilePath>
      <ProjectRelativeFilePath>BasketItem.cs</ProjectRelativeFilePath>
      <IsIgnored>false</IsIgnored>
    </FileLog>
    <FileLog>
      <ProjectId>ac954633-2b4f-49d5-b8bf-dff12c424191</ProjectId>
      <CorrelationId>Intent.Eventing.Contracts.IntegrationEventDto#ff0e06a3-bce8-4ae7-95bd-87651a5e3ad6</CorrelationId>
      <OverwriteBehaviour>always</OverwriteBehaviour>
      <ApplicationRelativeFilePath>../../src/eShop.Basket.Application/IntegrationEvents/CustomerBasket.cs</ApplicationRelativeFilePath>
      <ProjectRelativeFilePath>CustomerBasket.cs</ProjectRelativeFilePath>
      <IsIgnored>false</IsIgnored>
    </FileLog>
    <FileLog>
      <ProjectId>0333b4b4-5766-4a8c-aa78-389e32c79709</ProjectId>
      <CorrelationId>Intent.Eventing.MassTransit.IntegrationEventHandler#c85b74ed-98a3-42d7-b655-46cff6542971</CorrelationId>
      <OverwriteBehaviour>always</OverwriteBehaviour>
      <ApplicationRelativeFilePath>../../src/eShop.Basket.Application/IntegrationEvents/EventHandlers/OrderStartedIntegrationEventHandler.cs</ApplicationRelativeFilePath>
      <ProjectRelativeFilePath>OrderStartedIntegrationEventHandler.cs</ProjectRelativeFilePath>
      <IsIgnored>false</IsIgnored>
    </FileLog>
    <FileLog>
      <ProjectId>0333b4b4-5766-4a8c-aa78-389e32c79709</ProjectId>
      <CorrelationId>Intent.Eventing.MassTransit.IntegrationEventHandler#a1cfd4f7-79d7-43c0-8d6e-dbd50e81c8b5</CorrelationId>
      <OverwriteBehaviour>always</OverwriteBehaviour>
      <ApplicationRelativeFilePath>../../src/eShop.Basket.Application/IntegrationEvents/EventHandlers/UserCheckoutAcceptedIntegrationEventHandler.cs</ApplicationRelativeFilePath>
      <ProjectRelativeFilePath>UserCheckoutAcceptedIntegrationEventHandler.cs</ProjectRelativeFilePath>
      <IsIgnored>false</IsIgnored>
    </FileLog>
    <FileLog>
      <ProjectId>ac954633-2b4f-49d5-b8bf-dff12c424191</ProjectId>
      <CorrelationId>Intent.Eventing.Contracts.IntegrationEventMessage#038ac4a1-40f7-43d8-8880-5c3977fae015</CorrelationId>
      <OverwriteBehaviour>always</OverwriteBehaviour>
      <ApplicationRelativeFilePath>../../src/eShop.Basket.Application/IntegrationEvents/OrderStartedIntegrationEvent.cs</ApplicationRelativeFilePath>
      <ProjectRelativeFilePath>OrderStartedIntegrationEvent.cs</ProjectRelativeFilePath>
      <IsIgnored>false</IsIgnored>
    </FileLog>
    <FileLog>
      <ProjectId>ac954633-2b4f-49d5-b8bf-dff12c424191</ProjectId>
      <CorrelationId>Intent.Eventing.Contracts.IntegrationEventMessage#fd737b53-48a3-4f40-bd71-add404369a46</CorrelationId>
      <OverwriteBehaviour>always</OverwriteBehaviour>
      <ApplicationRelativeFilePath>../../src/eShop.Basket.Application/IntegrationEvents/UserCheckoutAcceptedIntegrationEvent.cs</ApplicationRelativeFilePath>
      <ProjectRelativeFilePath>UserCheckoutAcceptedIntegrationEvent.cs</ProjectRelativeFilePath>
      <IsIgnored>false</IsIgnored>
    </FileLog>
    <FileLog>
      <ProjectId>278f505c-6f07-4a9e-aa4a-9d531e06677f</ProjectId>
      <CorrelationId>Intent.Application.Contracts.ServiceContract#aee6e6e6-4433-482a-8b51-3d83c4526244</CorrelationId>
      <OverwriteBehaviour>always</OverwriteBehaviour>
      <ApplicationRelativeFilePath>../../src/eShop.Basket.Application/Interfaces/IBasketService.cs</ApplicationRelativeFilePath>
      <ProjectRelativeFilePath>IBasketService.cs</ProjectRelativeFilePath>
      <IsIgnored>false</IsIgnored>
    </FileLog>
    <FileLog>
      <ProjectId>adf849f6-2e28-4c8f-8e84-e8a2e031951f</ProjectId>
      <CorrelationId>Intent.Application.FluentValidation.Dtos.ValidationServiceInterface#89a23327-599c-4083-b0f7-1f6ba059e1b6</CorrelationId>
      <OverwriteBehaviour>always</OverwriteBehaviour>
      <ApplicationRelativeFilePath>../../src/eShop.Basket.Application/IValidationService.cs</ApplicationRelativeFilePath>
      <ProjectRelativeFilePath>IValidationService.cs</ProjectRelativeFilePath>
      <IsIgnored>false</IsIgnored>
    </FileLog>
    <FileLog>
      <ProjectId>adf849f6-2e28-4c8f-8e84-e8a2e031951f</ProjectId>
      <CorrelationId>Intent.Application.FluentValidation.Dtos.ValidationService#9d3f582e-8224-4954-9328-5d6c27ccd6bb</CorrelationId>
      <OverwriteBehaviour>always</OverwriteBehaviour>
      <ApplicationRelativeFilePath>../../src/eShop.Basket.Application/ValidationService.cs</ApplicationRelativeFilePath>
      <ProjectRelativeFilePath>ValidationService.cs</ProjectRelativeFilePath>
      <IsIgnored>false</IsIgnored>
    </FileLog>
    <FileLog>
      <ProjectId>78e647b9-2915-4f09-b91f-fa36af550b7d</ProjectId>
      <CorrelationId>Intent.Entities.CollectionExtensions#c491bd42-b1db-4866-af35-e703534d8cce</CorrelationId>
      <OverwriteBehaviour>always</OverwriteBehaviour>
      <ApplicationRelativeFilePath>../../src/eShop.Basket.Domain/Common/CollectionExtensions.cs</ApplicationRelativeFilePath>
      <ProjectRelativeFilePath>CollectionExtensions.cs</ProjectRelativeFilePath>
      <IsIgnored>false</IsIgnored>
    </FileLog>
    <FileLog>
      <ProjectId>acd45d1c-dac6-4cd0-8e2f-be2e89fe14ae</ProjectId>
      <CorrelationId>Intent.Entities.NotFoundException#9d704a59-2719-4db3-acd6-d8ccc96bf3d7</CorrelationId>
      <OverwriteBehaviour>always</OverwriteBehaviour>
      <ApplicationRelativeFilePath>../../src/eShop.Basket.Domain/Common/Exceptions/NotFoundException.cs</ApplicationRelativeFilePath>
      <ProjectRelativeFilePath>NotFoundException.cs</ProjectRelativeFilePath>
      <IsIgnored>false</IsIgnored>
    </FileLog>
    <FileLog>
      <ProjectId>c4c85d4d-1c0e-48aa-8b2d-dc7c3b077667</ProjectId>
      <CorrelationId>Intent.MongoDb.MongoDbUnitOfWorkInterface#b8d5bf03-7998-430f-9bcb-777baf64b023</CorrelationId>
      <OverwriteBehaviour>always</OverwriteBehaviour>
      <ApplicationRelativeFilePath>../../src/eShop.Basket.Domain/Common/Interfaces/IMongoDbUnitOfWork.cs</ApplicationRelativeFilePath>
      <ProjectRelativeFilePath>IMongoDbUnitOfWork.cs</ProjectRelativeFilePath>
      <IsIgnored>false</IsIgnored>
    </FileLog>
    <FileLog>
      <ProjectId>c4c85d4d-1c0e-48aa-8b2d-dc7c3b077667</ProjectId>
      <CorrelationId>Intent.Entities.Repositories.Api.UnitOfWorkInterface#3acc474b-abb7-47f4-8f27-f2f9a1064622</CorrelationId>
      <OverwriteBehaviour>always</OverwriteBehaviour>
      <ApplicationRelativeFilePath>../../src/eShop.Basket.Domain/Common/Interfaces/IUnitOfWork.cs</ApplicationRelativeFilePath>
      <ProjectRelativeFilePath>IUnitOfWork.cs</ProjectRelativeFilePath>
      <IsIgnored>false</IsIgnored>
    </FileLog>
    <FileLog>
      <ProjectId>78e647b9-2915-4f09-b91f-fa36af550b7d</ProjectId>
      <CorrelationId>Intent.Entities.UpdateHelper#a1870c44-6fcb-45df-9308-d5547fb0982c</CorrelationId>
      <OverwriteBehaviour>always</OverwriteBehaviour>
      <ApplicationRelativeFilePath>../../src/eShop.Basket.Domain/Common/UpdateHelper.cs</ApplicationRelativeFilePath>
      <ProjectRelativeFilePath>UpdateHelper.cs</ProjectRelativeFilePath>
      <IsIgnored>false</IsIgnored>
    </FileLog>
    <FileLog>
      <ProjectId>59ad4043-9073-4f5b-bd36-b63c5641cd9c</ProjectId>
      <CorrelationId>Intent.Entities.DomainEntity#2c04db2d-fbb8-4175-ba80-f623a5ca9e0e</CorrelationId>
      <OverwriteBehaviour>always</OverwriteBehaviour>
      <ApplicationRelativeFilePath>../../src/eShop.Basket.Domain/Entities/BasketItem.cs</ApplicationRelativeFilePath>
      <ProjectRelativeFilePath>BasketItem.cs</ProjectRelativeFilePath>
      <IsIgnored>false</IsIgnored>
    </FileLog>
    <FileLog>
      <ProjectId>59ad4043-9073-4f5b-bd36-b63c5641cd9c</ProjectId>
      <CorrelationId>Intent.Entities.DomainEntity#09d6cad2-e555-47ba-9c4f-9b0705455f62</CorrelationId>
      <OverwriteBehaviour>always</OverwriteBehaviour>
      <ApplicationRelativeFilePath>../../src/eShop.Basket.Domain/Entities/CustomerBasket.cs</ApplicationRelativeFilePath>
      <ProjectRelativeFilePath>CustomerBasket.cs</ProjectRelativeFilePath>
      <IsIgnored>false</IsIgnored>
    </FileLog>
    <FileLog>
      <ProjectId>2852db3c-b54f-44b0-897b-29fa467a835a</ProjectId>
      <CorrelationId>Intent.VisualStudio.Projects.CSharpProject#2852db3c-b54f-44b0-897b-29fa467a835a</CorrelationId>
      <OverwriteBehaviour>always</OverwriteBehaviour>
      <ApplicationRelativeFilePath>../../src/eShop.Basket.Domain/eShop.Basket.Domain.csproj</ApplicationRelativeFilePath>
      <ProjectRelativeFilePath>eShop.Basket.Domain.csproj</ProjectRelativeFilePath>
      <IsIgnored>false</IsIgnored>
    </FileLog>
    <FileLog>
      <ProjectId>ee3ba25c-c4d2-4190-a937-1f8bb55ae056</ProjectId>
      <CorrelationId>Intent.Entities.Repositories.Api.EntityRepositoryInterface#09d6cad2-e555-47ba-9c4f-9b0705455f62</CorrelationId>
      <OverwriteBehaviour>always</OverwriteBehaviour>
      <ApplicationRelativeFilePath>../../src/eShop.Basket.Domain/Repositories/ICustomerBasketRepository.cs</ApplicationRelativeFilePath>
      <ProjectRelativeFilePath>ICustomerBasketRepository.cs</ProjectRelativeFilePath>
      <IsIgnored>false</IsIgnored>
    </FileLog>
    <FileLog>
      <ProjectId>ee3ba25c-c4d2-4190-a937-1f8bb55ae056</ProjectId>
      <CorrelationId>Intent.MongoDb.MongoDbRepositoryInterface#3f71594f-4f01-41d0-b88b-82ff600abe3e</CorrelationId>
      <OverwriteBehaviour>always</OverwriteBehaviour>
      <ApplicationRelativeFilePath>../../src/eShop.Basket.Domain/Repositories/IMongoRepository.cs</ApplicationRelativeFilePath>
      <ProjectRelativeFilePath>IMongoRepository.cs</ProjectRelativeFilePath>
      <IsIgnored>false</IsIgnored>
    </FileLog>
    <FileLog>
      <ProjectId>ee3ba25c-c4d2-4190-a937-1f8bb55ae056</ProjectId>
      <CorrelationId>Intent.Entities.Repositories.Api.PagedListInterface#b694e2ed-63a4-4e9e-9229-63c6beb4802b</CorrelationId>
      <OverwriteBehaviour>always</OverwriteBehaviour>
      <ApplicationRelativeFilePath>../../src/eShop.Basket.Domain/Repositories/IPagedList.cs</ApplicationRelativeFilePath>
      <ProjectRelativeFilePath>IPagedList.cs</ProjectRelativeFilePath>
      <IsIgnored>false</IsIgnored>
    </FileLog>
    <FileLog>
      <ProjectId>ee3ba25c-c4d2-4190-a937-1f8bb55ae056</ProjectId>
      <CorrelationId>Intent.Entities.Repositories.Api.RepositoryInterface#7fd868d6-0d55-4b0f-bd33-e7c113a00733</CorrelationId>
      <OverwriteBehaviour>always</OverwriteBehaviour>
      <ApplicationRelativeFilePath>../../src/eShop.Basket.Domain/Repositories/IRepository.cs</ApplicationRelativeFilePath>
      <ProjectRelativeFilePath>IRepository.cs</ProjectRelativeFilePath>
      <IsIgnored>false</IsIgnored>
    </FileLog>
    <FileLog>
      <ProjectId>d537cd78-9d22-4c8a-8dd9-8a7adb7853b3</ProjectId>
      <CorrelationId>Intent.Eventing.MassTransit.MassTransitConfiguration#1294cd44-c227-4281-9fe5-9687afe15598</CorrelationId>
      <OverwriteBehaviour>always</OverwriteBehaviour>
      <ApplicationRelativeFilePath>../../src/eShop.Basket.Infrastructure/Configuration/MassTransitConfiguration.cs</ApplicationRelativeFilePath>
      <ProjectRelativeFilePath>MassTransitConfiguration.cs</ProjectRelativeFilePath>
      <IsIgnored>false</IsIgnored>
    </FileLog>
    <FileLog>
      <ProjectId>d537cd78-9d22-4c8a-8dd9-8a7adb7853b3</ProjectId>
      <CorrelationId>Intent.MongoDb.MongoConfigurationExtensions#e9a460d7-31e5-4ed1-9ecc-dd343fdeb3f0</CorrelationId>
      <OverwriteBehaviour>always</OverwriteBehaviour>
      <ApplicationRelativeFilePath>../../src/eShop.Basket.Infrastructure/Configuration/MongoConfigurationExtensions.cs</ApplicationRelativeFilePath>
      <ProjectRelativeFilePath>MongoConfigurationExtensions.cs</ProjectRelativeFilePath>
      <IsIgnored>false</IsIgnored>
    </FileLog>
    <FileLog>
      <ProjectId>7a89088a-1def-4baf-9d7e-6d4a66efde5e</ProjectId>
      <CorrelationId>Intent.Infrastructure.DependencyInjection.DependencyInjection#abcf198a-a833-49eb-914b-fc709f2240b0</CorrelationId>
      <OverwriteBehaviour>always</OverwriteBehaviour>
      <ApplicationRelativeFilePath>../../src/eShop.Basket.Infrastructure/DependencyInjection.cs</ApplicationRelativeFilePath>
      <ProjectRelativeFilePath>DependencyInjection.cs</ProjectRelativeFilePath>
      <IsIgnored>false</IsIgnored>
    </FileLog>
    <FileLog>
      <ProjectId>7a89088a-1def-4baf-9d7e-6d4a66efde5e</ProjectId>
      <CorrelationId>Intent.VisualStudio.Projects.CSharpProject#7a89088a-1def-4baf-9d7e-6d4a66efde5e</CorrelationId>
      <OverwriteBehaviour>always</OverwriteBehaviour>
      <ApplicationRelativeFilePath>../../src/eShop.Basket.Infrastructure/eShop.Basket.Infrastructure.csproj</ApplicationRelativeFilePath>
      <ProjectRelativeFilePath>eShop.Basket.Infrastructure.csproj</ProjectRelativeFilePath>
      <IsIgnored>false</IsIgnored>
    </FileLog>
    <FileLog>
      <ProjectId>3b361c08-3b78-44a7-aec6-18da07edaa56</ProjectId>
      <CorrelationId>Intent.Eventing.MassTransit.IntegrationEventConsumer#eb7b9913-fa8c-40d0-8e0a-b400ea9f65ca</CorrelationId>
      <OverwriteBehaviour>always</OverwriteBehaviour>
      <ApplicationRelativeFilePath>../../src/eShop.Basket.Infrastructure/Eventing/IntegrationEventConsumer.cs</ApplicationRelativeFilePath>
      <ProjectRelativeFilePath>IntegrationEventConsumer.cs</ProjectRelativeFilePath>
      <IsIgnored>false</IsIgnored>
    </FileLog>
    <FileLog>
      <ProjectId>3b361c08-3b78-44a7-aec6-18da07edaa56</ProjectId>
      <CorrelationId>Intent.Eventing.MassTransit.MassTransitEventBus#3d38fa82-336c-4651-bc46-cdab934638a4</CorrelationId>
      <OverwriteBehaviour>always</OverwriteBehaviour>
      <ApplicationRelativeFilePath>../../src/eShop.Basket.Infrastructure/Eventing/MassTransitEventBus.cs</ApplicationRelativeFilePath>
      <ProjectRelativeFilePath>MassTransitEventBus.cs</ProjectRelativeFilePath>
      <IsIgnored>false</IsIgnored>
    </FileLog>
    <FileLog>
      <ProjectId>5f1680b2-c2a8-4211-a86d-dc954b3a4b44</ProjectId>
      <CorrelationId>Intent.MongoDb.MongoDbMapping#09d6cad2-e555-47ba-9c4f-9b0705455f62</CorrelationId>
      <OverwriteBehaviour>always</OverwriteBehaviour>
      <ApplicationRelativeFilePath>../../src/eShop.Basket.Infrastructure/Persistence/Mappings/CustomerBasketMapping.cs</ApplicationRelativeFilePath>
      <ProjectRelativeFilePath>CustomerBasketMapping.cs</ProjectRelativeFilePath>
      <IsIgnored>false</IsIgnored>
    </FileLog>
    <FileLog>
      <ProjectId>5f1680b2-c2a8-4211-a86d-dc954b3a4b44</ProjectId>
      <CorrelationId>Intent.MongoDb.MongoMappingConfigurationInterface#701b437f-928f-4fd5-9785-8390ef3dda39</CorrelationId>
      <OverwriteBehaviour>always</OverwriteBehaviour>
      <ApplicationRelativeFilePath>../../src/eShop.Basket.Infrastructure/Persistence/Mappings/IMongoMappingConfiguration.cs</ApplicationRelativeFilePath>
      <ProjectRelativeFilePath>IMongoMappingConfiguration.cs</ProjectRelativeFilePath>
      <IsIgnored>false</IsIgnored>
    </FileLog>
    <FileLog>
      <ProjectId>f94c0102-444c-4d0c-aabd-dd24f45d2dd6</ProjectId>
      <CorrelationId>Intent.MongoDb.MongoDbUnitOfWork#55b0c792-1d08-4c5f-a2ff-2ee826a3889b</CorrelationId>
      <OverwriteBehaviour>always</OverwriteBehaviour>
      <ApplicationRelativeFilePath>../../src/eShop.Basket.Infrastructure/Persistence/MongoDbUnitOfWork.cs</ApplicationRelativeFilePath>
      <ProjectRelativeFilePath>MongoDbUnitOfWork.cs</ProjectRelativeFilePath>
      <IsIgnored>false</IsIgnored>
    </FileLog>
    <FileLog>
      <ProjectId>8550346b-643a-4b0f-bbb5-38255fc7a09d</ProjectId>
      <CorrelationId>Intent.MongoDb.MongoDbRepository#09d6cad2-e555-47ba-9c4f-9b0705455f62</CorrelationId>
      <OverwriteBehaviour>always</OverwriteBehaviour>
      <ApplicationRelativeFilePath>../../src/eShop.Basket.Infrastructure/Repositories/CustomerBasketMongoRepository.cs</ApplicationRelativeFilePath>
      <ProjectRelativeFilePath>CustomerBasketMongoRepository.cs</ProjectRelativeFilePath>
      <IsIgnored>false</IsIgnored>
    </FileLog>
    <FileLog>
      <ProjectId>8550346b-643a-4b0f-bbb5-38255fc7a09d</ProjectId>
      <CorrelationId>Intent.MongoDb.MongoDbPagedList#20a184c1-df4d-40fa-aaef-e219189ad6ea</CorrelationId>
      <OverwriteBehaviour>always</OverwriteBehaviour>
      <ApplicationRelativeFilePath>../../src/eShop.Basket.Infrastructure/Repositories/MongoPagedList.cs</ApplicationRelativeFilePath>
      <ProjectRelativeFilePath>MongoPagedList.cs</ProjectRelativeFilePath>
      <IsIgnored>false</IsIgnored>
    </FileLog>
    <FileLog>
      <ProjectId>8550346b-643a-4b0f-bbb5-38255fc7a09d</ProjectId>
      <CorrelationId>Intent.MongoDb.MongoDbRepositoryBase#7ea2d904-c83c-42d5-a5ff-f0adf74321be</CorrelationId>
      <OverwriteBehaviour>always</OverwriteBehaviour>
      <ApplicationRelativeFilePath>../../src/eShop.Basket.Infrastructure/Repositories/MongoRepositoryBase.cs</ApplicationRelativeFilePath>
      <ProjectRelativeFilePath>MongoRepositoryBase.cs</ProjectRelativeFilePath>
      <IsIgnored>false</IsIgnored>
    </FileLog>
    <FileLog>
      <CorrelationId>Intent.VisualStudio.Projects.VisualStudioSolution#4ab14b4f-9dc9-4b86-920d-7c3336e3b1e5</CorrelationId>
      <OverwriteBehaviour>always</OverwriteBehaviour>
      <ApplicationRelativeFilePath>../../src/eShop.Sample.sln</ApplicationRelativeFilePath>
      <IsIgnored>false</IsIgnored>
    </FileLog>
  </FileLogs>
</outputLog>